INFO-FLOW: Workspace D:/project_1/custom_ips/color_convert/solution1 opened at Fri Oct 11 11:33:36 +0330 2019
Execute     config_clock -quiet -name default -period 7 -default=false 
INFO: [SYN 201-201] Setting up clock 'default' with a period of 7ns.
Execute     config_clock -quiet -name control -period 10 -default=false 
INFO: [SYN 201-201] Setting up clock 'control' with a period of 10ns.
Execute     open_platform DefaultPlatform 
Execute     import_lib D:/Xilinx/Vivado/2018.2/common/technology/xilinx/zynquplus/zynquplus 
Execute       source D:/Xilinx/Vivado/2018.2/common/technology/xilinx/common/xilinx.lib 
Execute         source D:/Xilinx/Vivado/2018.2/common/technology/xilinx/interface/xilinx_interface.lib 
Execute           source D:/Xilinx/Vivado/2018.2/common/technology/xilinx/interface/plb46.lib 
Execute           source D:/Xilinx/Vivado/2018.2/common/technology/xilinx/interface/fsl.lib 
Execute           source D:/Xilinx/Vivado/2018.2/common/technology/xilinx/interface/axi4.lib 
Execute           source D:/Xilinx/Vivado/2018.2/common/technology/xilinx/interface/maxi.lib 
Execute           source D:/Xilinx/Vivado/2018.2/common/technology/xilinx/interface/saxilite.lib 
Execute         source D:/Xilinx/Vivado/2018.2/common/technology/xilinx/common/dsp48.lib 
Execute         source D:/Xilinx/Vivado/2018.2/common/technology/xilinx/ip/dds_compiler.lib 
Execute         source D:/Xilinx/Vivado/2018.2/common/technology/xilinx/ip/xfft.lib 
Execute         source D:/Xilinx/Vivado/2018.2/common/technology/xilinx/ip/xfir.lib 
Command       ap_source done; 0.168 sec.
Execute       source D:/Xilinx/Vivado/2018.2/common/technology/xilinx/common/xilinx_old.lib 
Execute       source D:/Xilinx/Vivado/2018.2/common/technology/xilinx/common/xilinx_vivado.lib 
Execute       source D:/Xilinx/Vivado/2018.2/common/technology/xilinx/common/xilinx.hlp 
Execute         source D:/Xilinx/Vivado/2018.2/common/technology/xilinx/common/target_info.tcl 
Execute         source D:/Xilinx/Vivado/2018.2/common/technology/xilinx/interface/xilinx_interface.hlp 
Execute           source D:/Xilinx/Vivado/2018.2/common/technology/xilinx/interface/maxi.hlp 
Execute           source D:/Xilinx/Vivado/2018.2/common/technology/xilinx/interface/saxilite.hlp 
Execute         source D:/Xilinx/Vivado/2018.2/common/technology/xilinx/common/dsp48.hlp 
Command       ap_source done; 0.176 sec.
Execute       source D:/Xilinx/Vivado/2018.2/common/technology/xilinx/zynquplus/dsp48e2.hlp 
Execute       get_default_platform 
Execute       config_chip_info -quiet -resource  {SLICE 34260} {LUT 274080}   {FF 548160}  {DSP48E 2520}  {BRAM 1824} {URAM 0}  
Execute       config_chip_info -quiet -speed medium 
Execute       source D:/Xilinx/Vivado/2018.2/common/technology/xilinx/common/xilinx.hlp 
Execute         source D:/Xilinx/Vivado/2018.2/common/technology/xilinx/common/target_info.tcl 
Execute         source D:/Xilinx/Vivado/2018.2/common/technology/xilinx/interface/xilinx_interface.hlp 
Execute           source D:/Xilinx/Vivado/2018.2/common/technology/xilinx/interface/maxi.hlp 
Execute           source D:/Xilinx/Vivado/2018.2/common/technology/xilinx/interface/saxilite.hlp 
Execute         source D:/Xilinx/Vivado/2018.2/common/technology/xilinx/common/dsp48.hlp 
Command     import_lib done; 0.472 sec.
Execute     source D:/Xilinx/Vivado/2018.2/common/technology/xilinx/zynquplus/zynquplus.gen 
Execute       source D:/Xilinx/Vivado/2018.2/common/technology/xilinx/common/virtex.gen 
Execute         source D:/Xilinx/Vivado/2018.2/common/technology/xilinx/common/xilinx.gen 
Execute           source D:/Xilinx/Vivado/2018.2/common/technology/xilinx/interface/plb46.gen 
Execute           source D:/Xilinx/Vivado/2018.2/common/technology/xilinx/interface/fsl.gen 
Execute           source D:/Xilinx/Vivado/2018.2/common/technology/xilinx/interface/axi4.gen 
Execute           source D:/Xilinx/Vivado/2018.2/common/technology/xilinx/interface/nativeAXI4.gen 
Execute             source D:/Xilinx/Vivado/2018.2/common/technology/xilinx/interface/saxilite.gen 
Execute             source D:/Xilinx/Vivado/2018.2/common/technology/xilinx/interface/maxi.gen 
Execute           source D:/Xilinx/Vivado/2018.2/common/technology/xilinx/scripts/xilinxcoregen.gen 
Execute           source D:/Xilinx/Vivado/2018.2/common/technology/xilinx/interface/XilEDKCoreGen.gen 
Execute           source D:/Xilinx/Vivado/2018.2/common/technology/xilinx/ip/dds_compiler.gen 
Execute           source D:/Xilinx/Vivado/2018.2/common/technology/xilinx/ip/util.gen 
Execute           source D:/Xilinx/Vivado/2018.2/common/technology/xilinx/ip/xfft.gen 
Command           ap_source done; 0.122 sec.
Execute           source D:/Xilinx/Vivado/2018.2/common/technology/xilinx/ip/xfir.gen 
Command         ap_source done; 0.471 sec.
Execute         source D:/Xilinx/Vivado/2018.2/common/technology/xilinx/common/dsp48.gen 
Command       ap_source done; 0.506 sec.
Command     ap_source done; 0.511 sec.
Execute     set_part xczu3eg-sbva484-1-e 
Execute       add_library xilinx/zynquplus/zynquplus:xczu3eg:-sbva484:-1-e 
Execute         get_default_platform 
Execute         license_isbetapart xczu3eg 
Command         license_isbetapart done; error code: 1; 
Execute         get_default_platform 
Execute         config_chip_info -quiet -resource  {SLICE 8820}  {LUT 70560}    {FF 141120}  {DSP48E 360}   {BRAM 432}  {URAM 0}  
Execute         config_chip_info -quiet -speed slow 
Execute       add_library xilinx/zynquplus/zynquplus_fpv7 
Execute         get_default_platform 
Execute         open_platform DefaultPlatform 
Execute         import_lib D:/Xilinx/Vivado/2018.2/common/technology/xilinx/zynquplus/zynquplus_fpv7 
Execute           source D:/Xilinx/Vivado/2018.2/common/technology/xilinx/common/xilinx_fpv7.lib 
Execute             source D:/Xilinx/Vivado/2018.2/common/technology/xilinx/common/xilinx_hp.lib 
Execute           source D:/Xilinx/Vivado/2018.2/common/technology/xilinx/common/xilinx_fpv.hlp 
Execute             source D:/Xilinx/Vivado/2018.2/common/technology/xilinx/common/xilinx.hlp 
Execute               source D:/Xilinx/Vivado/2018.2/common/technology/xilinx/common/target_info.tcl 
Execute               source D:/Xilinx/Vivado/2018.2/common/technology/xilinx/interface/xilinx_interface.hlp 
Execute                 source D:/Xilinx/Vivado/2018.2/common/technology/xilinx/interface/maxi.hlp 
Execute                 source D:/Xilinx/Vivado/2018.2/common/technology/xilinx/interface/saxilite.hlp 
Execute               source D:/Xilinx/Vivado/2018.2/common/technology/xilinx/common/dsp48.hlp 
Execute           source D:/Xilinx/Vivado/2018.2/common/technology/xilinx/zynquplus/zynquplus_hp.hlp 
Execute         source D:/Xilinx/Vivado/2018.2/common/technology/xilinx/zynquplus/zynquplus_fpv7.gen 
Execute           source D:/Xilinx/Vivado/2018.2/common/technology/xilinx/common/xilinx_fpv6.gen 
Command       add_library done; 0.131 sec.
INFO: [HLS 200-10] Setting target device to 'xczu3eg-sbva484-1-e'
Execute       get_default_platform 
Command     set_part done; 0.207 sec.
Execute     get_default_platform 
Execute     config_chip_info -quiet -resource  {SLICE 8820}  {LUT 70560}    {FF 141120}  {DSP48E 360}   {BRAM 432}  {URAM 0}  
Execute     config_chip_info -quiet -speed slow 
Command   open_solution done; 1.337 sec.
Execute   set_part xczu3eg-sbva484-1-e 
Execute     add_library xilinx/zynquplus/zynquplus:xczu3eg:-sbva484:-1-e 
Execute       get_default_platform 
Execute       license_isbetapart xczu3eg 
Command       license_isbetapart done; error code: 1; 
Execute       get_default_platform 
Execute       config_chip_info -quiet -resource  {SLICE 8820}  {LUT 70560}    {FF 141120}  {DSP48E 360}   {BRAM 432}  {URAM 0}  
Execute       config_chip_info -quiet -speed slow 
Execute     add_library xilinx/zynquplus/zynquplus_fpv7 
Execute       get_default_platform 
Execute       open_platform DefaultPlatform 
Execute       import_lib D:/Xilinx/Vivado/2018.2/common/technology/xilinx/zynquplus/zynquplus_fpv7 
Execute         source D:/Xilinx/Vivado/2018.2/common/technology/xilinx/common/xilinx_fpv7.lib 
Execute           source D:/Xilinx/Vivado/2018.2/common/technology/xilinx/common/xilinx_hp.lib 
Execute         source D:/Xilinx/Vivado/2018.2/common/technology/xilinx/common/xilinx_fpv.hlp 
Execute           source D:/Xilinx/Vivado/2018.2/common/technology/xilinx/common/xilinx.hlp 
Execute             source D:/Xilinx/Vivado/2018.2/common/technology/xilinx/common/target_info.tcl 
Execute             source D:/Xilinx/Vivado/2018.2/common/technology/xilinx/interface/xilinx_interface.hlp 
Execute               source D:/Xilinx/Vivado/2018.2/common/technology/xilinx/interface/maxi.hlp 
Execute               source D:/Xilinx/Vivado/2018.2/common/technology/xilinx/interface/saxilite.hlp 
Execute             source D:/Xilinx/Vivado/2018.2/common/technology/xilinx/common/dsp48.hlp 
Execute         source D:/Xilinx/Vivado/2018.2/common/technology/xilinx/zynquplus/zynquplus_hp.hlp 
Execute       source D:/Xilinx/Vivado/2018.2/common/technology/xilinx/zynquplus/zynquplus_fpv7.gen 
Execute         source D:/Xilinx/Vivado/2018.2/common/technology/xilinx/common/xilinx_fpv6.gen 
Execute     get_default_platform 
Execute   create_clock -period 7 -name default 
Execute   create_clock -period 10 -name control 
Execute   csynth_design 
Execute     get_config_compile -effort 
Execute     get_config_compile -enable_clang39 
Execute     get_config_compile -g 
Execute     get_config_compile -lm 
Execute     get_config_compile -ng 
Execute     get_config_compile -opt_fp 
Execute     get_config_compile -skip_cdt 
Execute     get_config_compile -skip_syncheck 
Execute     get_config_compile -skip_transform 
Execute     get_config_compile -keep_printf 
Execute     elaborate -effort=medium -skip_syncheck=0 -keep_printf=0 -lm=0 -skip_cdt=0 -skip_transform=0 -ng=0 -g=0 -opt_fp=0 -from_csynth_design=1 
Execute       get_config_schedule -relax_ii_for_timing 
Execute       get_config_schedule -suppress_dependence_error_break 
INFO: [HLS 200-10] Analyzing design file 'color_convert/color_convert.cpp' ... 
INFO-FLOW: Compiling one TU...
Execute       is_m_axi_addr64 
INFO-FLOW: Handling color_convert/color_convert.cpp as C++
Execute       get_default_platform 
Execute       is_encrypted color_convert/color_convert.cpp 
Execute       get_default_platform 
INFO-FLOW: Source preprocessing
Execute       clang  -fno-limit-debug-info -gcc-toolchain "D:/Xilinx/Vivado/2018.2/msys" -hls  -fno-exceptions  -D__llvm__  -E "color_convert/color_convert.cpp"     -fno-math-errno -c -emit-llvm -O0  -mllvm -disable-llvm-optzns -fno-threadsafe-statics  -fno-use-cxa-atexit  -fno-threadsafe-statics -fno-use-cxa-atexit -D__CLANG_3_1__ -D__cdecl= -DAESL_SYN -D__SYNTHESIS__ -D__HLS_SYN__ -I "D:/Xilinx/Vivado/2018.2/common/technology/autopilot" -I "D:/Xilinx/Vivado/2018.2/common/technology/autopilot/ap_sysc" -include etc/autopilot_ssdm_op.h -D__DSP48E2__  -o "D:/project_1/custom_ips/color_convert/solution1/.autopilot/db/color_convert.pp.0.cpp" 
INFO-FLOW: exec D:/Xilinx/Vivado/2018.2/win64/tools/clang/bin/clang -fno-limit-debug-info -gcc-toolchain D:/Xilinx/Vivado/2018.2/msys -hls -fno-exceptions -D__llvm__ -E color_convert/color_convert.cpp -fno-math-errno -c -emit-llvm -O0 -mllvm -disable-llvm-optzns -fno-threadsafe-statics -fno-use-cxa-atexit -fno-threadsafe-statics -fno-use-cxa-atexit -D__CLANG_3_1__ -D__cdecl= -DAESL_SYN -D__SYNTHESIS__ -D__HLS_SYN__ -I D:/Xilinx/Vivado/2018.2/common/technology/autopilot -I D:/Xilinx/Vivado/2018.2/common/technology/autopilot/ap_sysc -include etc/autopilot_ssdm_op.h -D__DSP48E2__ -o D:/project_1/custom_ips/color_convert/solution1/.autopilot/db/color_convert.pp.0.cpp
Command       clang done; 3.595 sec.
INFO-FLOW: Syntax Checking before pre-processing...
Execute       clang  -fno-limit-debug-info -gcc-toolchain "D:/Xilinx/Vivado/2018.2/msys" -hls    -fno-math-errno -c -emit-llvm -O0  -mllvm -disable-llvm-optzns -fno-threadsafe-statics  -fno-use-cxa-atexit  -fno-threadsafe-statics -fno-use-cxa-atexit -D__CLANG_3_1__ -D__cdecl= -DAESL_SYN -D__SYNTHESIS__ -D__HLS_SYN__ -I "D:/Xilinx/Vivado/2018.2/common/technology/autopilot" -I "D:/Xilinx/Vivado/2018.2/common/technology/autopilot/ap_sysc" -include etc/autopilot_ssdm_op.h -D__DSP48E2__  "D:/project_1/custom_ips/color_convert/solution1/.autopilot/db/color_convert.pp.0.cpp"  -o "D:/project_1/custom_ips/color_convert/solution1/.autopilot/db/useless.bc"  
INFO-FLOW: exec D:/Xilinx/Vivado/2018.2/win64/tools/clang/bin/clang -fno-limit-debug-info -gcc-toolchain D:/Xilinx/Vivado/2018.2/msys -hls -fno-math-errno -c -emit-llvm -O0 -mllvm -disable-llvm-optzns -fno-threadsafe-statics -fno-use-cxa-atexit -fno-threadsafe-statics -fno-use-cxa-atexit -D__CLANG_3_1__ -D__cdecl= -DAESL_SYN -D__SYNTHESIS__ -D__HLS_SYN__ -I D:/Xilinx/Vivado/2018.2/common/technology/autopilot -I D:/Xilinx/Vivado/2018.2/common/technology/autopilot/ap_sysc -include etc/autopilot_ssdm_op.h -D__DSP48E2__ D:/project_1/custom_ips/color_convert/solution1/.autopilot/db/color_convert.pp.0.cpp -o D:/project_1/custom_ips/color_convert/solution1/.autopilot/db/useless.bc
Command       clang done; 1.746 sec.
INFO-FLOW: GCC PP time: 5 seconds per iteration
Execute       list_core -type functional_unit 
Execute       tidy_31 xilinx-systemc-detector D:/project_1/custom_ips/color_convert/solution1/.autopilot/db/color_convert.pp.0.cpp std=gnu++98 -directive=D:/project_1/custom_ips/color_convert/solution1/.autopilot/db/.systemc_flag 
INFO-FLOW: exec D:/Xilinx/Vivado/2018.2/win64/tools/clang-3.9-csynth/bin/tidy-3.1 -header-filter=.* --checks=-*,xilinx-systemc-detector -import-directive=D:/project_1/custom_ips/color_convert/solution1/.autopilot/db/.systemc_flag -quiet -fix-errors D:/project_1/custom_ips/color_convert/solution1/.autopilot/db/color_convert.pp.0.cpp -- -std=gnu++98 -fhls -ferror-limit=0
Command       tidy_31 done; 1.847 sec.
INFO-FLOW: CDT Preprocessing with tidy-3.1...
Execute       tidy_31 xilinx-directive2pragma D:/project_1/custom_ips/color_convert/solution1/.autopilot/db/color_convert.pp.0.cpp std=gnu++98 -directive=D:/project_1/custom_ips/color_convert/solution1/solution1.json 
INFO-FLOW: exec D:/Xilinx/Vivado/2018.2/win64/tools/clang-3.9-csynth/bin/tidy-3.1 -header-filter=.* --checks=-*,xilinx-directive2pragma -import-directive=D:/project_1/custom_ips/color_convert/solution1/solution1.json -quiet -fix-errors D:/project_1/custom_ips/color_convert/solution1/.autopilot/db/color_convert.pp.0.cpp -- -std=gnu++98 -fhls -ferror-limit=0
Command       tidy_31 done; 0.814 sec.
Execute       get_config_dataflow -strict_mode 
Execute       ap_eval exec -ignorestderr D:/Xilinx/Vivado/2018.2/win64/tools/clang-3.9-csynth/bin/xilinx-dataflow-lawyer -export-fixes=D:/project_1/custom_ips/color_convert/solution1/.autopilot/db/xilinx-dataflow-lawyer.color_convert.pp.0.cpp.diag.yml D:/project_1/custom_ips/color_convert/solution1/.autopilot/db/color_convert.pp.0.cpp -- -std=gnu++98 -fhls -ferror-limit=0 -fstrict-dataflow > D:/project_1/custom_ips/color_convert/solution1/.autopilot/db/xilinx-dataflow-lawyer.color_convert.pp.0.cpp.out.log 2> D:/project_1/custom_ips/color_convert/solution1/.autopilot/db/xilinx-dataflow-lawyer.color_convert.pp.0.cpp.err.log 
Command       ap_eval done; 1.184 sec.
Execute       tidy_31 -errorcheck xilinx-constantarray-param,xilinx-resource-pragma-transformer D:/project_1/custom_ips/color_convert/solution1/.autopilot/db/color_convert.pp.0.cpp std=gnu++98 
INFO-FLOW: exec D:/Xilinx/Vivado/2018.2/win64/tools/clang-3.9-csynth/bin/tidy-3.1 -header-filter=.* --checks=-*,xilinx-constantarray-param,xilinx-resource-pragma-transformer -quiet -fix-errors D:/project_1/custom_ips/color_convert/solution1/.autopilot/db/color_convert.pp.0.cpp -- -std=gnu++98 -fhls -ferror-limit=0
INFO-FLOW: exec D:/Xilinx/Vivado/2018.2/win64/tools/clang-3.9-csynth/bin/xilinx-legacy-rewriter D:/project_1/custom_ips/color_convert/solution1/.autopilot/db/color_convert.pp.0.cpp -- -std=gnu++98 -fhls -ferror-limit=0
Command       tidy_31 done; 2.283 sec.
INFO-FLOW: tidy-3.1 time 4 seconds per iteration
INFO-FLOW: Pragma Handling...
Execute       tidy_31 xilinx-ssdm-intrinsics-arguments D:/project_1/custom_ips/color_convert/solution1/.autopilot/db/color_convert.pragma.1.cpp std=gnu++98 
INFO-FLOW: exec D:/Xilinx/Vivado/2018.2/win64/tools/clang-3.9-csynth/bin/tidy-3.1 -header-filter=.* --checks=-*,xilinx-ssdm-intrinsics-arguments -quiet -fix-errors D:/project_1/custom_ips/color_convert/solution1/.autopilot/db/color_convert.pragma.1.cpp -- -std=gnu++98 -fhls -ferror-limit=0
Command       tidy_31 done; 1.422 sec.
INFO-FLOW: Source preprocessing
Execute       clang  -fno-limit-debug-info -gcc-toolchain "D:/Xilinx/Vivado/2018.2/msys" -hls  -fno-exceptions  -D__llvm__  -E "D:/project_1/custom_ips/color_convert/solution1/.autopilot/db/color_convert.pragma.1.cpp"     -fno-math-errno -c -emit-llvm -O0  -mllvm -disable-llvm-optzns -fno-threadsafe-statics  -fno-use-cxa-atexit  -fno-threadsafe-statics -fno-use-cxa-atexit -D__CLANG_3_1__ -D__cdecl= -DAESL_SYN -D__SYNTHESIS__ -D__HLS_SYN__ -I "D:/Xilinx/Vivado/2018.2/common/technology/autopilot" -I "D:/Xilinx/Vivado/2018.2/common/technology/autopilot/ap_sysc" -include etc/autopilot_ssdm_op.h -D__DSP48E2__  -o "D:/project_1/custom_ips/color_convert/solution1/.autopilot/db/color_convert.pragma.2.cpp" 
INFO-FLOW: exec D:/Xilinx/Vivado/2018.2/win64/tools/clang/bin/clang -fno-limit-debug-info -gcc-toolchain D:/Xilinx/Vivado/2018.2/msys -hls -fno-exceptions -D__llvm__ -E D:/project_1/custom_ips/color_convert/solution1/.autopilot/db/color_convert.pragma.1.cpp -fno-math-errno -c -emit-llvm -O0 -mllvm -disable-llvm-optzns -fno-threadsafe-statics -fno-use-cxa-atexit -fno-threadsafe-statics -fno-use-cxa-atexit -D__CLANG_3_1__ -D__cdecl= -DAESL_SYN -D__SYNTHESIS__ -D__HLS_SYN__ -I D:/Xilinx/Vivado/2018.2/common/technology/autopilot -I D:/Xilinx/Vivado/2018.2/common/technology/autopilot/ap_sysc -include etc/autopilot_ssdm_op.h -D__DSP48E2__ -o D:/project_1/custom_ips/color_convert/solution1/.autopilot/db/color_convert.pragma.2.cpp
Command       clang done; 0.954 sec.
Execute       get_default_platform 
INFO-FLOW: Processing labels
Execute       clang -src D:/project_1/custom_ips/color_convert/solution1/.autopilot/db/color_convert.pragma.2.cpp  -fno-limit-debug-info -gcc-toolchain D:/Xilinx/Vivado/2018.2/msys -hls -hls-analyze-label -hls-analyze-pragma -fno-exceptions  -D__llvm__  -w  "D:/project_1/custom_ips/color_convert/solution1/.autopilot/db/color_convert.pragma.2.cpp"    -fno-math-errno -c -emit-llvm -O0  -mllvm -disable-llvm-optzns -fno-threadsafe-statics  -fno-use-cxa-atexit -DAESL_SYN -D__SYNTHESIS__ -D__HLS_SYN__ -I "D:/Xilinx/Vivado/2018.2/common/technology/autopilot" -I "D:/Xilinx/Vivado/2018.2/common/technology/autopilot/ap_sysc" -include etc/autopilot_ssdm_op.h -D__DSP48E2__ -g -o "D:/project_1/custom_ips/color_convert/solution1/.autopilot/db/color_convert.bc" 
INFO-FLOW: exec D:/Xilinx/Vivado/2018.2/win64/tools/clang/bin/clang -fno-limit-debug-info -gcc-toolchain D:/Xilinx/Vivado/2018.2/msys -hls -hls-analyze-label -hls-analyze-pragma -fno-exceptions -D__llvm__ -w D:/project_1/custom_ips/color_convert/solution1/.autopilot/db/color_convert.pragma.2.cpp -fno-math-errno -c -emit-llvm -O0 -mllvm -disable-llvm-optzns -fno-threadsafe-statics -fno-use-cxa-atexit -DAESL_SYN -D__SYNTHESIS__ -D__HLS_SYN__ -I D:/Xilinx/Vivado/2018.2/common/technology/autopilot -I D:/Xilinx/Vivado/2018.2/common/technology/autopilot/ap_sysc -include etc/autopilot_ssdm_op.h -D__DSP48E2__ -g -o D:/project_1/custom_ips/color_convert/solution1/.autopilot/db/color_convert.bc
Command       clang done; 1.74 sec.
INFO-FLOW: Linking Debug ...
Execute       llvm-ld D:/project_1/custom_ips/color_convert/solution1/.autopilot/db/color_convert.g.bc -hls-opt -except-internalize color_convert -LD:/Xilinx/Vivado/2018.2/win64/lib -lhlsm -lhlsmc++ -o D:/project_1/custom_ips/color_convert/solution1/.autopilot/db/a.g 
Command       llvm-ld done; 7.983 sec.
INFO: [HLS 200-111] Finished Linking Time (s): cpu = 00:00:01 ; elapsed = 00:00:26 . Memory (MB): peak = 104.043 ; gain = 46.082
INFO: [HLS 200-111] Finished Checking Pragmas Time (s): cpu = 00:00:01 ; elapsed = 00:00:26 . Memory (MB): peak = 104.043 ; gain = 46.082
Execute       ::config_rtl 
Execute       opt_and_import_c a -opt_level=2 -skip_syncheck=0 -ng=0 -keep_printf=0 
Execute         cleanup_all_models 
INFO: [HLS 200-10] Starting code transformations ...
Execute         transform -promote-dbg-pointer D:/project_1/custom_ips/color_convert/solution1/.autopilot/db/a.pp.bc -o D:/project_1/custom_ips/color_convert/solution1/.autopilot/db/a.pp.0.bc -f 
Command         transform done; 0.294 sec.
Execute         llvm-ld D:/project_1/custom_ips/color_convert/solution1/.autopilot/db/a.pp.0.bc -disable-opt -LD:/Xilinx/Vivado/2018.2/win64/lib -lfloatconversion -o D:/project_1/custom_ips/color_convert/solution1/.autopilot/db/a.g.0 
Command         llvm-ld done; 1.357 sec.
INFO-FLOW: Running Standard Transforms...
Execute         transform -hls -share-std-xform -demangle-name -inline-byval-memcpy -always-inline -promote-dbg-pointer -interface-preproc -scalarrepl -mem2reg -keep-read-access -instcombine -dce -promote-dbg-pointer -bitop-raise -loop-simplify -indvarspre -indvars -loop-simplify -xunroll -constprop -instcombine -simplifycfg -indvars -simplifycfg -dce -globaldce -basicaa -simplifycfg -mem2reg -globalopt -global-constprop -deadargelim -instcombine -simplifycfg -prune-eh -simplifycfg -scalarrepl -instcombine -reassociate -licm -simplifycfg -loop-simplify -indvars -instcombine -simplifycfg -mem2reg -loop-simplify -indvars -instcombine -gvn -gvn -instcombine -adce -break-crit-edges -simplifycfg -loop-delete -global-array-opt -dce -dse -adce -find-syn-modules -top color_convert -deadargelim -mem2reg -instcombine -dce -presyn-prepare -auto-rom-infer -interface-preproc -syn-check -check-rec-only -find-region -simplifycfg -func-extr -function-inline -globaldce -mem2reg -instcombine -dce -gvn -globaldce -adce -adse -constprop -instcombine -bit-constprop -instcombine -dce -simplifycfg -bitop-raise -simplifycfg -dce -loop-delete -reassociate -globalopt -global-privatize -mem2reg -dce -global-constprop -pointer-simplify -constprop -dce -func-inst -deadargelim -auto-shift-reg-idiom -promote-dbg-pointer -norm-name D:/project_1/custom_ips/color_convert/solution1/.autopilot/db/a.g.0.bc -o D:/project_1/custom_ips/color_convert/solution1/.autopilot/db/a.g.1.bc -f -phase std-opt 
INFO: [XFORM 203-603] Inlining function 'ap_fixed_base<8, 0, false, (ap_q_mode)0, (ap_o_mode)0, 0>::quantization_adjust' into 'ap_fixed_base<8, 0, false, (ap_q_mode)0, (ap_o_mode)0, 0>::ap_fixed_base<21, 5, true, (ap_q_mode)5, (ap_o_mode)3, 0>' ().
INFO: [XFORM 203-603] Inlining function 'ap_fixed_base<8, 0, false, (ap_q_mode)0, (ap_o_mode)0, 0>::overflow_adjust' into 'ap_fixed_base<8, 0, false, (ap_q_mode)0, (ap_o_mode)0, 0>::ap_fixed_base<21, 5, true, (ap_q_mode)5, (ap_o_mode)3, 0>' ().
Command         transform done; 0.326 sec.
INFO: [HLS 200-111] Finished Standard Transforms Time (s): cpu = 00:00:01 ; elapsed = 00:00:28 . Memory (MB): peak = 116.012 ; gain = 58.051
INFO: [HLS 200-10] Checking synthesizability ...
INFO-FLOW: Checking Synthesizability 1/2..
Execute         transform -hls -syn-check -check-rec-only -disaggr -scalarrepl -norm-name -dce -mem2reg -instcombine -function-uniquify -directive-preproc -mem2reg -dse -dce -auto-rom-infer -dce -array-normalize -instcombine -dce -warn-fifo-pointer -array-seg-normalize -instcombine -dce -array-flatten -instcombine -dce -array-burst -dce -deadargelim -promote-global-argument -simplifycfg -mem2reg -globaldce -resolve-double-ptr -dce -deadargelim -dce -instcombine -function-inline -globaldce -dce -doublePtrSimplify -doublePtrElim -dce -doublePtrSimplify -promote-dbg-pointer -dce -scalarrepl -dse -adse -instcombine -ptrLegalization -simplifycfg -dce -instcombine -pointer-simplify -ptrArgReplace -dce -instcombine -disaggr -scalarrepl -norm-name -dce -mem2reg -instcombine -ptrLegalization -simplifycfg -deadargelim -instcombine -dce -inst-simplify -function-uniquify -directive-preproc -mem2reg -dse -dce -globaldce D:/project_1/custom_ips/color_convert/solution1/.autopilot/db/a.g.1.bc -o D:/project_1/custom_ips/color_convert/solution1/.autopilot/db/a.g.2.prechk.bc -f 
Command         transform done; 0.12 sec.
INFO-FLOW: Checking Synthesizability 2/2..
Execute         transform -syn-check D:/project_1/custom_ips/color_convert/solution1/.autopilot/db/a.g.2.prechk.bc -o D:/project_1/custom_ips/color_convert/solution1/.autopilot/db/a.g.2.bc -f -phase syn-check 
INFO: [HLS 200-111] Finished Checking Synthesizability Time (s): cpu = 00:00:01 ; elapsed = 00:00:29 . Memory (MB): peak = 123.422 ; gain = 65.461
INFO-FLOW: Compiler optimizing ...
INFO-FLOW: Share syncheck's 1.bc for syn flow: copy D:/project_1/custom_ips/color_convert/solution1/.autopilot/db/a.g.1.bc to D:/project_1/custom_ips/color_convert/solution1/.autopilot/db/a.o.1.bc
INFO-FLOW: Presyn 1...
Execute         transform -hls -tmp D:/project_1/custom_ips/color_convert/solution1/.autopilot/db -interface-port-rename -type-info -function-uniquify -directive-preproc -mem2reg -dse -dce -disaggr -scalarrepl -norm-name -deadargelim -mem2reg -instcombine -dce -simplifycfg -auto-rom-infer -dce -function-uniquify -resource-proc -simplifycfg -mem2reg -globaldce -resolve-double-ptr -dce -deadargelim -dce -instcombine -clib-intrinsic-prepare -dce -func-buffer -dce -array-normalize -func-legal -instcombine -gvn -constprop -dce -ptrArgReplace -mem2reg -instcombine -dce -array-seg-normalize -deadargelim -instcombine -dce -pointer-simplify -dce -port-alignment -dce -interface-preproc -data-pack -instcombine -dce -basicaa -aggr-aa -aggrmodref-aa -aggr-aa -gvn -gvn -basicaa -aggr-aa -aggrmodref-aa -aggr-aa -dse -adse -adce -loop-simplify -indvars -instcombine -gvn -loop-simplify -mem2reg -dce -find-region -instcombine -auto-loop-pipeline -inst-simplify -interface-preproc -cfgopt -instcombine -indvars -auto-loop-unroll -loop-simplify -loop-bound -xunroll -constprop -instcombine -simplifycfg -indvars -simplifycfg -dce -globaldce -clean-region -attach-range -gvn -inst-simplify -constprop -simplifycfg -dce -pointer-simplify -dce -globalopt -constprop -dce -array-promote -constprop -instcombine -dce -ptrArgReplace -mem2reg -instcombine -simplifycfg -dce -auto-par -instcombine -dce -array-transform-check -array-reshape -instcombine -simplifycfg -dce -ptrArgReplace -deadargelim -mem2reg -instcombine -simplifycfg -dce -indvars -loop-simplify -loop-bound -xunroll -constprop -instcombine -simplifycfg -indvars -simplifycfg -dce -globaldce -duplicate-dataflow-processes -globaldce -instcombine -array-partition -instcombine -simplifycfg -dce -ptrArgReplace -global-constprop -deadargelim -mem2reg -func-legal -instcombine -dce -global-constprop -deadargelim -mem2reg -instcombine -simplifycfg -dce -merge-param -deadargelim -globalopt -constprop -dce -array-promote -constprop -instcombine -dce -ptrArgReplace -mem2reg -instcombine -simplifycfg -dce -mem-intrinsic-preproc -dce -global-internalize -global-privatize -mem2reg -globaldce -promote-global-argument -ptrArgReplace -mem2reg -instcombine -dce -globalopt -mergereturn -simplify-global-access -mem2reg -dce -pointer-simplify -dce -functionattrs -basicaa -aggr-aa -aggrmodref-aa -aggr-aa -gvn -gvn -basicaa -aggr-aa -aggrmodref-aa -aggr-aa -dse -adse -adce -inst-simplify -dce -norm-name -function-inline -globaldce -func-inst -constprop -instcombine -simplifycfg -dce -func-legal -dce -loop-bound -arraycheck -bitwidthmin -on-by-dataflow -loop-delete -instcombine -simplifycfg -globaldce -dce -gvn -deadargelim -dce -loop-simplify -clean-region -simplifycfg -propagate-stable-arguments -loop-stream -instcombine -simplifycfg -dce -globaldce -duplicate-dataflow-processes -stream-intrinsic-preproc -dce -check-ap-stream -loop-simplify -eliminate-keepreads -extract-dataflow-in-loop -loop-simplify -dce -gvn -deadargelim -dse -check-dataflow-syntax -legalize-stream-variable -legalize-global -extract-subproc -dce -dead-channel-elimination -canonicalize-gep -globaldce -dce -gvn -deadargelim -annotate-dataflow-channels -scalar-propagation -deadargelim -globaldce -mem2reg -check-dataflow-channels -function-stream -dce -globaldce -prop-fifo-spec -internal-stream-gen -canonicalize-gep -globaldce -dce -gvn -deadargelim -mergereturn -indvars -loop-simplify -instcombine -array-stream -array-seg-normalize -array-partition -func-legal -instcombine -simplifycfg -dce -bundle-memfifo-ops -deadargelim -function-uniquify -directive-preproc -mem2reg -dse -dce -group-axi-access -licm -simplifycfg -dce -loop-delete -norm-name D:/project_1/custom_ips/color_convert/solution1/.autopilot/db/a.o.1.bc -o D:/project_1/custom_ips/color_convert/solution1/.autopilot/db/a.o.1.tmp.bc -f 
INFO: [XFORM 203-1101] Packing variable 'stream_out_24.data' (color_convert/color_convert.cpp:26) into a 24-bit variable.
INFO: [XFORM 203-1101] Packing variable 'stream_in_24.data' (color_convert/color_convert.cpp:26) into a 24-bit variable.
Command         transform done; 0.311 sec.
INFO-FLOW: Presyn 2...
Execute         transform -hls -keep-callgraph -scalarrepl -mem2reg -port-alignment -attach-range -dce -pipe-mux-gen -indvars -loop-bound -inst-simplify -instcombine -dce -merge-array-access -mem2reg -dce -clean-region -mergereturn -if-conv -instcombine -dce -constprop -basicaa -aggr-aa -aggrmodref-aa -aggr-aa -gvn -gvn -basicaa -aggr-aa -aggrmodref-aa -aggr-aa -dse -adse -adce -scalarrepl -mem2reg -global-constprop -deadargelim -deadargelim -instcombine -dce -simplifycfg -ptrArgReplace -mem2reg -function-inline -globaldce -mem2reg -instcombine -dce -expr-balance -instcombine -dce -bitwidthmin -interface-preproc -directive-preproc -inst-rectify -instcombine -dce -functionattrs -constprop -instcombine -bit-constprop -simplify-global-access -globalopt -globaldce -inst-simplify -instcombine -elimdeaddata -dce -loop-delete -simplifycfg -loop-simplify -auto-burst -norm-name D:/project_1/custom_ips/color_convert/solution1/.autopilot/db/a.o.1.tmp.bc -o D:/project_1/custom_ips/color_convert/solution1/.autopilot/db/a.o.2.bc -f -phase presyn 
INFO: [XFORM 203-401] Performing if-conversion on hyperblock to (color_convert/color_convert.cpp:53:1) in function 'color_convert'... converting 19 basic blocks.
Command         transform done; 0.203 sec.
INFO: [HLS 200-111] Finished Pre-synthesis Time (s): cpu = 00:00:01 ; elapsed = 00:00:29 . Memory (MB): peak = 151.855 ; gain = 93.895
INFO-FLOW: Building ssdm...
Execute         transform -hls -function-uniquify -auto-function-inline -globaldce -ptrArgReplace -mem2reg -instcombine -dce -reset-lda -loop-simplify -indvars -licm -loop-dep -loop-bound -licm -loop-simplify -flattenloopnest -array-flatten -gvn -instcombine -dce -array-map -dce -func-legal -gvn -adce -instcombine -cfgopt -simplifycfg -loop-simplify -array-burst -promote-global-argument -dce -axi4-lower -array-seg-normalize -basicaa -aggrmodref-aa -globalsmodref-aa -aggr-aa -gvn -gvn -basicaa -aggrmodref-aa -globalsmodref-aa -aggr-aa -dse -adse -adce -licm -inst-simplify -dce -globaldce -instcombine -array-stream -eliminate-keepreads -instcombine -dce -deadargelim -doublePtrSimplify -doublePtrElim -dce -doublePtrSimplify -promote-dbg-pointer -dce -scalarrepl -mem2reg -disaggr -norm-name -mem2reg -instcombine -dse -adse -adce -ptrLegalization -dce -auto-rom-infer -array-flatten -dce -instcombine -check-doubleptr -loop-rot -constprop -cfgopt -simplifycfg -loop-simplify -indvars -pointer-simplify -dce -loop-bound -loop-simplify -loop-preproc -constprop -global-constprop -gvn -mem2reg -instcombine -dce -loop-bound -loop-merge -dce -bitwidthmin -deadargelim -dce -canonicalize-dataflow -dce -scalar-propagation -deadargelim -globaldce -mem2reg -read-loop-dep -interface-preproc -directive-preproc -interface-gen -bram-byte-enable -deadargelim -inst-simplify -dce -gvn -mem2reg -instcombine -dce -adse -loop-bound -instcombine -cfgopt -simplifycfg -loop-simplify -clean-region -io-protocol -find-region -mem2reg -bitop-raise -inst-simplify -inst-rectify -instcombine -adce -deadargelim -loop-simplify -phi-opt -bitop-raise -cfgopt -simplifycfg -strip-dead-prototypes -interface-lower -bitop-lower -intrinsic-lower -auto-function-inline -basicaa -aggrmodref-aa -globalsmodref-aa -aggr-aa -inst-simplify -simplifycfg -loop-simplify -mergereturn -inst-simplify -inst-rectify -dce -load-elim -bitop-lower -loop-rewind -pointer-simplify -dce -cfgopt -dce -bitwidth -loop-dep -read-loop-dep -dce -check-stream -norm-name -legalize -validate-dataflow -dead-allocation-elimination -cdfg-build D:/project_1/custom_ips/color_convert/solution1/.autopilot/db/a.o.2.bc -o D:/project_1/custom_ips/color_convert/solution1/.autopilot/db/a.o.3.bc -f -phase build-ssdm 
Command         transform done; 0.301 sec.
INFO: [HLS 200-111] Finished Architecture Synthesis Time (s): cpu = 00:00:02 ; elapsed = 00:00:29 . Memory (MB): peak = 154.750 ; gain = 96.789
INFO-FLOW: Finish building internal data model.
Command       opt_and_import_c done; 3.025 sec.
Command     elaborate done; 27.433 sec.
Execute     autosyn -from_csynth_design=1 
INFO: [HLS 200-10] Starting hardware synthesis ...
INFO-FLOW: Synthesizing C/C++ design ...
INFO: [HLS 200-10] Synthesizing 'color_convert' ...
Execute       ap_set_top_model color_convert 
Execute       get_model_list color_convert -filter all-wo-channel -topdown 
Execute       preproc_iomode -model color_convert 
Execute       get_model_list color_convert -filter all-wo-channel 
INFO-FLOW: Model list for configure: color_convert
INFO-FLOW: Configuring Module : color_convert ...
Execute       set_default_model color_convert 
Execute       apply_spec_resource_limit color_convert 
INFO-FLOW: Model list for preprocess: color_convert
INFO-FLOW: Preprocessing Module: color_convert ...
Execute       set_default_model color_convert 
Execute       cdfg_preprocess -model color_convert 
Execute       rtl_gen_preprocess color_convert 
INFO-FLOW: Model list for synthesis: color_convert
INFO: [HLS 200-10] ----------------------------------------------------------------
INFO: [HLS 200-42] -- Implementing module 'color_convert' 
INFO: [HLS 200-10] ----------------------------------------------------------------
Execute       set_default_model color_convert 
Execute       schedule -model color_convert 
INFO: [SCHED 204-11] Starting scheduling ...
INFO: [SCHED 204-61] Pipelining function 'color_convert'.
INFO: [SCHED 204-61] Pipelining result : Target II = 1, Final II = 1, Depth = 5.
INFO: [SCHED 204-11] Finished scheduling.
Command       schedule done; 0.265 sec.
INFO: [HLS 200-111]  Elapsed time: 29.69 seconds; current allocated memory: 102.776 MB.
Execute       report -o D:/project_1/custom_ips/color_convert/solution1/.autopilot/db/color_convert.verbose.sched.rpt -verbose -f 
Execute       db_write -o D:/project_1/custom_ips/color_convert/solution1/.autopilot/db/color_convert.sched.adb -f 
INFO-FLOW: Finish scheduling color_convert.
Execute       set_default_model color_convert 
Execute       bind -model color_convert 
BIND OPTION: fu_weight=[ 0.0 -- 1.0 ]
BIND OPTION: model=color_convert
BIND OPTION: reg_weight=[ 0.0 -- 1.0 ]
INFO: [BIND 205-100] Starting micro-architecture generation ...
INFO: [BIND 205-101] Performing variable lifetime analysis.
INFO: [BIND 205-101] Exploring resource sharing.
INFO: [BIND 205-101] Binding ...
INFO: [BIND 205-100] Finished micro-architecture generation.
INFO: [HLS 200-111]  Elapsed time: 0.19 seconds; current allocated memory: 103.334 MB.
Execute       report -o D:/project_1/custom_ips/color_convert/solution1/.autopilot/db/color_convert.verbose.bind.rpt -verbose -f 
Execute       db_write -o D:/project_1/custom_ips/color_convert/solution1/.autopilot/db/color_convert.bind.adb -f 
INFO-FLOW: Finish binding color_convert.
Execute       get_model_list color_convert -filter all-wo-channel 
INFO-FLOW: Preprocessing for RTLGen ...
Execute       rtl_gen_preprocess color_convert 
INFO-FLOW: Model list for RTL generation: color_convert
INFO: [HLS 200-10] ----------------------------------------------------------------
INFO: [HLS 200-10] -- Generating RTL for module 'color_convert' 
INFO: [HLS 200-10] ----------------------------------------------------------------
Execute       get_config_rtl -prefix 
Execute       get_config_rtl -auto_prefix 
Execute       create_rtl_model color_convert -vendor xilinx -mg_file D:/project_1/custom_ips/color_convert/solution1/.autopilot/db/color_convert.compgen.tcl 
INFO: [RTGEN 206-500] Setting interface mode on port 'color_convert/stream_in_24_data' to 'axis' (register, both mode).
INFO: [RTGEN 206-500] Setting interface mode on port 'color_convert/stream_in_24_user_V' to 'axis' (register, both mode).
INFO: [RTGEN 206-500] Setting interface mode on port 'color_convert/stream_in_24_last_V' to 'axis' (register, both mode).
INFO: [RTGEN 206-500] Setting interface mode on port 'color_convert/stream_out_24_data' to 'axis' (register, both mode).
INFO: [RTGEN 206-500] Setting interface mode on port 'color_convert/stream_out_24_user_V' to 'axis' (register, both mode).
INFO: [RTGEN 206-500] Setting interface mode on port 'color_convert/stream_out_24_last_V' to 'axis' (register, both mode).
INFO: [RTGEN 206-500] Setting interface mode on port 'color_convert/c1_c1_V' to 's_axilite & ap_none' (register).
INFO: [RTGEN 206-500] Setting interface mode on port 'color_convert/c1_c2_V' to 's_axilite & ap_none' (register).
INFO: [RTGEN 206-500] Setting interface mode on port 'color_convert/c1_c3_V' to 's_axilite & ap_none' (register).
INFO: [RTGEN 206-500] Setting interface mode on port 'color_convert/c2_c1_V' to 's_axilite & ap_none' (register).
INFO: [RTGEN 206-500] Setting interface mode on port 'color_convert/c2_c2_V' to 's_axilite & ap_none' (register).
INFO: [RTGEN 206-500] Setting interface mode on port 'color_convert/c2_c3_V' to 's_axilite & ap_none' (register).
INFO: [RTGEN 206-500] Setting interface mode on port 'color_convert/c3_c1_V' to 's_axilite & ap_none' (register).
INFO: [RTGEN 206-500] Setting interface mode on port 'color_convert/c3_c2_V' to 's_axilite & ap_none' (register).
INFO: [RTGEN 206-500] Setting interface mode on port 'color_convert/c3_c3_V' to 's_axilite & ap_none' (register).
INFO: [RTGEN 206-500] Setting interface mode on port 'color_convert/bias_c1_V' to 's_axilite & ap_none' (register).
INFO: [RTGEN 206-500] Setting interface mode on port 'color_convert/bias_c2_V' to 's_axilite & ap_none' (register).
INFO: [RTGEN 206-500] Setting interface mode on port 'color_convert/bias_c3_V' to 's_axilite & ap_none' (register).
INFO: [RTGEN 206-500] Setting interface mode on function 'color_convert' to 'ap_ctrl_none'.
INFO: [RTGEN 206-100] Bundling port 'c1_c1_V', 'c1_c2_V', 'c1_c3_V', 'c2_c1_V', 'c2_c2_V', 'c2_c3_V', 'c3_c1_V', 'c3_c2_V', 'c3_c3_V', 'bias_c1_V', 'bias_c2_V' and 'bias_c3_V' to AXI-Lite port AXILiteS.
INFO: [RTGEN 206-100] Generated clock port 'control' for AXI-Lite bundle 'AXILiteS'.
INFO: [SYN 201-210] Renamed object name 'color_convert_mac_muladd_8ns_10s_18s_19_1_1' to 'color_convert_macbkb' due to the length limit 20
INFO: [SYN 201-210] Renamed object name 'color_convert_mac_muladd_8ns_10s_19s_20_1_1' to 'color_convert_maccud' due to the length limit 20
INFO: [RTGEN 206-100] Generating core module 'color_convert_macbkb': 3 instance(s).
INFO: [RTGEN 206-100] Generating core module 'color_convert_maccud': 3 instance(s).
INFO: [RTGEN 206-100] Finished creating RTL model for 'color_convert'.
Command       create_rtl_model done; 0.225 sec.
INFO: [HLS 200-111]  Elapsed time: 0.403 seconds; current allocated memory: 105.084 MB.
Execute       source D:/project_1/custom_ips/color_convert/solution1/.autopilot/db/color_convert.rtl_wrap.cfg.tcl 
Execute       gen_rtl color_convert -istop -style xilinx -tracefl mytrace -tracefmt vcd -traceopt all -f -lang sc -o D:/project_1/custom_ips/color_convert/solution1/syn/systemc/color_convert -synmodules color_convert 
Execute       gen_rtl color_convert -istop -style xilinx -f -lang vhdl -o D:/project_1/custom_ips/color_convert/solution1/syn/vhdl/color_convert 
Command       gen_rtl done; 0.12 sec.
Execute       gen_rtl color_convert -istop -style xilinx -f -lang vlog -o D:/project_1/custom_ips/color_convert/solution1/syn/verilog/color_convert 
Execute       export_constraint_db -o D:/project_1/custom_ips/color_convert/solution1/.autopilot/db/color_convert.constraint.tcl -f -tool general 
Execute       report -model color_convert -o D:/project_1/custom_ips/color_convert/solution1/.autopilot/db/color_convert.design.xml -verbose -f -dv 
Execute       report -model color_convert -o D:/project_1/custom_ips/color_convert/solution1/.autopilot/db/color_convert.sdaccel.xml -verbose -f -sdaccel 
Execute       gen_tb_info color_convert -o D:/project_1/custom_ips/color_convert/solution1/.autopilot/db/color_convert -p D:/project_1/custom_ips/color_convert/solution1/.autopilot/db 
Execute       report -model color_convert -o D:/project_1/custom_ips/color_convert/solution1/syn/report/color_convert_csynth.rpt -f 
Execute       report -model color_convert -o D:/project_1/custom_ips/color_convert/solution1/syn/report/color_convert_csynth.xml -f -x 
Execute       report -model color_convert -o D:/project_1/custom_ips/color_convert/solution1/.autopilot/db/color_convert.verbose.rpt -verbose -f 
Command       report done; 0.116 sec.
Execute       db_write -model color_convert -o D:/project_1/custom_ips/color_convert/solution1/.autopilot/db/color_convert.adb -f 
Command       db_write done; 0.114 sec.
Execute       sc_get_clocks color_convert 
Execute       sc_get_portdomain color_convert 
INFO-FLOW: Model list for RTL component generation: color_convert
INFO-FLOW: Handling components in module [color_convert] ... 
Execute       source D:/project_1/custom_ips/color_convert/solution1/.autopilot/db/color_convert.compgen.tcl 
INFO-FLOW: Found component color_convert_macbkb.
INFO-FLOW: Append model color_convert_macbkb
INFO-FLOW: Found component color_convert_maccud.
INFO-FLOW: Append model color_convert_maccud
INFO-FLOW: Found component color_convert_AXILiteS_s_axi.
INFO-FLOW: Append model color_convert_AXILiteS_s_axi
INFO-FLOW: Append model color_convert
INFO-FLOW: Generating RTL model list ...
INFO-FLOW: All models in this session: color_convert_macbkb color_convert_maccud color_convert_AXILiteS_s_axi color_convert
INFO-FLOW: To file: write model color_convert_macbkb
INFO-FLOW: To file: write model color_convert_maccud
INFO-FLOW: To file: write model color_convert_AXILiteS_s_axi
INFO-FLOW: To file: write model color_convert
INFO-FLOW: Finished generating RTL model list.


INFO-FLOW: RTL Generation done.
INFO-FLOW: CAS Generation done.
INFO-FLOW: CBC Generation done.
Execute       get_config_sdx -target 
Execute       source D:/project_1/custom_ips/color_convert/solution1/.autopilot/db/global.setting.tcl 
Execute       source D:/Xilinx/Vivado/2018.2/common/technology/generic/autopilot/common.gen 
Execute         source D:/Xilinx/Vivado/2018.2/common/technology/generic/autopilot/APCoreGen.gen 
Execute       source D:/Xilinx/Vivado/2018.2/common/technology/generic/autopilot/op.gen 
Execute       source D:/Xilinx/Vivado/2018.2/common/technology/generic/autopilot/op_simcore.gen 
Execute       source D:/Xilinx/Vivado/2018.2/common/technology/generic/autopilot/interface.gen 
Execute       source D:/project_1/custom_ips/color_convert/solution1/.autopilot/db/global.setting.tcl 
Execute       source D:/Xilinx/Vivado/2018.2/common/technology/xilinx/zynquplus/zynquplus.gen 
Execute         source D:/Xilinx/Vivado/2018.2/common/technology/xilinx/common/virtex.gen 
Execute           source D:/Xilinx/Vivado/2018.2/common/technology/xilinx/common/xilinx.gen 
Execute             source D:/Xilinx/Vivado/2018.2/common/technology/xilinx/interface/plb46.gen 
Execute             source D:/Xilinx/Vivado/2018.2/common/technology/xilinx/interface/fsl.gen 
Execute             source D:/Xilinx/Vivado/2018.2/common/technology/xilinx/interface/axi4.gen 
Execute             source D:/Xilinx/Vivado/2018.2/common/technology/xilinx/interface/nativeAXI4.gen 
Execute               source D:/Xilinx/Vivado/2018.2/common/technology/xilinx/interface/saxilite.gen 
Execute               source D:/Xilinx/Vivado/2018.2/common/technology/xilinx/interface/maxi.gen 
Execute             source D:/Xilinx/Vivado/2018.2/common/technology/xilinx/scripts/xilinxcoregen.gen 
Execute             source D:/Xilinx/Vivado/2018.2/common/technology/xilinx/interface/XilEDKCoreGen.gen 
Execute             source D:/Xilinx/Vivado/2018.2/common/technology/xilinx/ip/dds_compiler.gen 
Execute             source D:/Xilinx/Vivado/2018.2/common/technology/xilinx/ip/util.gen 
Execute             source D:/Xilinx/Vivado/2018.2/common/technology/xilinx/ip/xfft.gen 
Execute             source D:/Xilinx/Vivado/2018.2/common/technology/xilinx/ip/xfir.gen 
Command           ap_source done; 0.129 sec.
Execute           source D:/Xilinx/Vivado/2018.2/common/technology/xilinx/common/dsp48.gen 
Command         ap_source done; 0.132 sec.
Command       ap_source done; 0.132 sec.
Execute       source D:/Xilinx/Vivado/2018.2/common/technology/xilinx/zynquplus/zynquplus_fpv7.gen 
Execute         source D:/Xilinx/Vivado/2018.2/common/technology/xilinx/common/xilinx_fpv6.gen 
Execute       source D:/project_1/custom_ips/color_convert/solution1/.autopilot/db/global.setting.tcl 
Execute       source D:/project_1/custom_ips/color_convert/solution1/.autopilot/db/global.setting.tcl 
Execute       source D:/project_1/custom_ips/color_convert/solution1/.autopilot/db/global.setting.tcl 
Execute       source D:/project_1/custom_ips/color_convert/solution1/.autopilot/db/color_convert.compgen.tcl 
Execute         source ./AXILiteS.slave.tcl 
Execute         is_m_axi_addr64 
Command       ap_source done; 0.167 sec.
Execute       get_config_sdx -target 
Execute       source D:/project_1/custom_ips/color_convert/solution1/.autopilot/db/global.setting.tcl 
Execute       source D:/Xilinx/Vivado/2018.2/common/technology/generic/autopilot/common.gen 
Execute         source D:/Xilinx/Vivado/2018.2/common/technology/generic/autopilot/APCoreGen.gen 
Execute       source D:/Xilinx/Vivado/2018.2/common/technology/generic/autopilot/op.gen 
Execute       source D:/Xilinx/Vivado/2018.2/common/technology/generic/autopilot/op_simcore.gen 
Execute       source D:/Xilinx/Vivado/2018.2/common/technology/generic/autopilot/interface.gen 
Execute       source D:/project_1/custom_ips/color_convert/solution1/.autopilot/db/global.setting.tcl 
Execute       source D:/Xilinx/Vivado/2018.2/common/technology/xilinx/zynquplus/zynquplus.gen 
Execute         source D:/Xilinx/Vivado/2018.2/common/technology/xilinx/common/virtex.gen 
Execute           source D:/Xilinx/Vivado/2018.2/common/technology/xilinx/common/xilinx.gen 
Execute             source D:/Xilinx/Vivado/2018.2/common/technology/xilinx/interface/plb46.gen 
Execute             source D:/Xilinx/Vivado/2018.2/common/technology/xilinx/interface/fsl.gen 
Execute             source D:/Xilinx/Vivado/2018.2/common/technology/xilinx/interface/axi4.gen 
Execute             source D:/Xilinx/Vivado/2018.2/common/technology/xilinx/interface/nativeAXI4.gen 
Execute               source D:/Xilinx/Vivado/2018.2/common/technology/xilinx/interface/saxilite.gen 
Execute               source D:/Xilinx/Vivado/2018.2/common/technology/xilinx/interface/maxi.gen 
Execute             source D:/Xilinx/Vivado/2018.2/common/technology/xilinx/scripts/xilinxcoregen.gen 
Execute             source D:/Xilinx/Vivado/2018.2/common/technology/xilinx/interface/XilEDKCoreGen.gen 
Execute             source D:/Xilinx/Vivado/2018.2/common/technology/xilinx/ip/dds_compiler.gen 
Execute             source D:/Xilinx/Vivado/2018.2/common/technology/xilinx/ip/util.gen 
Execute             source D:/Xilinx/Vivado/2018.2/common/technology/xilinx/ip/xfft.gen 
Execute             source D:/Xilinx/Vivado/2018.2/common/technology/xilinx/ip/xfir.gen 
Command           ap_source done; 0.129 sec.
Execute           source D:/Xilinx/Vivado/2018.2/common/technology/xilinx/common/dsp48.gen 
Command         ap_source done; 0.131 sec.
Command       ap_source done; 0.132 sec.
Execute       source D:/Xilinx/Vivado/2018.2/common/technology/xilinx/zynquplus/zynquplus_fpv7.gen 
Execute         source D:/Xilinx/Vivado/2018.2/common/technology/xilinx/common/xilinx_fpv6.gen 
Execute       source D:/project_1/custom_ips/color_convert/solution1/.autopilot/db/color_convert.rtl_wrap.cfg.tcl 
Execute       source D:/project_1/custom_ips/color_convert/solution1/.autopilot/db/color_convert.rtl_wrap.cfg.tcl 
Execute       source D:/project_1/custom_ips/color_convert/solution1/.autopilot/db/color_convert.rtl_wrap.cfg.tcl 
Execute       source D:/project_1/custom_ips/color_convert/solution1/.autopilot/db/color_convert.tbgen.tcl 
Execute       source D:/project_1/custom_ips/color_convert/solution1/.autopilot/db/color_convert.tbgen.tcl 
Execute       source D:/project_1/custom_ips/color_convert/solution1/.autopilot/db/global.setting.tcl 
Execute       source D:/project_1/custom_ips/color_convert/solution1/.autopilot/db/color_convert.compgen.tcl 
Execute       source D:/project_1/custom_ips/color_convert/solution1/.autopilot/db/global.setting.tcl 
Execute       source D:/project_1/custom_ips/color_convert/solution1/.autopilot/db/color_convert.compgen.tcl 
Execute       source D:/project_1/custom_ips/color_convert/solution1/.autopilot/db/global.setting.tcl 
Execute       source D:/project_1/custom_ips/color_convert/solution1/.autopilot/db/color_convert.compgen.tcl 
Execute       source D:/project_1/custom_ips/color_convert/solution1/.autopilot/db/global.setting.tcl 
Execute       source D:/project_1/custom_ips/color_convert/solution1/.autopilot/db/color_convert.constraint.tcl 
Execute       source D:/project_1/custom_ips/color_convert/solution1/.autopilot/db/color_convert.tbgen.tcl 
Execute       source D:/project_1/custom_ips/color_convert/solution1/.autopilot/db/global.setting.tcl 
Execute       source D:/project_1/custom_ips/color_convert/solution1/.autopilot/db/global.setting.tcl 
Execute       source D:/project_1/custom_ips/color_convert/solution1/.autopilot/db/global.setting.tcl 
Execute       source D:/project_1/custom_ips/color_convert/solution1/.autopilot/db/color_convert.tbgen.tcl 
Execute       source D:/project_1/custom_ips/color_convert/solution1/.autopilot/db/color_convert.tbgen.tcl 
Execute       source D:/project_1/custom_ips/color_convert/solution1/.autopilot/db/color_convert.tbgen.tcl 
Execute       source D:/project_1/custom_ips/color_convert/solution1/.autopilot/db/global.setting.tcl 
Execute       source D:/project_1/custom_ips/color_convert/solution1/.autopilot/db/color_convert.constraint.tcl 
Execute       sc_get_clocks color_convert 
Execute       source D:/project_1/custom_ips/color_convert/solution1/.autopilot/db/global.setting.tcl 
Execute       get_config_sdx -target 
Execute       get_config_sdx -profile 
Execute       ::config_rtl 
INFO: [HLS 200-111] Finished generating all RTL models Time (s): cpu = 00:00:03 ; elapsed = 00:00:32 . Memory (MB): peak = 159.922 ; gain = 101.961
INFO: [SYSC 207-301] Generating SystemC RTL for color_convert.
INFO: [VHDL 208-304] Generating VHDL RTL for color_convert.
INFO: [VLOG 209-307] Generating Verilog RTL for color_convert.
Command     autosyn done; 3.088 sec.
Command   csynth_design done; 30.529 sec.
Command ap_source done; 31.983 sec.
Execute cleanup_all 
INFO-FLOW: Workspace D:/project_1/custom_ips/color_convert/solution1 opened at Fri Oct 11 11:36:28 +0330 2019
Execute     config_clock -quiet -name default -period 7 -default=false 
INFO: [SYN 201-201] Setting up clock 'default' with a period of 7ns.
Execute     config_clock -quiet -name control -period 10 -default=false 
INFO: [SYN 201-201] Setting up clock 'control' with a period of 10ns.
Execute     open_platform DefaultPlatform 
Execute     import_lib D:/Xilinx/Vivado/2018.2/common/technology/xilinx/zynquplus/zynquplus 
Execute       source D:/Xilinx/Vivado/2018.2/common/technology/xilinx/common/xilinx.lib 
Execute         source D:/Xilinx/Vivado/2018.2/common/technology/xilinx/interface/xilinx_interface.lib 
Execute           source D:/Xilinx/Vivado/2018.2/common/technology/xilinx/interface/plb46.lib 
Execute           source D:/Xilinx/Vivado/2018.2/common/technology/xilinx/interface/fsl.lib 
Execute           source D:/Xilinx/Vivado/2018.2/common/technology/xilinx/interface/axi4.lib 
Execute           source D:/Xilinx/Vivado/2018.2/common/technology/xilinx/interface/maxi.lib 
Execute           source D:/Xilinx/Vivado/2018.2/common/technology/xilinx/interface/saxilite.lib 
Execute         source D:/Xilinx/Vivado/2018.2/common/technology/xilinx/common/dsp48.lib 
Execute         source D:/Xilinx/Vivado/2018.2/common/technology/xilinx/ip/dds_compiler.lib 
Execute         source D:/Xilinx/Vivado/2018.2/common/technology/xilinx/ip/xfft.lib 
Execute         source D:/Xilinx/Vivado/2018.2/common/technology/xilinx/ip/xfir.lib 
Execute       source D:/Xilinx/Vivado/2018.2/common/technology/xilinx/common/xilinx_old.lib 
Execute       source D:/Xilinx/Vivado/2018.2/common/technology/xilinx/common/xilinx_vivado.lib 
Execute       source D:/Xilinx/Vivado/2018.2/common/technology/xilinx/common/xilinx.hlp 
Execute         source D:/Xilinx/Vivado/2018.2/common/technology/xilinx/common/target_info.tcl 
Execute         source D:/Xilinx/Vivado/2018.2/common/technology/xilinx/interface/xilinx_interface.hlp 
Execute           source D:/Xilinx/Vivado/2018.2/common/technology/xilinx/interface/maxi.hlp 
Execute           source D:/Xilinx/Vivado/2018.2/common/technology/xilinx/interface/saxilite.hlp 
Execute         source D:/Xilinx/Vivado/2018.2/common/technology/xilinx/common/dsp48.hlp 
Execute       source D:/Xilinx/Vivado/2018.2/common/technology/xilinx/zynquplus/dsp48e2.hlp 
Execute       get_default_platform 
Execute       config_chip_info -quiet -resource  {SLICE 34260} {LUT 274080}   {FF 548160}  {DSP48E 2520}  {BRAM 1824} {URAM 0}  
Execute       config_chip_info -quiet -speed medium 
Execute       source D:/Xilinx/Vivado/2018.2/common/technology/xilinx/common/xilinx.hlp 
Execute         source D:/Xilinx/Vivado/2018.2/common/technology/xilinx/common/target_info.tcl 
Execute         source D:/Xilinx/Vivado/2018.2/common/technology/xilinx/interface/xilinx_interface.hlp 
Execute           source D:/Xilinx/Vivado/2018.2/common/technology/xilinx/interface/maxi.hlp 
Execute           source D:/Xilinx/Vivado/2018.2/common/technology/xilinx/interface/saxilite.hlp 
Execute         source D:/Xilinx/Vivado/2018.2/common/technology/xilinx/common/dsp48.hlp 
Execute     source D:/Xilinx/Vivado/2018.2/common/technology/xilinx/zynquplus/zynquplus.gen 
Execute       source D:/Xilinx/Vivado/2018.2/common/technology/xilinx/common/virtex.gen 
Execute         source D:/Xilinx/Vivado/2018.2/common/technology/xilinx/common/xilinx.gen 
Execute           source D:/Xilinx/Vivado/2018.2/common/technology/xilinx/interface/plb46.gen 
Execute           source D:/Xilinx/Vivado/2018.2/common/technology/xilinx/interface/fsl.gen 
Execute           source D:/Xilinx/Vivado/2018.2/common/technology/xilinx/interface/axi4.gen 
Execute           source D:/Xilinx/Vivado/2018.2/common/technology/xilinx/interface/nativeAXI4.gen 
Execute             source D:/Xilinx/Vivado/2018.2/common/technology/xilinx/interface/saxilite.gen 
Execute             source D:/Xilinx/Vivado/2018.2/common/technology/xilinx/interface/maxi.gen 
Execute           source D:/Xilinx/Vivado/2018.2/common/technology/xilinx/scripts/xilinxcoregen.gen 
Execute           source D:/Xilinx/Vivado/2018.2/common/technology/xilinx/interface/XilEDKCoreGen.gen 
Execute           source D:/Xilinx/Vivado/2018.2/common/technology/xilinx/ip/dds_compiler.gen 
Execute           source D:/Xilinx/Vivado/2018.2/common/technology/xilinx/ip/util.gen 
Execute           source D:/Xilinx/Vivado/2018.2/common/technology/xilinx/ip/xfft.gen 
Execute           source D:/Xilinx/Vivado/2018.2/common/technology/xilinx/ip/xfir.gen 
Command         ap_source done; 0.144 sec.
Execute         source D:/Xilinx/Vivado/2018.2/common/technology/xilinx/common/dsp48.gen 
Command       ap_source done; 0.148 sec.
Command     ap_source done; 0.148 sec.
Execute     set_part xczu3eg-sbva484-1-e 
Execute       add_library xilinx/zynquplus/zynquplus:xczu3eg:-sbva484:-1-e 
Execute         get_default_platform 
Execute         license_isbetapart xczu3eg 
Command         license_isbetapart done; error code: 1; 
Execute         get_default_platform 
Execute         config_chip_info -quiet -resource  {SLICE 8820}  {LUT 70560}    {FF 141120}  {DSP48E 360}   {BRAM 432}  {URAM 0}  
Execute         config_chip_info -quiet -speed slow 
Execute       add_library xilinx/zynquplus/zynquplus_fpv7 
Execute         get_default_platform 
Execute         open_platform DefaultPlatform 
Execute         import_lib D:/Xilinx/Vivado/2018.2/common/technology/xilinx/zynquplus/zynquplus_fpv7 
Execute           source D:/Xilinx/Vivado/2018.2/common/technology/xilinx/common/xilinx_fpv7.lib 
Execute             source D:/Xilinx/Vivado/2018.2/common/technology/xilinx/common/xilinx_hp.lib 
Execute           source D:/Xilinx/Vivado/2018.2/common/technology/xilinx/common/xilinx_fpv.hlp 
Execute             source D:/Xilinx/Vivado/2018.2/common/technology/xilinx/common/xilinx.hlp 
Execute               source D:/Xilinx/Vivado/2018.2/common/technology/xilinx/common/target_info.tcl 
Execute               source D:/Xilinx/Vivado/2018.2/common/technology/xilinx/interface/xilinx_interface.hlp 
Execute                 source D:/Xilinx/Vivado/2018.2/common/technology/xilinx/interface/maxi.hlp 
Execute                 source D:/Xilinx/Vivado/2018.2/common/technology/xilinx/interface/saxilite.hlp 
Execute               source D:/Xilinx/Vivado/2018.2/common/technology/xilinx/common/dsp48.hlp 
Execute           source D:/Xilinx/Vivado/2018.2/common/technology/xilinx/zynquplus/zynquplus_hp.hlp 
Execute         source D:/Xilinx/Vivado/2018.2/common/technology/xilinx/zynquplus/zynquplus_fpv7.gen 
Execute           source D:/Xilinx/Vivado/2018.2/common/technology/xilinx/common/xilinx_fpv6.gen 
INFO: [HLS 200-10] Setting target device to 'xczu3eg-sbva484-1-e'
Execute       get_default_platform 
Command     set_part done; 0.105 sec.
Execute     get_default_platform 
Execute     config_chip_info -quiet -resource  {SLICE 8820}  {LUT 70560}    {FF 141120}  {DSP48E 360}   {BRAM 432}  {URAM 0}  
Execute     config_chip_info -quiet -speed slow 
Command   open_solution done; 0.297 sec.
Execute   export_design -rtl verilog -format ip_catalog -description Color conversion for 24-bit AXI video stream -display_name Color Convert 
Execute     source D:/project_1/custom_ips/color_convert/solution1/.autopilot/db/global.setting.tcl 
Execute     source D:/Xilinx/Vivado/2018.2/common/technology/generic/autopilot/common.gen 
Execute       source D:/Xilinx/Vivado/2018.2/common/technology/generic/autopilot/APCoreGen.gen 
Execute     source D:/Xilinx/Vivado/2018.2/common/technology/generic/autopilot/op.gen 
Execute     source D:/Xilinx/Vivado/2018.2/common/technology/generic/autopilot/op_simcore.gen 
Execute     source D:/Xilinx/Vivado/2018.2/common/technology/generic/autopilot/interface.gen 
Execute     source D:/project_1/custom_ips/color_convert/solution1/.autopilot/db/global.setting.tcl 
Execute     source D:/Xilinx/Vivado/2018.2/common/technology/xilinx/zynquplus/zynquplus.gen 
Execute       source D:/Xilinx/Vivado/2018.2/common/technology/xilinx/common/virtex.gen 
Execute         source D:/Xilinx/Vivado/2018.2/common/technology/xilinx/common/xilinx.gen 
Execute           source D:/Xilinx/Vivado/2018.2/common/technology/xilinx/interface/plb46.gen 
Execute           source D:/Xilinx/Vivado/2018.2/common/technology/xilinx/interface/fsl.gen 
Execute           source D:/Xilinx/Vivado/2018.2/common/technology/xilinx/interface/axi4.gen 
Execute           source D:/Xilinx/Vivado/2018.2/common/technology/xilinx/interface/nativeAXI4.gen 
Execute             source D:/Xilinx/Vivado/2018.2/common/technology/xilinx/interface/saxilite.gen 
Execute             source D:/Xilinx/Vivado/2018.2/common/technology/xilinx/interface/maxi.gen 
Execute           source D:/Xilinx/Vivado/2018.2/common/technology/xilinx/scripts/xilinxcoregen.gen 
Execute           source D:/Xilinx/Vivado/2018.2/common/technology/xilinx/interface/XilEDKCoreGen.gen 
Execute           source D:/Xilinx/Vivado/2018.2/common/technology/xilinx/ip/dds_compiler.gen 
Execute           source D:/Xilinx/Vivado/2018.2/common/technology/xilinx/ip/util.gen 
Execute           source D:/Xilinx/Vivado/2018.2/common/technology/xilinx/ip/xfft.gen 
Execute           source D:/Xilinx/Vivado/2018.2/common/technology/xilinx/ip/xfir.gen 
Command         ap_source done; 0.13 sec.
Execute         source D:/Xilinx/Vivado/2018.2/common/technology/xilinx/common/dsp48.gen 
Command       ap_source done; 0.133 sec.
Command     ap_source done; 0.134 sec.
Execute     source D:/Xilinx/Vivado/2018.2/common/technology/xilinx/zynquplus/zynquplus_fpv7.gen 
Execute       source D:/Xilinx/Vivado/2018.2/common/technology/xilinx/common/xilinx_fpv6.gen 
Execute     source D:/project_1/custom_ips/color_convert/solution1/.autopilot/db/global.setting.tcl 
INFO: [IMPL 213-8] Exporting RTL as a Vivado IP.
Execute     source D:/project_1/custom_ips/color_convert/solution1/.autopilot/db/global.setting.tcl 
Execute     get_config_sdx -target 
Execute     source D:/project_1/custom_ips/color_convert/solution1/.autopilot/db/global.setting.tcl 
Execute     source D:/Xilinx/Vivado/2018.2/common/technology/generic/autopilot/common.gen 
Execute       source D:/Xilinx/Vivado/2018.2/common/technology/generic/autopilot/APCoreGen.gen 
Execute     source D:/Xilinx/Vivado/2018.2/common/technology/generic/autopilot/op.gen 
Execute     source D:/Xilinx/Vivado/2018.2/common/technology/generic/autopilot/op_simcore.gen 
Execute     source D:/Xilinx/Vivado/2018.2/common/technology/generic/autopilot/interface.gen 
Execute     source D:/project_1/custom_ips/color_convert/solution1/.autopilot/db/global.setting.tcl 
Execute     source D:/Xilinx/Vivado/2018.2/common/technology/xilinx/zynquplus/zynquplus.gen 
Execute       source D:/Xilinx/Vivado/2018.2/common/technology/xilinx/common/virtex.gen 
Execute         source D:/Xilinx/Vivado/2018.2/common/technology/xilinx/common/xilinx.gen 
Execute           source D:/Xilinx/Vivado/2018.2/common/technology/xilinx/interface/plb46.gen 
Execute           source D:/Xilinx/Vivado/2018.2/common/technology/xilinx/interface/fsl.gen 
Execute           source D:/Xilinx/Vivado/2018.2/common/technology/xilinx/interface/axi4.gen 
Execute           source D:/Xilinx/Vivado/2018.2/common/technology/xilinx/interface/nativeAXI4.gen 
Execute             source D:/Xilinx/Vivado/2018.2/common/technology/xilinx/interface/saxilite.gen 
Execute             source D:/Xilinx/Vivado/2018.2/common/technology/xilinx/interface/maxi.gen 
Execute           source D:/Xilinx/Vivado/2018.2/common/technology/xilinx/scripts/xilinxcoregen.gen 
Execute           source D:/Xilinx/Vivado/2018.2/common/technology/xilinx/interface/XilEDKCoreGen.gen 
Execute           source D:/Xilinx/Vivado/2018.2/common/technology/xilinx/ip/dds_compiler.gen 
Execute           source D:/Xilinx/Vivado/2018.2/common/technology/xilinx/ip/util.gen 
Execute           source D:/Xilinx/Vivado/2018.2/common/technology/xilinx/ip/xfft.gen 
Execute           source D:/Xilinx/Vivado/2018.2/common/technology/xilinx/ip/xfir.gen 
Command         ap_source done; 0.13 sec.
Execute         source D:/Xilinx/Vivado/2018.2/common/technology/xilinx/common/dsp48.gen 
Command       ap_source done; 0.133 sec.
Command     ap_source done; 0.134 sec.
Execute     source D:/Xilinx/Vivado/2018.2/common/technology/xilinx/zynquplus/zynquplus_fpv7.gen 
Execute       source D:/Xilinx/Vivado/2018.2/common/technology/xilinx/common/xilinx_fpv6.gen 
Execute     source D:/project_1/custom_ips/color_convert/solution1/.autopilot/db/color_convert.rtl_wrap.cfg.tcl 
Execute     source D:/project_1/custom_ips/color_convert/solution1/.autopilot/db/color_convert.rtl_wrap.cfg.tcl 
Execute     source D:/project_1/custom_ips/color_convert/solution1/.autopilot/db/color_convert.rtl_wrap.cfg.tcl 
Execute     source D:/project_1/custom_ips/color_convert/solution1/.autopilot/db/color_convert.tbgen.tcl 
Execute     source D:/project_1/custom_ips/color_convert/solution1/.autopilot/db/color_convert.tbgen.tcl 
Execute     source D:/project_1/custom_ips/color_convert/solution1/.autopilot/db/global.setting.tcl 
Execute     source D:/project_1/custom_ips/color_convert/solution1/.autopilot/db/color_convert.compgen.tcl 
Execute     source D:/project_1/custom_ips/color_convert/solution1/.autopilot/db/global.setting.tcl 
Execute     source D:/project_1/custom_ips/color_convert/solution1/.autopilot/db/color_convert.compgen.tcl 
Execute     source D:/project_1/custom_ips/color_convert/solution1/.autopilot/db/global.setting.tcl 
Execute     source D:/project_1/custom_ips/color_convert/solution1/.autopilot/db/color_convert.compgen.tcl 
Execute     source D:/project_1/custom_ips/color_convert/solution1/.autopilot/db/global.setting.tcl 
Execute     source D:/project_1/custom_ips/color_convert/solution1/.autopilot/db/color_convert.constraint.tcl 
Execute     source D:/project_1/custom_ips/color_convert/solution1/.autopilot/db/color_convert.tbgen.tcl 
Execute     source D:/project_1/custom_ips/color_convert/solution1/.autopilot/db/global.setting.tcl 
Execute     source D:/project_1/custom_ips/color_convert/solution1/.autopilot/db/global.setting.tcl 
Execute     source D:/project_1/custom_ips/color_convert/solution1/.autopilot/db/global.setting.tcl 
Execute     source D:/project_1/custom_ips/color_convert/solution1/.autopilot/db/color_convert.tbgen.tcl 
Execute     source D:/project_1/custom_ips/color_convert/solution1/.autopilot/db/color_convert.tbgen.tcl 
Execute     source D:/project_1/custom_ips/color_convert/solution1/.autopilot/db/color_convert.tbgen.tcl 
Execute     source D:/project_1/custom_ips/color_convert/solution1/.autopilot/db/global.setting.tcl 
Execute     source D:/project_1/custom_ips/color_convert/solution1/.autopilot/db/color_convert.constraint.tcl 
Execute     sc_get_clocks color_convert 
Execute     source D:/project_1/custom_ips/color_convert/solution1/.autopilot/db/global.setting.tcl 
Execute     get_config_sdx -target 
Execute     get_config_sdx -profile 
Execute     ::config_rtl 
Execute     source D:/project_1/custom_ips/color_convert/solution1/.autopilot/db/color_convert.tbgen.tcl 
Execute     source D:/project_1/custom_ips/color_convert/solution1/.autopilot/db/color_convert.tbgen.tcl 
Execute     source D:/project_1/custom_ips/color_convert/solution1/.autopilot/db/color_convert.tbgen.tcl 
Execute     source D:/project_1/custom_ips/color_convert/solution1/.autopilot/db/global.setting.tcl 
Execute     source D:/project_1/custom_ips/color_convert/solution1/.autopilot/db/global.setting.tcl 
Execute     source D:/project_1/custom_ips/color_convert/solution1/.autopilot/db/color_convert.rtl_wrap.cfg.tcl 
Execute     source D:/project_1/custom_ips/color_convert/solution1/.autopilot/db/color_convert.rtl_wrap.cfg.tcl 
Execute     source D:/project_1/custom_ips/color_convert/solution1/.autopilot/db/color_convert.rtl_wrap.cfg.tcl 
Execute     source D:/project_1/custom_ips/color_convert/solution1/.autopilot/db/color_convert.tbgen.tcl 
Execute     source D:/project_1/custom_ips/color_convert/solution1/.autopilot/db/color_convert.tbgen.tcl 
Execute     source D:/project_1/custom_ips/color_convert/solution1/.autopilot/db/color_convert.tbgen.tcl 
Execute     source D:/project_1/custom_ips/color_convert/solution1/.autopilot/db/color_convert.rtl_wrap.cfg.tcl 
Execute     source D:/project_1/custom_ips/color_convert/solution1/.autopilot/db/color_convert.rtl_wrap.cfg.tcl 
Execute     source D:/project_1/custom_ips/color_convert/solution1/.autopilot/db/color_convert.rtl_wrap.cfg.tcl 
Execute     source D:/project_1/custom_ips/color_convert/solution1/.autopilot/db/color_convert.tbgen.tcl 
Execute     source D:/project_1/custom_ips/color_convert/solution1/.autopilot/db/color_convert.tbgen.tcl 
Execute     source D:/project_1/custom_ips/color_convert/solution1/.autopilot/db/global.setting.tcl 
Execute     source D:/project_1/custom_ips/color_convert/solution1/.autopilot/db/color_convert.tbgen.tcl 
Execute     source D:/project_1/custom_ips/color_convert/solution1/.autopilot/db/global.setting.tcl 
Execute     source D:/project_1/custom_ips/color_convert/solution1/.autopilot/db/color_convert.constraint.tcl 
Execute     source D:/project_1/custom_ips/color_convert/solution1/.autopilot/db/global.setting.tcl 
Execute     source D:/project_1/custom_ips/color_convert/solution1/.autopilot/db/global.setting.tcl 
Execute     source D:/project_1/custom_ips/color_convert/solution1/.autopilot/db/color_convert.constraint.tcl 
Execute     source D:/project_1/custom_ips/color_convert/solution1/.autopilot/db/color_convert.tbgen.tcl 
Execute     source D:/project_1/custom_ips/color_convert/solution1/.autopilot/db/global.setting.tcl 
Execute     source D:/project_1/custom_ips/color_convert/solution1/.autopilot/db/color_convert.constraint.tcl 
Execute     source D:/project_1/custom_ips/color_convert/solution1/.autopilot/db/color_convert.tbgen.tcl 
Execute     source D:/project_1/custom_ips/color_convert/solution1/.autopilot/db/global.setting.tcl 
Execute     source D:/Xilinx/Vivado/2018.2/common/technology/generic/autopilot/common.gen 
Execute       source D:/Xilinx/Vivado/2018.2/common/technology/generic/autopilot/APCoreGen.gen 
Execute     source D:/Xilinx/Vivado/2018.2/common/technology/generic/autopilot/op.gen 
Execute     source D:/Xilinx/Vivado/2018.2/common/technology/generic/autopilot/op_simcore.gen 
Execute     source D:/Xilinx/Vivado/2018.2/common/technology/generic/autopilot/interface.gen 
Execute     source D:/project_1/custom_ips/color_convert/solution1/.autopilot/db/global.setting.tcl 
Execute     source D:/Xilinx/Vivado/2018.2/common/technology/xilinx/zynquplus/zynquplus.gen 
Execute       source D:/Xilinx/Vivado/2018.2/common/technology/xilinx/common/virtex.gen 
Execute         source D:/Xilinx/Vivado/2018.2/common/technology/xilinx/common/xilinx.gen 
Execute           source D:/Xilinx/Vivado/2018.2/common/technology/xilinx/interface/plb46.gen 
Execute           source D:/Xilinx/Vivado/2018.2/common/technology/xilinx/interface/fsl.gen 
Execute           source D:/Xilinx/Vivado/2018.2/common/technology/xilinx/interface/axi4.gen 
Execute           source D:/Xilinx/Vivado/2018.2/common/technology/xilinx/interface/nativeAXI4.gen 
Execute             source D:/Xilinx/Vivado/2018.2/common/technology/xilinx/interface/saxilite.gen 
Execute             source D:/Xilinx/Vivado/2018.2/common/technology/xilinx/interface/maxi.gen 
Execute           source D:/Xilinx/Vivado/2018.2/common/technology/xilinx/scripts/xilinxcoregen.gen 
Execute           source D:/Xilinx/Vivado/2018.2/common/technology/xilinx/interface/XilEDKCoreGen.gen 
Execute           source D:/Xilinx/Vivado/2018.2/common/technology/xilinx/ip/dds_compiler.gen 
Execute           source D:/Xilinx/Vivado/2018.2/common/technology/xilinx/ip/util.gen 
Execute           source D:/Xilinx/Vivado/2018.2/common/technology/xilinx/ip/xfft.gen 
Execute           source D:/Xilinx/Vivado/2018.2/common/technology/xilinx/ip/xfir.gen 
Command         ap_source done; 0.146 sec.
Execute         source D:/Xilinx/Vivado/2018.2/common/technology/xilinx/common/dsp48.gen 
Command       ap_source done; 0.149 sec.
Command     ap_source done; 0.149 sec.
Execute     source D:/Xilinx/Vivado/2018.2/common/technology/xilinx/zynquplus/zynquplus_fpv7.gen 
Execute       source D:/Xilinx/Vivado/2018.2/common/technology/xilinx/common/xilinx_fpv6.gen 
Command   export_design done; 10.429 sec.
Command ap_source done; 10.733 sec.
Execute cleanup_all 
