21:52:11 INFO  : Registering command handlers for SDK TCF services
21:52:12 INFO  : Launching XSCT server: xsct.bat -interactive D:\project_1\project_1.sdk\temp_xsdb_launch_script.tcl
21:52:17 INFO  : XSCT server has started successfully.
21:52:17 INFO  : Successfully done setting XSCT server connection channel  
21:52:21 INFO  : Successfully done setting SDK workspace  
21:52:21 INFO  : Processing command line option -hwspec D:/project_1/project_1.sdk/design_1_wrapper.hdf.
21:55:26 INFO  : Connected to target on host '127.0.0.1' and port '3121'.
21:55:27 INFO  : Jtag cable 'Platform Cable USB 00000000000000' is selected.
21:55:27 INFO  : 'jtag frequency' command is executed.
21:55:27 INFO  : Sourcing of 'D:/Xilinx/SDK/2018.2/scripts/sdk/util/zynqmp_utils.tcl' is done.
21:55:27 INFO  : Context for 'APU' is selected.
21:55:28 INFO  : System reset is completed.
21:55:31 INFO  : 'after 3000' command is executed.
21:55:31 INFO  : Context for 'APU' is selected.
21:55:32 INFO  : Cleared APU and A53 resets
21:55:32 INFO  : Context for 'RPU' is selected.
21:55:32 INFO  : Cleared RPU and R5 resets
21:55:33 INFO  : Split mode is enabled for R5#1
21:55:34 INFO  : 'targets -set -filter {jtag_cable_name =~ "Platform Cable USB 00000000000000" && level==0} -index 0' command is executed.
21:55:46 INFO  : FPGA configured successfully with bitstream "D:/project_1/project_1.sdk/design_1_wrapper_hw_platform_0/design_1_wrapper.bit"
21:55:48 INFO  : Context for 'APU' is selected.
21:55:48 INFO  : Hardware design information is loaded from 'D:/project_1/project_1.sdk/design_1_wrapper_hw_platform_0/system.hdf'.
21:55:48 INFO  : 'configparams force-mem-access 1' command is executed.
21:55:48 INFO  : Context for 'APU' is selected.
21:55:48 INFO  : Sourcing of 'D:/project_1/project_1.sdk/design_1_wrapper_hw_platform_0/psu_init.tcl' is done.
21:55:52 INFO  : 'psu_init' command is executed.
21:55:53 INFO  : 'after 1000' command is executed.
21:55:53 INFO  : 'psu_ps_pl_isolation_removal' command is executed.
21:55:54 INFO  : 'after 1000' command is executed.
21:55:54 INFO  : 'psu_ps_pl_reset_config' command is executed.
21:55:54 INFO  : 'catch {psu_protection}' command is executed.
21:55:54 INFO  : Context for processor 'psu_cortexa53_0' is selected.
21:55:54 INFO  : Processor reset is completed for 'psu_cortexa53_0'.
21:55:56 INFO  : The application 'D:/project_1/project_1.sdk/test/Debug/test.elf' is downloaded to processor 'psu_cortexa53_0'.
21:55:56 INFO  : 'configparams force-mem-access 0' command is executed.
21:55:56 INFO  : ----------------XSDB Script----------------
connect -url tcp:127.0.0.1:3121
source D:/Xilinx/SDK/2018.2/scripts/sdk/util/zynqmp_utils.tcl
targets -set -nocase -filter {name =~"APU*" && jtag_cable_name =~ "Platform Cable USB 00000000000000"} -index 1
rst -system
after 3000
targets -set -nocase -filter {name =~"APU*" && jtag_cable_name =~ "Platform Cable USB 00000000000000"} -index 1
reset_apu
targets -set -nocase -filter {name =~"RPU*" && jtag_cable_name =~ "Platform Cable USB 00000000000000"} -index 1
clear_rpu_reset
enable_split_mode
targets -set -filter {jtag_cable_name =~ "Platform Cable USB 00000000000000" && level==0} -index 0
fpga -file D:/project_1/project_1.sdk/design_1_wrapper_hw_platform_0/design_1_wrapper.bit
targets -set -nocase -filter {name =~"APU*" && jtag_cable_name =~ "Platform Cable USB 00000000000000"} -index 1
loadhw -hw D:/project_1/project_1.sdk/design_1_wrapper_hw_platform_0/system.hdf -mem-ranges [list {0x80000000 0xbfffffff} {0x400000000 0x5ffffffff} {0x1000000000 0x7fffffffff}]
configparams force-mem-access 1
targets -set -nocase -filter {name =~"APU*" && jtag_cable_name =~ "Platform Cable USB 00000000000000"} -index 1
source D:/project_1/project_1.sdk/design_1_wrapper_hw_platform_0/psu_init.tcl
psu_init
after 1000
psu_ps_pl_isolation_removal
after 1000
psu_ps_pl_reset_config
catch {psu_protection}
targets -set -nocase -filter {name =~"*A53*0" && jtag_cable_name =~ "Platform Cable USB 00000000000000"} -index 1
rst -processor
dow D:/project_1/project_1.sdk/test/Debug/test.elf
configparams force-mem-access 0
----------------End of Script----------------

21:57:57 INFO  : Disconnected from the channel tcfchan#1.
21:57:58 INFO  : Connected to target on host '127.0.0.1' and port '3121'.
21:58:08 INFO  : Jtag cable 'Platform Cable USB 00000000000000' is selected.
21:58:08 INFO  : 'jtag frequency' command is executed.
21:58:08 INFO  : Sourcing of 'D:/Xilinx/SDK/2018.2/scripts/sdk/util/zynqmp_utils.tcl' is done.
21:58:08 INFO  : Context for 'APU' is selected.
21:58:09 INFO  : System reset is completed.
21:58:12 INFO  : 'after 3000' command is executed.
21:58:12 INFO  : Context for 'APU' is selected.
21:58:12 INFO  : Cleared APU and A53 resets
21:58:12 INFO  : Context for 'RPU' is selected.
21:58:12 INFO  : Cleared RPU and R5 resets
21:58:13 INFO  : Split mode is enabled for R5#1
21:58:13 INFO  : 'targets -set -filter {jtag_cable_name =~ "Platform Cable USB 00000000000000" && level==0} -index 0' command is executed.
21:58:25 INFO  : FPGA configured successfully with bitstream "D:/project_1/project_1.sdk/design_1_wrapper_hw_platform_0/design_1_wrapper.bit"
21:58:25 INFO  : Context for 'APU' is selected.
21:58:26 INFO  : Hardware design information is loaded from 'D:/project_1/project_1.sdk/design_1_wrapper_hw_platform_0/system.hdf'.
21:58:26 INFO  : 'configparams force-mem-access 1' command is executed.
21:58:26 INFO  : Context for 'APU' is selected.
21:58:26 INFO  : Sourcing of 'D:/project_1/project_1.sdk/design_1_wrapper_hw_platform_0/psu_init.tcl' is done.
21:58:29 INFO  : 'psu_init' command is executed.
21:58:30 INFO  : 'after 1000' command is executed.
21:58:31 INFO  : 'psu_ps_pl_isolation_removal' command is executed.
21:58:32 INFO  : 'after 1000' command is executed.
21:58:32 INFO  : 'psu_ps_pl_reset_config' command is executed.
21:58:32 INFO  : 'catch {psu_protection}' command is executed.
21:58:32 INFO  : Context for processor 'psu_cortexa53_0' is selected.
21:58:32 INFO  : Processor reset is completed for 'psu_cortexa53_0'.
21:58:34 INFO  : The application 'D:/project_1/project_1.sdk/test/Debug/test.elf' is downloaded to processor 'psu_cortexa53_0'.
21:58:34 INFO  : 'configparams force-mem-access 0' command is executed.
21:58:34 INFO  : ----------------XSDB Script----------------
connect -url tcp:127.0.0.1:3121
source D:/Xilinx/SDK/2018.2/scripts/sdk/util/zynqmp_utils.tcl
targets -set -nocase -filter {name =~"APU*" && jtag_cable_name =~ "Platform Cable USB 00000000000000"} -index 1
rst -system
after 3000
targets -set -nocase -filter {name =~"APU*" && jtag_cable_name =~ "Platform Cable USB 00000000000000"} -index 1
reset_apu
targets -set -nocase -filter {name =~"RPU*" && jtag_cable_name =~ "Platform Cable USB 00000000000000"} -index 1
clear_rpu_reset
enable_split_mode
targets -set -filter {jtag_cable_name =~ "Platform Cable USB 00000000000000" && level==0} -index 0
fpga -file D:/project_1/project_1.sdk/design_1_wrapper_hw_platform_0/design_1_wrapper.bit
targets -set -nocase -filter {name =~"APU*" && jtag_cable_name =~ "Platform Cable USB 00000000000000"} -index 1
loadhw -hw D:/project_1/project_1.sdk/design_1_wrapper_hw_platform_0/system.hdf -mem-ranges [list {0x80000000 0xbfffffff} {0x400000000 0x5ffffffff} {0x1000000000 0x7fffffffff}]
configparams force-mem-access 1
targets -set -nocase -filter {name =~"APU*" && jtag_cable_name =~ "Platform Cable USB 00000000000000"} -index 1
source D:/project_1/project_1.sdk/design_1_wrapper_hw_platform_0/psu_init.tcl
psu_init
after 1000
psu_ps_pl_isolation_removal
after 1000
psu_ps_pl_reset_config
catch {psu_protection}
targets -set -nocase -filter {name =~"*A53*0" && jtag_cable_name =~ "Platform Cable USB 00000000000000"} -index 1
rst -processor
dow D:/project_1/project_1.sdk/test/Debug/test.elf
configparams force-mem-access 0
----------------End of Script----------------

21:58:34 INFO  : Context for processor 'psu_cortexa53_0' is selected.
21:58:34 INFO  : 'con' command is executed.
21:58:34 INFO  : ----------------XSDB Script (After Launch)----------------
targets -set -nocase -filter {name =~"*A53*0" && jtag_cable_name =~ "Platform Cable USB 00000000000000"} -index 1
con
----------------End of Script----------------

21:58:34 INFO  : Disconnected from the channel tcfchan#2.
12:05:29 INFO  : Registering command handlers for SDK TCF services
12:05:30 INFO  : Launching XSCT server: xsct.bat -interactive D:\project_1\project_1.sdk\temp_xsdb_launch_script.tcl
12:05:34 INFO  : XSCT server has started successfully.
12:05:39 INFO  : Successfully done setting XSCT server connection channel  
12:05:39 INFO  : Processing command line option -hwspec D:/project_1/project_1.sdk/design_1_wrapper.hdf.
12:05:39 INFO  : Successfully done setting SDK workspace  
12:05:39 INFO  : Checking for hwspec changes in the project design_1_wrapper_hw_platform_0.
12:05:54 INFO  : SDK has detected change in the last modified timestamps for source hardware specification file Source:1570781675596,  Project:1570730846805
12:05:54 INFO  : The hardware specification for project 'design_1_wrapper_hw_platform_0' is different from D:/project_1/project_1.sdk/design_1_wrapper.hdf.
12:05:54 INFO  : Copied contents of D:/project_1/project_1.sdk/design_1_wrapper.hdf into \design_1_wrapper_hw_platform_0\system.hdf.
12:06:11 INFO  : Synchronizing projects in the workspace with the hardware platform specification changes.
12:06:23 INFO  : 
12:06:24 INFO  : Updating hardware inferred compiler options for test.
12:06:24 INFO  : Clearing existing target manager status.
12:08:26 INFO  : Connected to target on host '127.0.0.1' and port '3121'.
12:08:35 INFO  : ----------------XSDB Script----------------
connect -url tcp:127.0.0.1:3121
----------------End of Script----------------

12:08:42 INFO  : Connected to target on host '127.0.0.1' and port '3121'.
12:08:42 INFO  : Jtag cable 'Platform Cable USB 00000000000000' is selected.
12:08:42 INFO  : 'jtag frequency' command is executed.
12:08:42 INFO  : Sourcing of 'D:/Xilinx/SDK/2018.2/scripts/sdk/util/zynqmp_utils.tcl' is done.
12:08:42 INFO  : Context for 'APU' is selected.
12:08:44 INFO  : System reset is completed.
12:08:47 INFO  : 'after 3000' command is executed.
12:08:47 INFO  : Context for 'APU' is selected.
12:08:47 INFO  : Cleared APU and A53 resets
12:08:47 INFO  : Context for 'RPU' is selected.
12:08:47 INFO  : Cleared RPU and R5 resets
12:08:48 INFO  : Split mode is enabled for R5#1
12:08:48 INFO  : 'targets -set -filter {jtag_cable_name =~ "Platform Cable USB 00000000000000" && level==0} -index 0' command is executed.
12:09:00 INFO  : FPGA configured successfully with bitstream "D:/project_1/project_1.sdk/design_1_wrapper_hw_platform_0/design_1_wrapper.bit"
12:09:00 INFO  : Context for 'APU' is selected.
12:09:01 INFO  : Hardware design information is loaded from 'D:/project_1/project_1.sdk/design_1_wrapper_hw_platform_0/system.hdf'.
12:09:01 INFO  : 'configparams force-mem-access 1' command is executed.
12:09:01 INFO  : Context for 'APU' is selected.
12:09:01 INFO  : Sourcing of 'D:/project_1/project_1.sdk/design_1_wrapper_hw_platform_0/psu_init.tcl' is done.
12:09:04 INFO  : 'psu_init' command is executed.
12:09:05 INFO  : 'after 1000' command is executed.
12:09:05 INFO  : 'psu_ps_pl_isolation_removal' command is executed.
12:09:06 INFO  : 'after 1000' command is executed.
12:09:06 INFO  : 'psu_ps_pl_reset_config' command is executed.
12:09:06 INFO  : 'catch {psu_protection}' command is executed.
12:09:06 INFO  : Context for processor 'psu_cortexa53_0' is selected.
12:09:06 INFO  : Processor reset is completed for 'psu_cortexa53_0'.
12:09:08 INFO  : The application 'D:/project_1/project_1.sdk/test/Debug/test.elf' is downloaded to processor 'psu_cortexa53_0'.
12:09:08 INFO  : 'configparams force-mem-access 0' command is executed.
12:09:08 INFO  : ----------------XSDB Script----------------
connect -url tcp:127.0.0.1:3121
source D:/Xilinx/SDK/2018.2/scripts/sdk/util/zynqmp_utils.tcl
targets -set -nocase -filter {name =~"APU*" && jtag_cable_name =~ "Platform Cable USB 00000000000000"} -index 1
rst -system
after 3000
targets -set -nocase -filter {name =~"APU*" && jtag_cable_name =~ "Platform Cable USB 00000000000000"} -index 1
reset_apu
targets -set -nocase -filter {name =~"RPU*" && jtag_cable_name =~ "Platform Cable USB 00000000000000"} -index 1
clear_rpu_reset
enable_split_mode
targets -set -filter {jtag_cable_name =~ "Platform Cable USB 00000000000000" && level==0} -index 0
fpga -file D:/project_1/project_1.sdk/design_1_wrapper_hw_platform_0/design_1_wrapper.bit
targets -set -nocase -filter {name =~"APU*" && jtag_cable_name =~ "Platform Cable USB 00000000000000"} -index 1
loadhw -hw D:/project_1/project_1.sdk/design_1_wrapper_hw_platform_0/system.hdf -mem-ranges [list {0x80000000 0xbfffffff} {0x400000000 0x5ffffffff} {0x1000000000 0x7fffffffff}]
configparams force-mem-access 1
targets -set -nocase -filter {name =~"APU*" && jtag_cable_name =~ "Platform Cable USB 00000000000000"} -index 1
source D:/project_1/project_1.sdk/design_1_wrapper_hw_platform_0/psu_init.tcl
psu_init
after 1000
psu_ps_pl_isolation_removal
after 1000
psu_ps_pl_reset_config
catch {psu_protection}
targets -set -nocase -filter {name =~"*A53*0" && jtag_cable_name =~ "Platform Cable USB 00000000000000"} -index 1
rst -processor
dow D:/project_1/project_1.sdk/test/Debug/test.elf
configparams force-mem-access 0
----------------End of Script----------------

12:09:08 INFO  : Context for processor 'psu_cortexa53_0' is selected.
12:09:08 INFO  : 'con' command is executed.
12:09:08 INFO  : ----------------XSDB Script (After Launch)----------------
targets -set -nocase -filter {name =~"*A53*0" && jtag_cable_name =~ "Platform Cable USB 00000000000000"} -index 1
con
----------------End of Script----------------

12:09:08 INFO  : Disconnected from the channel tcfchan#1.
14:53:10 INFO  : SDK has detected change in the last modified timestamps for source hardware specification file Source:1570784665843,  Project:1570781675596
14:53:10 INFO  : Project design_1_wrapper_hw_platform_0's source hardware specification located at D:/project_1/project_1.sdk/design_1_wrapper.hdf is now different from the local copy.
		 The local copy will be replaced with the source specification and your workspace will be updated.
14:53:24 INFO  : Copied contents of D:/project_1/project_1.sdk/design_1_wrapper.hdf into \design_1_wrapper_hw_platform_0\system.hdf.
14:53:45 INFO  : Synchronizing projects in the workspace with the hardware platform specification changes.
14:53:58 INFO  : 
14:53:59 INFO  : Updating hardware inferred compiler options for test.
14:53:59 INFO  : Clearing existing target manager status.
14:54:17 INFO  : Connected to target on host '127.0.0.1' and port '3121'.
14:54:18 INFO  : Jtag cable 'Platform Cable USB 00000000000000' is selected.
14:54:18 INFO  : 'jtag frequency' command is executed.
14:54:18 INFO  : Sourcing of 'D:/Xilinx/SDK/2018.2/scripts/sdk/util/zynqmp_utils.tcl' is done.
14:54:18 INFO  : Context for 'APU' is selected.
14:54:19 INFO  : System reset is completed.
14:54:22 INFO  : 'after 3000' command is executed.
14:54:22 INFO  : Context for 'APU' is selected.
14:54:22 INFO  : Cleared APU and A53 resets
14:54:23 INFO  : Context for 'RPU' is selected.
14:54:23 INFO  : Cleared RPU and R5 resets
14:54:23 INFO  : Split mode is enabled for R5#1
14:54:23 INFO  : 'targets -set -filter {jtag_cable_name =~ "Platform Cable USB 00000000000000" && level==0} -index 0' command is executed.
14:54:35 INFO  : FPGA configured successfully with bitstream "D:/project_1/project_1.sdk/design_1_wrapper_hw_platform_0/design_1_wrapper.bit"
14:54:36 INFO  : Context for 'APU' is selected.
14:54:36 INFO  : Hardware design information is loaded from 'D:/project_1/project_1.sdk/design_1_wrapper_hw_platform_0/system.hdf'.
14:54:36 INFO  : 'configparams force-mem-access 1' command is executed.
14:54:36 INFO  : Context for 'APU' is selected.
14:54:36 INFO  : Sourcing of 'D:/project_1/project_1.sdk/design_1_wrapper_hw_platform_0/psu_init.tcl' is done.
14:54:40 INFO  : 'psu_init' command is executed.
14:54:41 INFO  : 'after 1000' command is executed.
14:54:41 INFO  : 'psu_ps_pl_isolation_removal' command is executed.
14:54:42 INFO  : 'after 1000' command is executed.
14:54:42 INFO  : 'psu_ps_pl_reset_config' command is executed.
14:54:42 INFO  : 'catch {psu_protection}' command is executed.
14:54:42 INFO  : Context for processor 'psu_cortexa53_0' is selected.
14:54:42 INFO  : Processor reset is completed for 'psu_cortexa53_0'.
14:54:44 INFO  : The application 'D:/project_1/project_1.sdk/test/Debug/test.elf' is downloaded to processor 'psu_cortexa53_0'.
14:54:44 INFO  : 'configparams force-mem-access 0' command is executed.
14:54:44 INFO  : ----------------XSDB Script----------------
connect -url tcp:127.0.0.1:3121
source D:/Xilinx/SDK/2018.2/scripts/sdk/util/zynqmp_utils.tcl
targets -set -nocase -filter {name =~"APU*" && jtag_cable_name =~ "Platform Cable USB 00000000000000"} -index 1
rst -system
after 3000
targets -set -nocase -filter {name =~"APU*" && jtag_cable_name =~ "Platform Cable USB 00000000000000"} -index 1
reset_apu
targets -set -nocase -filter {name =~"RPU*" && jtag_cable_name =~ "Platform Cable USB 00000000000000"} -index 1
clear_rpu_reset
enable_split_mode
targets -set -filter {jtag_cable_name =~ "Platform Cable USB 00000000000000" && level==0} -index 0
fpga -file D:/project_1/project_1.sdk/design_1_wrapper_hw_platform_0/design_1_wrapper.bit
targets -set -nocase -filter {name =~"APU*" && jtag_cable_name =~ "Platform Cable USB 00000000000000"} -index 1
loadhw -hw D:/project_1/project_1.sdk/design_1_wrapper_hw_platform_0/system.hdf -mem-ranges [list {0x80000000 0xbfffffff} {0x400000000 0x5ffffffff} {0x1000000000 0x7fffffffff}]
configparams force-mem-access 1
targets -set -nocase -filter {name =~"APU*" && jtag_cable_name =~ "Platform Cable USB 00000000000000"} -index 1
source D:/project_1/project_1.sdk/design_1_wrapper_hw_platform_0/psu_init.tcl
psu_init
after 1000
psu_ps_pl_isolation_removal
after 1000
psu_ps_pl_reset_config
catch {psu_protection}
targets -set -nocase -filter {name =~"*A53*0" && jtag_cable_name =~ "Platform Cable USB 00000000000000"} -index 1
rst -processor
dow D:/project_1/project_1.sdk/test/Debug/test.elf
configparams force-mem-access 0
----------------End of Script----------------

14:54:44 INFO  : Context for processor 'psu_cortexa53_0' is selected.
14:54:44 INFO  : 'con' command is executed.
14:54:44 INFO  : ----------------XSDB Script (After Launch)----------------
targets -set -nocase -filter {name =~"*A53*0" && jtag_cable_name =~ "Platform Cable USB 00000000000000"} -index 1
con
----------------End of Script----------------

14:54:44 INFO  : Disconnected from the channel tcfchan#2.
15:12:05 INFO  : SDK has detected change in the last modified timestamps for source hardware specification file Source:1570794116023,  Project:1570784665843
15:12:05 INFO  : Project design_1_wrapper_hw_platform_0's source hardware specification located at D:/project_1/project_1.sdk/design_1_wrapper.hdf is now different from the local copy.
		 The local copy will be replaced with the source specification and your workspace will be updated.
15:12:07 INFO  : Copied contents of D:/project_1/project_1.sdk/design_1_wrapper.hdf into \design_1_wrapper_hw_platform_0\system.hdf.
15:12:25 INFO  : Synchronizing projects in the workspace with the hardware platform specification changes.
15:12:28 INFO  : 
15:12:29 INFO  : Updating hardware inferred compiler options for test.
15:12:29 INFO  : Clearing existing target manager status.
15:14:34 INFO  : Connected to target on host '127.0.0.1' and port '3121'.
15:14:44 INFO  : ----------------XSDB Script----------------
connect -url tcp:127.0.0.1:3121
----------------End of Script----------------

15:14:50 INFO  : Connected to target on host '127.0.0.1' and port '3121'.
15:14:50 INFO  : Jtag cable 'Platform Cable USB 00000000000000' is selected.
15:14:50 INFO  : 'jtag frequency' command is executed.
15:14:50 INFO  : Sourcing of 'D:/Xilinx/SDK/2018.2/scripts/sdk/util/zynqmp_utils.tcl' is done.
15:14:50 INFO  : Context for 'APU' is selected.
15:14:52 INFO  : System reset is completed.
15:14:55 INFO  : 'after 3000' command is executed.
15:14:55 INFO  : Context for 'APU' is selected.
15:14:55 INFO  : Cleared APU and A53 resets
15:14:55 INFO  : Context for 'RPU' is selected.
15:14:56 INFO  : Cleared RPU and R5 resets
15:14:56 INFO  : Split mode is enabled for R5#1
15:14:56 INFO  : 'targets -set -filter {jtag_cable_name =~ "Platform Cable USB 00000000000000" && level==0} -index 0' command is executed.
15:15:08 INFO  : FPGA configured successfully with bitstream "D:/project_1/project_1.sdk/design_1_wrapper_hw_platform_0/design_1_wrapper.bit"
15:15:08 INFO  : Context for 'APU' is selected.
15:15:09 INFO  : Hardware design information is loaded from 'D:/project_1/project_1.sdk/design_1_wrapper_hw_platform_0/system.hdf'.
15:15:09 INFO  : 'configparams force-mem-access 1' command is executed.
15:15:09 INFO  : Context for 'APU' is selected.
15:15:09 INFO  : Sourcing of 'D:/project_1/project_1.sdk/design_1_wrapper_hw_platform_0/psu_init.tcl' is done.
15:15:12 INFO  : 'psu_init' command is executed.
15:15:13 INFO  : 'after 1000' command is executed.
15:15:13 INFO  : 'psu_ps_pl_isolation_removal' command is executed.
15:15:14 INFO  : 'after 1000' command is executed.
15:15:14 INFO  : 'psu_ps_pl_reset_config' command is executed.
15:15:14 INFO  : 'catch {psu_protection}' command is executed.
15:15:14 INFO  : Context for processor 'psu_cortexa53_0' is selected.
15:15:14 INFO  : Processor reset is completed for 'psu_cortexa53_0'.
15:15:16 INFO  : The application 'D:/project_1/project_1.sdk/test/Debug/test.elf' is downloaded to processor 'psu_cortexa53_0'.
15:15:16 INFO  : 'configparams force-mem-access 0' command is executed.
15:15:16 INFO  : ----------------XSDB Script----------------
connect -url tcp:127.0.0.1:3121
source D:/Xilinx/SDK/2018.2/scripts/sdk/util/zynqmp_utils.tcl
targets -set -nocase -filter {name =~"APU*" && jtag_cable_name =~ "Platform Cable USB 00000000000000"} -index 1
rst -system
after 3000
targets -set -nocase -filter {name =~"APU*" && jtag_cable_name =~ "Platform Cable USB 00000000000000"} -index 1
reset_apu
targets -set -nocase -filter {name =~"RPU*" && jtag_cable_name =~ "Platform Cable USB 00000000000000"} -index 1
clear_rpu_reset
enable_split_mode
targets -set -filter {jtag_cable_name =~ "Platform Cable USB 00000000000000" && level==0} -index 0
fpga -file D:/project_1/project_1.sdk/design_1_wrapper_hw_platform_0/design_1_wrapper.bit
targets -set -nocase -filter {name =~"APU*" && jtag_cable_name =~ "Platform Cable USB 00000000000000"} -index 1
loadhw -hw D:/project_1/project_1.sdk/design_1_wrapper_hw_platform_0/system.hdf -mem-ranges [list {0x80000000 0xbfffffff} {0x400000000 0x5ffffffff} {0x1000000000 0x7fffffffff}]
configparams force-mem-access 1
targets -set -nocase -filter {name =~"APU*" && jtag_cable_name =~ "Platform Cable USB 00000000000000"} -index 1
source D:/project_1/project_1.sdk/design_1_wrapper_hw_platform_0/psu_init.tcl
psu_init
after 1000
psu_ps_pl_isolation_removal
after 1000
psu_ps_pl_reset_config
catch {psu_protection}
targets -set -nocase -filter {name =~"*A53*0" && jtag_cable_name =~ "Platform Cable USB 00000000000000"} -index 1
rst -processor
dow D:/project_1/project_1.sdk/test/Debug/test.elf
configparams force-mem-access 0
----------------End of Script----------------

15:15:16 INFO  : Context for processor 'psu_cortexa53_0' is selected.
15:15:16 INFO  : 'con' command is executed.
15:15:16 INFO  : ----------------XSDB Script (After Launch)----------------
targets -set -nocase -filter {name =~"*A53*0" && jtag_cable_name =~ "Platform Cable USB 00000000000000"} -index 1
con
----------------End of Script----------------

15:15:16 INFO  : Disconnected from the channel tcfchan#3.
15:23:53 INFO  : Connected to target on host '127.0.0.1' and port '3121'.
15:23:54 INFO  : Jtag cable 'Platform Cable USB 00000000000000' is selected.
15:23:54 INFO  : 'jtag frequency' command is executed.
15:23:54 INFO  : Sourcing of 'D:/Xilinx/SDK/2018.2/scripts/sdk/util/zynqmp_utils.tcl' is done.
15:23:54 INFO  : Context for 'APU' is selected.
15:23:55 INFO  : System reset is completed.
15:23:58 INFO  : 'after 3000' command is executed.
15:23:58 INFO  : Context for 'APU' is selected.
15:23:58 INFO  : Cleared APU and A53 resets
15:23:58 INFO  : Context for 'RPU' is selected.
15:23:59 INFO  : Cleared RPU and R5 resets
15:23:59 INFO  : Split mode is enabled for R5#1
15:23:59 INFO  : 'targets -set -filter {jtag_cable_name =~ "Platform Cable USB 00000000000000" && level==0} -index 0' command is executed.
15:24:11 INFO  : FPGA configured successfully with bitstream "D:/project_1/project_1.sdk/design_1_wrapper_hw_platform_0/design_1_wrapper.bit"
15:24:11 INFO  : Context for 'APU' is selected.
15:24:11 INFO  : Hardware design information is loaded from 'D:/project_1/project_1.sdk/design_1_wrapper_hw_platform_0/system.hdf'.
15:24:11 INFO  : 'configparams force-mem-access 1' command is executed.
15:24:12 INFO  : Context for 'APU' is selected.
15:24:12 INFO  : Sourcing of 'D:/project_1/project_1.sdk/design_1_wrapper_hw_platform_0/psu_init.tcl' is done.
15:24:15 INFO  : 'psu_init' command is executed.
15:24:16 INFO  : 'after 1000' command is executed.
15:24:16 INFO  : 'psu_ps_pl_isolation_removal' command is executed.
15:24:17 INFO  : 'after 1000' command is executed.
15:24:17 INFO  : 'psu_ps_pl_reset_config' command is executed.
15:24:17 INFO  : 'catch {psu_protection}' command is executed.
15:24:17 INFO  : Context for processor 'psu_cortexa53_0' is selected.
15:24:17 INFO  : Processor reset is completed for 'psu_cortexa53_0'.
15:24:19 INFO  : The application 'D:/project_1/project_1.sdk/test/Debug/test.elf' is downloaded to processor 'psu_cortexa53_0'.
15:24:19 INFO  : 'configparams force-mem-access 0' command is executed.
15:24:19 INFO  : ----------------XSDB Script----------------
connect -url tcp:127.0.0.1:3121
source D:/Xilinx/SDK/2018.2/scripts/sdk/util/zynqmp_utils.tcl
targets -set -nocase -filter {name =~"APU*" && jtag_cable_name =~ "Platform Cable USB 00000000000000"} -index 1
rst -system
after 3000
targets -set -nocase -filter {name =~"APU*" && jtag_cable_name =~ "Platform Cable USB 00000000000000"} -index 1
reset_apu
targets -set -nocase -filter {name =~"RPU*" && jtag_cable_name =~ "Platform Cable USB 00000000000000"} -index 1
clear_rpu_reset
enable_split_mode
targets -set -filter {jtag_cable_name =~ "Platform Cable USB 00000000000000" && level==0} -index 0
fpga -file D:/project_1/project_1.sdk/design_1_wrapper_hw_platform_0/design_1_wrapper.bit
targets -set -nocase -filter {name =~"APU*" && jtag_cable_name =~ "Platform Cable USB 00000000000000"} -index 1
loadhw -hw D:/project_1/project_1.sdk/design_1_wrapper_hw_platform_0/system.hdf -mem-ranges [list {0x80000000 0xbfffffff} {0x400000000 0x5ffffffff} {0x1000000000 0x7fffffffff}]
configparams force-mem-access 1
targets -set -nocase -filter {name =~"APU*" && jtag_cable_name =~ "Platform Cable USB 00000000000000"} -index 1
source D:/project_1/project_1.sdk/design_1_wrapper_hw_platform_0/psu_init.tcl
psu_init
after 1000
psu_ps_pl_isolation_removal
after 1000
psu_ps_pl_reset_config
catch {psu_protection}
targets -set -nocase -filter {name =~"*A53*0" && jtag_cable_name =~ "Platform Cable USB 00000000000000"} -index 1
rst -processor
dow D:/project_1/project_1.sdk/test/Debug/test.elf
configparams force-mem-access 0
----------------End of Script----------------

15:24:19 INFO  : Context for processor 'psu_cortexa53_0' is selected.
15:24:19 INFO  : 'con' command is executed.
15:24:19 INFO  : ----------------XSDB Script (After Launch)----------------
targets -set -nocase -filter {name =~"*A53*0" && jtag_cable_name =~ "Platform Cable USB 00000000000000"} -index 1
con
----------------End of Script----------------

15:24:19 INFO  : Disconnected from the channel tcfchan#4.
15:26:58 INFO  : Connected to target on host '127.0.0.1' and port '3121'.
15:26:59 INFO  : Jtag cable 'Platform Cable USB 00000000000000' is selected.
15:26:59 INFO  : 'jtag frequency' command is executed.
15:26:59 INFO  : Sourcing of 'D:/Xilinx/SDK/2018.2/scripts/sdk/util/zynqmp_utils.tcl' is done.
15:26:59 INFO  : Context for 'APU' is selected.
15:27:00 INFO  : System reset is completed.
15:27:03 INFO  : 'after 3000' command is executed.
15:27:03 INFO  : Context for 'APU' is selected.
15:27:03 INFO  : Cleared APU and A53 resets
15:27:03 INFO  : Context for 'RPU' is selected.
15:27:04 INFO  : Cleared RPU and R5 resets
15:27:04 INFO  : Split mode is enabled for R5#1
15:27:04 INFO  : 'targets -set -filter {jtag_cable_name =~ "Platform Cable USB 00000000000000" && level==0} -index 0' command is executed.
15:27:16 INFO  : FPGA configured successfully with bitstream "D:/project_1/project_1.sdk/design_1_wrapper_hw_platform_0/design_1_wrapper.bit"
15:27:16 INFO  : Context for 'APU' is selected.
15:27:16 INFO  : Hardware design information is loaded from 'D:/project_1/project_1.sdk/design_1_wrapper_hw_platform_0/system.hdf'.
15:27:16 INFO  : 'configparams force-mem-access 1' command is executed.
15:27:16 INFO  : Context for 'APU' is selected.
15:27:16 INFO  : Sourcing of 'D:/project_1/project_1.sdk/design_1_wrapper_hw_platform_0/psu_init.tcl' is done.
15:27:20 INFO  : 'psu_init' command is executed.
15:27:21 INFO  : 'after 1000' command is executed.
15:27:21 INFO  : 'psu_ps_pl_isolation_removal' command is executed.
15:27:22 INFO  : 'after 1000' command is executed.
15:27:22 INFO  : 'psu_ps_pl_reset_config' command is executed.
15:27:22 INFO  : 'catch {psu_protection}' command is executed.
15:27:22 INFO  : Context for processor 'psu_cortexa53_0' is selected.
15:27:22 INFO  : Processor reset is completed for 'psu_cortexa53_0'.
15:27:24 INFO  : The application 'D:/project_1/project_1.sdk/test/Debug/test.elf' is downloaded to processor 'psu_cortexa53_0'.
15:27:24 INFO  : 'configparams force-mem-access 0' command is executed.
15:27:24 INFO  : ----------------XSDB Script----------------
connect -url tcp:127.0.0.1:3121
source D:/Xilinx/SDK/2018.2/scripts/sdk/util/zynqmp_utils.tcl
targets -set -nocase -filter {name =~"APU*" && jtag_cable_name =~ "Platform Cable USB 00000000000000"} -index 1
rst -system
after 3000
targets -set -nocase -filter {name =~"APU*" && jtag_cable_name =~ "Platform Cable USB 00000000000000"} -index 1
reset_apu
targets -set -nocase -filter {name =~"RPU*" && jtag_cable_name =~ "Platform Cable USB 00000000000000"} -index 1
clear_rpu_reset
enable_split_mode
targets -set -filter {jtag_cable_name =~ "Platform Cable USB 00000000000000" && level==0} -index 0
fpga -file D:/project_1/project_1.sdk/design_1_wrapper_hw_platform_0/design_1_wrapper.bit
targets -set -nocase -filter {name =~"APU*" && jtag_cable_name =~ "Platform Cable USB 00000000000000"} -index 1
loadhw -hw D:/project_1/project_1.sdk/design_1_wrapper_hw_platform_0/system.hdf -mem-ranges [list {0x80000000 0xbfffffff} {0x400000000 0x5ffffffff} {0x1000000000 0x7fffffffff}]
configparams force-mem-access 1
targets -set -nocase -filter {name =~"APU*" && jtag_cable_name =~ "Platform Cable USB 00000000000000"} -index 1
source D:/project_1/project_1.sdk/design_1_wrapper_hw_platform_0/psu_init.tcl
psu_init
after 1000
psu_ps_pl_isolation_removal
after 1000
psu_ps_pl_reset_config
catch {psu_protection}
targets -set -nocase -filter {name =~"*A53*0" && jtag_cable_name =~ "Platform Cable USB 00000000000000"} -index 1
rst -processor
dow D:/project_1/project_1.sdk/test/Debug/test.elf
configparams force-mem-access 0
----------------End of Script----------------

15:27:24 INFO  : Context for processor 'psu_cortexa53_0' is selected.
15:27:24 INFO  : 'con' command is executed.
15:27:24 INFO  : ----------------XSDB Script (After Launch)----------------
targets -set -nocase -filter {name =~"*A53*0" && jtag_cable_name =~ "Platform Cable USB 00000000000000"} -index 1
con
----------------End of Script----------------

15:27:24 INFO  : Disconnected from the channel tcfchan#5.
15:29:04 INFO  : Connected to target on host '127.0.0.1' and port '3121'.
15:29:04 INFO  : Jtag cable 'Platform Cable USB 00000000000000' is selected.
15:29:04 INFO  : 'jtag frequency' command is executed.
15:29:04 INFO  : Sourcing of 'D:/Xilinx/SDK/2018.2/scripts/sdk/util/zynqmp_utils.tcl' is done.
15:29:04 INFO  : Context for 'APU' is selected.
15:29:05 INFO  : System reset is completed.
15:29:08 INFO  : 'after 3000' command is executed.
15:29:08 INFO  : Context for 'APU' is selected.
15:29:09 INFO  : Cleared APU and A53 resets
15:29:09 INFO  : Context for 'RPU' is selected.
15:29:09 INFO  : Cleared RPU and R5 resets
15:29:09 INFO  : Split mode is enabled for R5#1
15:29:09 INFO  : 'targets -set -filter {jtag_cable_name =~ "Platform Cable USB 00000000000000" && level==0} -index 0' command is executed.
15:29:22 INFO  : FPGA configured successfully with bitstream "D:/project_1/project_1.sdk/design_1_wrapper_hw_platform_0/design_1_wrapper.bit"
15:29:22 INFO  : Context for 'APU' is selected.
15:29:22 INFO  : Hardware design information is loaded from 'D:/project_1/project_1.sdk/design_1_wrapper_hw_platform_0/system.hdf'.
15:29:22 INFO  : 'configparams force-mem-access 1' command is executed.
15:29:22 INFO  : Context for 'APU' is selected.
15:29:22 INFO  : Sourcing of 'D:/project_1/project_1.sdk/design_1_wrapper_hw_platform_0/psu_init.tcl' is done.
15:29:25 INFO  : 'psu_init' command is executed.
15:29:26 INFO  : 'after 1000' command is executed.
15:29:26 INFO  : 'psu_ps_pl_isolation_removal' command is executed.
15:29:27 INFO  : 'after 1000' command is executed.
15:29:28 INFO  : 'psu_ps_pl_reset_config' command is executed.
15:29:28 INFO  : 'catch {psu_protection}' command is executed.
15:29:28 INFO  : Context for processor 'psu_cortexa53_0' is selected.
15:29:28 INFO  : Processor reset is completed for 'psu_cortexa53_0'.
15:29:29 INFO  : The application 'D:/project_1/project_1.sdk/test/Debug/test.elf' is downloaded to processor 'psu_cortexa53_0'.
15:29:29 INFO  : 'configparams force-mem-access 0' command is executed.
15:29:29 INFO  : ----------------XSDB Script----------------
connect -url tcp:127.0.0.1:3121
source D:/Xilinx/SDK/2018.2/scripts/sdk/util/zynqmp_utils.tcl
targets -set -nocase -filter {name =~"APU*" && jtag_cable_name =~ "Platform Cable USB 00000000000000"} -index 1
rst -system
after 3000
targets -set -nocase -filter {name =~"APU*" && jtag_cable_name =~ "Platform Cable USB 00000000000000"} -index 1
reset_apu
targets -set -nocase -filter {name =~"RPU*" && jtag_cable_name =~ "Platform Cable USB 00000000000000"} -index 1
clear_rpu_reset
enable_split_mode
targets -set -filter {jtag_cable_name =~ "Platform Cable USB 00000000000000" && level==0} -index 0
fpga -file D:/project_1/project_1.sdk/design_1_wrapper_hw_platform_0/design_1_wrapper.bit
targets -set -nocase -filter {name =~"APU*" && jtag_cable_name =~ "Platform Cable USB 00000000000000"} -index 1
loadhw -hw D:/project_1/project_1.sdk/design_1_wrapper_hw_platform_0/system.hdf -mem-ranges [list {0x80000000 0xbfffffff} {0x400000000 0x5ffffffff} {0x1000000000 0x7fffffffff}]
configparams force-mem-access 1
targets -set -nocase -filter {name =~"APU*" && jtag_cable_name =~ "Platform Cable USB 00000000000000"} -index 1
source D:/project_1/project_1.sdk/design_1_wrapper_hw_platform_0/psu_init.tcl
psu_init
after 1000
psu_ps_pl_isolation_removal
after 1000
psu_ps_pl_reset_config
catch {psu_protection}
targets -set -nocase -filter {name =~"*A53*0" && jtag_cable_name =~ "Platform Cable USB 00000000000000"} -index 1
rst -processor
dow D:/project_1/project_1.sdk/test/Debug/test.elf
configparams force-mem-access 0
----------------End of Script----------------

15:29:29 INFO  : Context for processor 'psu_cortexa53_0' is selected.
15:29:30 INFO  : 'con' command is executed.
15:29:30 INFO  : ----------------XSDB Script (After Launch)----------------
targets -set -nocase -filter {name =~"*A53*0" && jtag_cable_name =~ "Platform Cable USB 00000000000000"} -index 1
con
----------------End of Script----------------

15:29:30 INFO  : Disconnected from the channel tcfchan#6.
15:46:43 INFO  : Connected to target on host '127.0.0.1' and port '3121'.
15:46:44 INFO  : Jtag cable 'Platform Cable USB 00000000000000' is selected.
15:46:44 INFO  : 'jtag frequency' command is executed.
15:46:44 INFO  : Sourcing of 'D:/Xilinx/SDK/2018.2/scripts/sdk/util/zynqmp_utils.tcl' is done.
15:46:44 INFO  : Context for 'APU' is selected.
15:46:45 INFO  : System reset is completed.
15:46:48 INFO  : 'after 3000' command is executed.
15:46:48 INFO  : Context for 'APU' is selected.
15:46:49 INFO  : Cleared APU and A53 resets
15:46:49 INFO  : Context for 'RPU' is selected.
15:46:49 INFO  : Cleared RPU and R5 resets
15:46:49 INFO  : Split mode is enabled for R5#1
15:46:49 INFO  : 'targets -set -filter {jtag_cable_name =~ "Platform Cable USB 00000000000000" && level==0} -index 0' command is executed.
15:47:02 INFO  : FPGA configured successfully with bitstream "D:/project_1/project_1.sdk/design_1_wrapper_hw_platform_0/design_1_wrapper.bit"
15:47:02 INFO  : Context for 'APU' is selected.
15:47:02 INFO  : Hardware design information is loaded from 'D:/project_1/project_1.sdk/design_1_wrapper_hw_platform_0/system.hdf'.
15:47:02 INFO  : 'configparams force-mem-access 1' command is executed.
15:47:02 INFO  : Context for 'APU' is selected.
15:47:02 INFO  : Sourcing of 'D:/project_1/project_1.sdk/design_1_wrapper_hw_platform_0/psu_init.tcl' is done.
15:47:05 INFO  : 'psu_init' command is executed.
15:47:06 INFO  : 'after 1000' command is executed.
15:47:06 INFO  : 'psu_ps_pl_isolation_removal' command is executed.
15:47:07 INFO  : 'after 1000' command is executed.
15:47:07 INFO  : 'psu_ps_pl_reset_config' command is executed.
15:47:07 INFO  : 'catch {psu_protection}' command is executed.
15:47:07 INFO  : Context for processor 'psu_cortexa53_0' is selected.
15:47:08 INFO  : Processor reset is completed for 'psu_cortexa53_0'.
15:47:09 INFO  : The application 'D:/project_1/project_1.sdk/test/Debug/test.elf' is downloaded to processor 'psu_cortexa53_0'.
15:47:09 INFO  : 'configparams force-mem-access 0' command is executed.
15:47:09 INFO  : ----------------XSDB Script----------------
connect -url tcp:127.0.0.1:3121
source D:/Xilinx/SDK/2018.2/scripts/sdk/util/zynqmp_utils.tcl
targets -set -nocase -filter {name =~"APU*" && jtag_cable_name =~ "Platform Cable USB 00000000000000"} -index 1
rst -system
after 3000
targets -set -nocase -filter {name =~"APU*" && jtag_cable_name =~ "Platform Cable USB 00000000000000"} -index 1
reset_apu
targets -set -nocase -filter {name =~"RPU*" && jtag_cable_name =~ "Platform Cable USB 00000000000000"} -index 1
clear_rpu_reset
enable_split_mode
targets -set -filter {jtag_cable_name =~ "Platform Cable USB 00000000000000" && level==0} -index 0
fpga -file D:/project_1/project_1.sdk/design_1_wrapper_hw_platform_0/design_1_wrapper.bit
targets -set -nocase -filter {name =~"APU*" && jtag_cable_name =~ "Platform Cable USB 00000000000000"} -index 1
loadhw -hw D:/project_1/project_1.sdk/design_1_wrapper_hw_platform_0/system.hdf -mem-ranges [list {0x80000000 0xbfffffff} {0x400000000 0x5ffffffff} {0x1000000000 0x7fffffffff}]
configparams force-mem-access 1
targets -set -nocase -filter {name =~"APU*" && jtag_cable_name =~ "Platform Cable USB 00000000000000"} -index 1
source D:/project_1/project_1.sdk/design_1_wrapper_hw_platform_0/psu_init.tcl
psu_init
after 1000
psu_ps_pl_isolation_removal
after 1000
psu_ps_pl_reset_config
catch {psu_protection}
targets -set -nocase -filter {name =~"*A53*0" && jtag_cable_name =~ "Platform Cable USB 00000000000000"} -index 1
rst -processor
dow D:/project_1/project_1.sdk/test/Debug/test.elf
configparams force-mem-access 0
----------------End of Script----------------

15:47:09 INFO  : Context for processor 'psu_cortexa53_0' is selected.
15:47:09 INFO  : 'con' command is executed.
15:47:09 INFO  : ----------------XSDB Script (After Launch)----------------
targets -set -nocase -filter {name =~"*A53*0" && jtag_cable_name =~ "Platform Cable USB 00000000000000"} -index 1
con
----------------End of Script----------------

15:47:09 INFO  : Disconnected from the channel tcfchan#7.
15:48:22 INFO  : Connected to target on host '127.0.0.1' and port '3121'.
15:48:31 INFO  : ----------------XSDB Script----------------
connect -url tcp:127.0.0.1:3121
----------------End of Script----------------

15:49:06 INFO  : Connected to target on host '127.0.0.1' and port '3121'.
15:49:07 INFO  : Jtag cable 'Platform Cable USB 00000000000000' is selected.
15:49:07 INFO  : 'jtag frequency' command is executed.
15:49:07 INFO  : Sourcing of 'D:/Xilinx/SDK/2018.2/scripts/sdk/util/zynqmp_utils.tcl' is done.
15:49:07 INFO  : Context for 'APU' is selected.
15:49:08 INFO  : System reset is completed.
15:49:11 INFO  : 'after 3000' command is executed.
15:49:11 INFO  : Context for 'APU' is selected.
15:49:12 INFO  : Cleared APU and A53 resets
15:49:12 INFO  : Context for 'RPU' is selected.
15:49:12 INFO  : Cleared RPU and R5 resets
15:49:12 INFO  : Split mode is enabled for R5#1
15:49:12 INFO  : 'targets -set -filter {jtag_cable_name =~ "Platform Cable USB 00000000000000" && level==0} -index 0' command is executed.
15:49:25 INFO  : FPGA configured successfully with bitstream "D:/project_1/project_1.sdk/design_1_wrapper_hw_platform_0/design_1_wrapper.bit"
15:49:25 INFO  : Context for 'APU' is selected.
15:49:25 INFO  : Hardware design information is loaded from 'D:/project_1/project_1.sdk/design_1_wrapper_hw_platform_0/system.hdf'.
15:49:25 INFO  : 'configparams force-mem-access 1' command is executed.
15:49:25 INFO  : Context for 'APU' is selected.
15:49:25 INFO  : Sourcing of 'D:/project_1/project_1.sdk/design_1_wrapper_hw_platform_0/psu_init.tcl' is done.
15:49:28 INFO  : 'psu_init' command is executed.
15:49:29 INFO  : 'after 1000' command is executed.
15:49:30 INFO  : 'psu_ps_pl_isolation_removal' command is executed.
15:49:31 INFO  : 'after 1000' command is executed.
15:49:31 INFO  : 'psu_ps_pl_reset_config' command is executed.
15:49:31 INFO  : 'catch {psu_protection}' command is executed.
15:49:31 INFO  : Context for processor 'psu_cortexa53_0' is selected.
15:49:31 INFO  : Processor reset is completed for 'psu_cortexa53_0'.
15:49:33 INFO  : The application 'D:/project_1/project_1.sdk/test/Debug/test.elf' is downloaded to processor 'psu_cortexa53_0'.
15:49:33 INFO  : 'configparams force-mem-access 0' command is executed.
15:49:33 INFO  : ----------------XSDB Script----------------
connect -url tcp:127.0.0.1:3121
source D:/Xilinx/SDK/2018.2/scripts/sdk/util/zynqmp_utils.tcl
targets -set -nocase -filter {name =~"APU*" && jtag_cable_name =~ "Platform Cable USB 00000000000000"} -index 1
rst -system
after 3000
targets -set -nocase -filter {name =~"APU*" && jtag_cable_name =~ "Platform Cable USB 00000000000000"} -index 1
reset_apu
targets -set -nocase -filter {name =~"RPU*" && jtag_cable_name =~ "Platform Cable USB 00000000000000"} -index 1
clear_rpu_reset
enable_split_mode
targets -set -filter {jtag_cable_name =~ "Platform Cable USB 00000000000000" && level==0} -index 0
fpga -file D:/project_1/project_1.sdk/design_1_wrapper_hw_platform_0/design_1_wrapper.bit
targets -set -nocase -filter {name =~"APU*" && jtag_cable_name =~ "Platform Cable USB 00000000000000"} -index 1
loadhw -hw D:/project_1/project_1.sdk/design_1_wrapper_hw_platform_0/system.hdf -mem-ranges [list {0x80000000 0xbfffffff} {0x400000000 0x5ffffffff} {0x1000000000 0x7fffffffff}]
configparams force-mem-access 1
targets -set -nocase -filter {name =~"APU*" && jtag_cable_name =~ "Platform Cable USB 00000000000000"} -index 1
source D:/project_1/project_1.sdk/design_1_wrapper_hw_platform_0/psu_init.tcl
psu_init
after 1000
psu_ps_pl_isolation_removal
after 1000
psu_ps_pl_reset_config
catch {psu_protection}
targets -set -nocase -filter {name =~"*A53*0" && jtag_cable_name =~ "Platform Cable USB 00000000000000"} -index 1
rst -processor
dow D:/project_1/project_1.sdk/test/Debug/test.elf
configparams force-mem-access 0
----------------End of Script----------------

15:49:33 INFO  : Context for processor 'psu_cortexa53_0' is selected.
15:49:33 INFO  : 'con' command is executed.
15:49:33 INFO  : ----------------XSDB Script (After Launch)----------------
targets -set -nocase -filter {name =~"*A53*0" && jtag_cable_name =~ "Platform Cable USB 00000000000000"} -index 1
con
----------------End of Script----------------

15:49:33 INFO  : Disconnected from the channel tcfchan#8.
15:55:13 INFO  : Connected to target on host '127.0.0.1' and port '3121'.
15:55:14 INFO  : Jtag cable 'Platform Cable USB 00000000000000' is selected.
15:55:14 INFO  : 'jtag frequency' command is executed.
15:55:14 INFO  : Sourcing of 'D:/Xilinx/SDK/2018.2/scripts/sdk/util/zynqmp_utils.tcl' is done.
15:55:14 INFO  : Context for 'APU' is selected.
15:55:15 INFO  : System reset is completed.
15:55:18 INFO  : 'after 3000' command is executed.
15:55:18 INFO  : Context for 'APU' is selected.
15:55:18 INFO  : Cleared APU and A53 resets
15:55:18 INFO  : Context for 'RPU' is selected.
15:55:18 INFO  : Cleared RPU and R5 resets
15:55:19 INFO  : Split mode is enabled for R5#1
15:55:19 INFO  : 'targets -set -filter {jtag_cable_name =~ "Platform Cable USB 00000000000000" && level==0} -index 0' command is executed.
15:55:31 INFO  : FPGA configured successfully with bitstream "D:/project_1/project_1.sdk/design_1_wrapper_hw_platform_0/design_1_wrapper.bit"
15:55:31 INFO  : Context for 'APU' is selected.
15:55:31 INFO  : Hardware design information is loaded from 'D:/project_1/project_1.sdk/design_1_wrapper_hw_platform_0/system.hdf'.
15:55:31 INFO  : 'configparams force-mem-access 1' command is executed.
15:55:31 INFO  : Context for 'APU' is selected.
15:55:31 INFO  : Sourcing of 'D:/project_1/project_1.sdk/design_1_wrapper_hw_platform_0/psu_init.tcl' is done.
15:55:34 INFO  : 'psu_init' command is executed.
15:55:35 INFO  : 'after 1000' command is executed.
15:55:36 INFO  : 'psu_ps_pl_isolation_removal' command is executed.
15:55:37 INFO  : 'after 1000' command is executed.
15:55:37 INFO  : 'psu_ps_pl_reset_config' command is executed.
15:55:37 INFO  : 'catch {psu_protection}' command is executed.
15:55:37 INFO  : Context for processor 'psu_cortexa53_0' is selected.
15:55:37 INFO  : Processor reset is completed for 'psu_cortexa53_0'.
15:55:39 INFO  : The application 'D:/project_1/project_1.sdk/test/Debug/test.elf' is downloaded to processor 'psu_cortexa53_0'.
15:55:39 INFO  : 'configparams force-mem-access 0' command is executed.
15:55:39 INFO  : ----------------XSDB Script----------------
connect -url tcp:127.0.0.1:3121
source D:/Xilinx/SDK/2018.2/scripts/sdk/util/zynqmp_utils.tcl
targets -set -nocase -filter {name =~"APU*" && jtag_cable_name =~ "Platform Cable USB 00000000000000"} -index 1
rst -system
after 3000
targets -set -nocase -filter {name =~"APU*" && jtag_cable_name =~ "Platform Cable USB 00000000000000"} -index 1
reset_apu
targets -set -nocase -filter {name =~"RPU*" && jtag_cable_name =~ "Platform Cable USB 00000000000000"} -index 1
clear_rpu_reset
enable_split_mode
targets -set -filter {jtag_cable_name =~ "Platform Cable USB 00000000000000" && level==0} -index 0
fpga -file D:/project_1/project_1.sdk/design_1_wrapper_hw_platform_0/design_1_wrapper.bit
targets -set -nocase -filter {name =~"APU*" && jtag_cable_name =~ "Platform Cable USB 00000000000000"} -index 1
loadhw -hw D:/project_1/project_1.sdk/design_1_wrapper_hw_platform_0/system.hdf -mem-ranges [list {0x80000000 0xbfffffff} {0x400000000 0x5ffffffff} {0x1000000000 0x7fffffffff}]
configparams force-mem-access 1
targets -set -nocase -filter {name =~"APU*" && jtag_cable_name =~ "Platform Cable USB 00000000000000"} -index 1
source D:/project_1/project_1.sdk/design_1_wrapper_hw_platform_0/psu_init.tcl
psu_init
after 1000
psu_ps_pl_isolation_removal
after 1000
psu_ps_pl_reset_config
catch {psu_protection}
targets -set -nocase -filter {name =~"*A53*0" && jtag_cable_name =~ "Platform Cable USB 00000000000000"} -index 1
rst -processor
dow D:/project_1/project_1.sdk/test/Debug/test.elf
configparams force-mem-access 0
----------------End of Script----------------

15:55:39 INFO  : Context for processor 'psu_cortexa53_0' is selected.
15:55:39 INFO  : 'con' command is executed.
15:55:39 INFO  : ----------------XSDB Script (After Launch)----------------
targets -set -nocase -filter {name =~"*A53*0" && jtag_cable_name =~ "Platform Cable USB 00000000000000"} -index 1
con
----------------End of Script----------------

15:55:39 INFO  : Disconnected from the channel tcfchan#9.
15:57:32 INFO  : Connected to target on host '127.0.0.1' and port '3121'.
15:57:33 INFO  : Jtag cable 'Platform Cable USB 00000000000000' is selected.
15:57:33 INFO  : 'jtag frequency' command is executed.
15:57:33 INFO  : Sourcing of 'D:/Xilinx/SDK/2018.2/scripts/sdk/util/zynqmp_utils.tcl' is done.
15:57:33 INFO  : Context for 'APU' is selected.
15:57:34 INFO  : System reset is completed.
15:57:37 INFO  : 'after 3000' command is executed.
15:57:37 INFO  : Context for 'APU' is selected.
15:57:37 INFO  : Cleared APU and A53 resets
15:57:37 INFO  : Context for 'RPU' is selected.
15:57:38 INFO  : Cleared RPU and R5 resets
15:57:38 INFO  : Split mode is enabled for R5#1
15:57:38 INFO  : 'targets -set -filter {jtag_cable_name =~ "Platform Cable USB 00000000000000" && level==0} -index 0' command is executed.
15:57:50 INFO  : FPGA configured successfully with bitstream "D:/project_1/project_1.sdk/design_1_wrapper_hw_platform_0/design_1_wrapper.bit"
15:57:50 INFO  : Context for 'APU' is selected.
15:57:51 INFO  : Hardware design information is loaded from 'D:/project_1/project_1.sdk/design_1_wrapper_hw_platform_0/system.hdf'.
15:57:51 INFO  : 'configparams force-mem-access 1' command is executed.
15:57:51 INFO  : Context for 'APU' is selected.
15:57:51 INFO  : Sourcing of 'D:/project_1/project_1.sdk/design_1_wrapper_hw_platform_0/psu_init.tcl' is done.
15:57:54 INFO  : 'psu_init' command is executed.
15:57:55 INFO  : 'after 1000' command is executed.
15:57:55 INFO  : 'psu_ps_pl_isolation_removal' command is executed.
15:57:56 INFO  : 'after 1000' command is executed.
15:57:56 INFO  : 'psu_ps_pl_reset_config' command is executed.
15:57:56 INFO  : 'catch {psu_protection}' command is executed.
15:57:56 INFO  : Context for processor 'psu_cortexa53_0' is selected.
15:57:56 INFO  : Processor reset is completed for 'psu_cortexa53_0'.
15:57:58 INFO  : The application 'D:/project_1/project_1.sdk/test/Debug/test.elf' is downloaded to processor 'psu_cortexa53_0'.
15:57:58 INFO  : 'configparams force-mem-access 0' command is executed.
15:57:58 INFO  : ----------------XSDB Script----------------
connect -url tcp:127.0.0.1:3121
source D:/Xilinx/SDK/2018.2/scripts/sdk/util/zynqmp_utils.tcl
targets -set -nocase -filter {name =~"APU*" && jtag_cable_name =~ "Platform Cable USB 00000000000000"} -index 1
rst -system
after 3000
targets -set -nocase -filter {name =~"APU*" && jtag_cable_name =~ "Platform Cable USB 00000000000000"} -index 1
reset_apu
targets -set -nocase -filter {name =~"RPU*" && jtag_cable_name =~ "Platform Cable USB 00000000000000"} -index 1
clear_rpu_reset
enable_split_mode
targets -set -filter {jtag_cable_name =~ "Platform Cable USB 00000000000000" && level==0} -index 0
fpga -file D:/project_1/project_1.sdk/design_1_wrapper_hw_platform_0/design_1_wrapper.bit
targets -set -nocase -filter {name =~"APU*" && jtag_cable_name =~ "Platform Cable USB 00000000000000"} -index 1
loadhw -hw D:/project_1/project_1.sdk/design_1_wrapper_hw_platform_0/system.hdf -mem-ranges [list {0x80000000 0xbfffffff} {0x400000000 0x5ffffffff} {0x1000000000 0x7fffffffff}]
configparams force-mem-access 1
targets -set -nocase -filter {name =~"APU*" && jtag_cable_name =~ "Platform Cable USB 00000000000000"} -index 1
source D:/project_1/project_1.sdk/design_1_wrapper_hw_platform_0/psu_init.tcl
psu_init
after 1000
psu_ps_pl_isolation_removal
after 1000
psu_ps_pl_reset_config
catch {psu_protection}
targets -set -nocase -filter {name =~"*A53*0" && jtag_cable_name =~ "Platform Cable USB 00000000000000"} -index 1
rst -processor
dow D:/project_1/project_1.sdk/test/Debug/test.elf
configparams force-mem-access 0
----------------End of Script----------------

15:57:58 INFO  : Context for processor 'psu_cortexa53_0' is selected.
15:57:58 INFO  : 'con' command is executed.
15:57:58 INFO  : ----------------XSDB Script (After Launch)----------------
targets -set -nocase -filter {name =~"*A53*0" && jtag_cable_name =~ "Platform Cable USB 00000000000000"} -index 1
con
----------------End of Script----------------

15:57:58 INFO  : Disconnected from the channel tcfchan#10.
16:00:44 INFO  : Connected to target on host '127.0.0.1' and port '3121'.
16:00:44 INFO  : Jtag cable 'Platform Cable USB 00000000000000' is selected.
16:00:44 INFO  : 'jtag frequency' command is executed.
16:00:44 INFO  : Sourcing of 'D:/Xilinx/SDK/2018.2/scripts/sdk/util/zynqmp_utils.tcl' is done.
16:00:44 INFO  : Context for 'APU' is selected.
16:00:45 INFO  : System reset is completed.
16:00:48 INFO  : 'after 3000' command is executed.
16:00:48 INFO  : Context for 'APU' is selected.
16:00:49 INFO  : Cleared APU and A53 resets
16:00:49 INFO  : Context for 'RPU' is selected.
16:00:49 INFO  : Cleared RPU and R5 resets
16:00:49 INFO  : Split mode is enabled for R5#1
16:00:49 INFO  : 'targets -set -filter {jtag_cable_name =~ "Platform Cable USB 00000000000000" && level==0} -index 0' command is executed.
16:01:02 INFO  : FPGA configured successfully with bitstream "D:/project_1/project_1.sdk/design_1_wrapper_hw_platform_0/design_1_wrapper.bit"
16:01:02 INFO  : Context for 'APU' is selected.
16:01:02 INFO  : Hardware design information is loaded from 'D:/project_1/project_1.sdk/design_1_wrapper_hw_platform_0/system.hdf'.
16:01:02 INFO  : 'configparams force-mem-access 1' command is executed.
16:01:02 INFO  : Context for 'APU' is selected.
16:01:02 INFO  : Sourcing of 'D:/project_1/project_1.sdk/design_1_wrapper_hw_platform_0/psu_init.tcl' is done.
16:01:05 INFO  : 'psu_init' command is executed.
16:01:06 INFO  : 'after 1000' command is executed.
16:01:07 INFO  : 'psu_ps_pl_isolation_removal' command is executed.
16:01:08 INFO  : 'after 1000' command is executed.
16:01:08 INFO  : 'psu_ps_pl_reset_config' command is executed.
16:01:08 INFO  : 'catch {psu_protection}' command is executed.
16:01:08 INFO  : Context for processor 'psu_cortexa53_0' is selected.
16:01:08 INFO  : Processor reset is completed for 'psu_cortexa53_0'.
16:01:09 INFO  : The application 'D:/project_1/project_1.sdk/test/Debug/test.elf' is downloaded to processor 'psu_cortexa53_0'.
16:01:09 INFO  : 'configparams force-mem-access 0' command is executed.
16:01:09 INFO  : ----------------XSDB Script----------------
connect -url tcp:127.0.0.1:3121
source D:/Xilinx/SDK/2018.2/scripts/sdk/util/zynqmp_utils.tcl
targets -set -nocase -filter {name =~"APU*" && jtag_cable_name =~ "Platform Cable USB 00000000000000"} -index 1
rst -system
after 3000
targets -set -nocase -filter {name =~"APU*" && jtag_cable_name =~ "Platform Cable USB 00000000000000"} -index 1
reset_apu
targets -set -nocase -filter {name =~"RPU*" && jtag_cable_name =~ "Platform Cable USB 00000000000000"} -index 1
clear_rpu_reset
enable_split_mode
targets -set -filter {jtag_cable_name =~ "Platform Cable USB 00000000000000" && level==0} -index 0
fpga -file D:/project_1/project_1.sdk/design_1_wrapper_hw_platform_0/design_1_wrapper.bit
targets -set -nocase -filter {name =~"APU*" && jtag_cable_name =~ "Platform Cable USB 00000000000000"} -index 1
loadhw -hw D:/project_1/project_1.sdk/design_1_wrapper_hw_platform_0/system.hdf -mem-ranges [list {0x80000000 0xbfffffff} {0x400000000 0x5ffffffff} {0x1000000000 0x7fffffffff}]
configparams force-mem-access 1
targets -set -nocase -filter {name =~"APU*" && jtag_cable_name =~ "Platform Cable USB 00000000000000"} -index 1
source D:/project_1/project_1.sdk/design_1_wrapper_hw_platform_0/psu_init.tcl
psu_init
after 1000
psu_ps_pl_isolation_removal
after 1000
psu_ps_pl_reset_config
catch {psu_protection}
targets -set -nocase -filter {name =~"*A53*0" && jtag_cable_name =~ "Platform Cable USB 00000000000000"} -index 1
rst -processor
dow D:/project_1/project_1.sdk/test/Debug/test.elf
configparams force-mem-access 0
----------------End of Script----------------

16:01:10 INFO  : Context for processor 'psu_cortexa53_0' is selected.
16:01:10 INFO  : 'con' command is executed.
16:01:10 INFO  : ----------------XSDB Script (After Launch)----------------
targets -set -nocase -filter {name =~"*A53*0" && jtag_cable_name =~ "Platform Cable USB 00000000000000"} -index 1
con
----------------End of Script----------------

16:01:10 INFO  : Disconnected from the channel tcfchan#11.
