
*** Running vivado
    with args -log design_1_color_convert_0_0.vds -m64 -product Vivado -mode batch -messageDb vivado.pb -notrace -source design_1_color_convert_0_0.tcl


****** Vivado v2018.2 (64-bit)
  **** SW Build 2258646 on Thu Jun 14 20:03:12 MDT 2018
  **** IP Build 2256618 on Thu Jun 14 22:10:49 MDT 2018
    ** Copyright 1986-2018 Xilinx, Inc. All Rights Reserved.

source design_1_color_convert_0_0.tcl -notrace
Command: synth_design -top design_1_color_convert_0_0 -part xczu3eg-sbva484-1-e -mode out_of_context
Starting synth_design
Attempting to get a license for feature 'Synthesis' and/or device 'xczu3eg'
INFO: [Common 17-349] Got license for feature 'Synthesis' and/or device 'xczu3eg'
INFO: Launching helper process for spawning children vivado processes
INFO: Helper process launched with PID 25860 
---------------------------------------------------------------------------------
Starting RTL Elaboration : Time (s): cpu = 00:00:03 ; elapsed = 00:00:07 . Memory (MB): peak = 873.148 ; gain = 0.000
---------------------------------------------------------------------------------
INFO: [Synth 8-6157] synthesizing module 'design_1_color_convert_0_0' [d:/Ultra96_MT9V034_Basic/Ultra96_MT9V034_Basic.srcs/sources_1/bd/design_1/ip/design_1_color_convert_0_0/synth/design_1_color_convert_0_0.v:58]
INFO: [Synth 8-6157] synthesizing module 'color_convert' [d:/Ultra96_MT9V034_Basic/Ultra96_MT9V034_Basic.srcs/sources_1/bd/design_1/ipshared/88a1/hdl/verilog/color_convert.v:12]
	Parameter ap_ST_fsm_pp0_stage0 bound to: 1'b1 
	Parameter C_S_AXI_AXILITES_DATA_WIDTH bound to: 32 - type: integer 
	Parameter C_S_AXI_AXILITES_ADDR_WIDTH bound to: 7 - type: integer 
	Parameter C_S_AXI_DATA_WIDTH bound to: 32 - type: integer 
	Parameter C_S_AXI_AXILITES_WSTRB_WIDTH bound to: 4 - type: integer 
	Parameter C_S_AXI_WSTRB_WIDTH bound to: 4 - type: integer 
INFO: [Synth 8-5534] Detected attribute (* fsm_encoding = "none" *) [d:/Ultra96_MT9V034_Basic/Ultra96_MT9V034_Basic.srcs/sources_1/bd/design_1/ipshared/88a1/hdl/verilog/color_convert.v:220]
INFO: [Synth 8-5534] Detected attribute (* use_dsp48 = "no" *) [d:/Ultra96_MT9V034_Basic/Ultra96_MT9V034_Basic.srcs/sources_1/bd/design_1/ipshared/88a1/hdl/verilog/color_convert.v:294]
INFO: [Synth 8-5534] Detected attribute (* use_dsp48 = "no" *) [d:/Ultra96_MT9V034_Basic/Ultra96_MT9V034_Basic.srcs/sources_1/bd/design_1/ipshared/88a1/hdl/verilog/color_convert.v:309]
INFO: [Synth 8-5534] Detected attribute (* use_dsp48 = "no" *) [d:/Ultra96_MT9V034_Basic/Ultra96_MT9V034_Basic.srcs/sources_1/bd/design_1/ipshared/88a1/hdl/verilog/color_convert.v:324]
WARNING: [Synth 8-5974] attribute "use_dsp48" has been deprecated, please use "use_dsp" instead 
WARNING: [Synth 8-5974] attribute "use_dsp48" has been deprecated, please use "use_dsp" instead 
WARNING: [Synth 8-5974] attribute "use_dsp48" has been deprecated, please use "use_dsp" instead 
INFO: [Synth 8-6157] synthesizing module 'color_convert_AXILiteS_s_axi' [d:/Ultra96_MT9V034_Basic/Ultra96_MT9V034_Basic.srcs/sources_1/bd/design_1/ipshared/88a1/hdl/verilog/color_convert_AXILiteS_s_axi.v:9]
	Parameter C_S_AXI_ADDR_WIDTH bound to: 7 - type: integer 
	Parameter C_S_AXI_DATA_WIDTH bound to: 32 - type: integer 
	Parameter ADDR_C1_C1_V_DATA_0 bound to: 7'b0010000 
	Parameter ADDR_C1_C1_V_CTRL bound to: 7'b0010100 
	Parameter ADDR_C1_C2_V_DATA_0 bound to: 7'b0011000 
	Parameter ADDR_C1_C2_V_CTRL bound to: 7'b0011100 
	Parameter ADDR_C1_C3_V_DATA_0 bound to: 7'b0100000 
	Parameter ADDR_C1_C3_V_CTRL bound to: 7'b0100100 
	Parameter ADDR_C2_C1_V_DATA_0 bound to: 7'b0101000 
	Parameter ADDR_C2_C1_V_CTRL bound to: 7'b0101100 
	Parameter ADDR_C2_C2_V_DATA_0 bound to: 7'b0110000 
	Parameter ADDR_C2_C2_V_CTRL bound to: 7'b0110100 
	Parameter ADDR_C2_C3_V_DATA_0 bound to: 7'b0111000 
	Parameter ADDR_C2_C3_V_CTRL bound to: 7'b0111100 
	Parameter ADDR_C3_C1_V_DATA_0 bound to: 7'b1000000 
	Parameter ADDR_C3_C1_V_CTRL bound to: 7'b1000100 
	Parameter ADDR_C3_C2_V_DATA_0 bound to: 7'b1001000 
	Parameter ADDR_C3_C2_V_CTRL bound to: 7'b1001100 
	Parameter ADDR_C3_C3_V_DATA_0 bound to: 7'b1010000 
	Parameter ADDR_C3_C3_V_CTRL bound to: 7'b1010100 
	Parameter ADDR_BIAS_C1_V_DATA_0 bound to: 7'b1011000 
	Parameter ADDR_BIAS_C1_V_CTRL bound to: 7'b1011100 
	Parameter ADDR_BIAS_C2_V_DATA_0 bound to: 7'b1100000 
	Parameter ADDR_BIAS_C2_V_CTRL bound to: 7'b1100100 
	Parameter ADDR_BIAS_C3_V_DATA_0 bound to: 7'b1101000 
	Parameter ADDR_BIAS_C3_V_CTRL bound to: 7'b1101100 
	Parameter WRIDLE bound to: 2'b00 
	Parameter WRDATA bound to: 2'b01 
	Parameter WRRESP bound to: 2'b10 
	Parameter WRRESET bound to: 2'b11 
	Parameter RDIDLE bound to: 2'b00 
	Parameter RDDATA bound to: 2'b01 
	Parameter RDRESET bound to: 2'b10 
	Parameter ADDR_BITS bound to: 7 - type: integer 
INFO: [Synth 8-155] case statement is not full and has no default [d:/Ultra96_MT9V034_Basic/Ultra96_MT9V034_Basic.srcs/sources_1/bd/design_1/ipshared/88a1/hdl/verilog/color_convert_AXILiteS_s_axi.v:256]
INFO: [Synth 8-6155] done synthesizing module 'color_convert_AXILiteS_s_axi' (1#1) [d:/Ultra96_MT9V034_Basic/Ultra96_MT9V034_Basic.srcs/sources_1/bd/design_1/ipshared/88a1/hdl/verilog/color_convert_AXILiteS_s_axi.v:9]
INFO: [Synth 8-6157] synthesizing module 'color_convert_macbkb' [d:/Ultra96_MT9V034_Basic/Ultra96_MT9V034_Basic.srcs/sources_1/bd/design_1/ipshared/88a1/hdl/verilog/color_convert_macbkb.v:34]
	Parameter ID bound to: 1 - type: integer 
	Parameter NUM_STAGE bound to: 1 - type: integer 
	Parameter din0_WIDTH bound to: 8 - type: integer 
	Parameter din1_WIDTH bound to: 10 - type: integer 
	Parameter din2_WIDTH bound to: 18 - type: integer 
	Parameter dout_WIDTH bound to: 19 - type: integer 
INFO: [Synth 8-6157] synthesizing module 'color_convert_macbkb_DSP48_0' [d:/Ultra96_MT9V034_Basic/Ultra96_MT9V034_Basic.srcs/sources_1/bd/design_1/ipshared/88a1/hdl/verilog/color_convert_macbkb.v:10]
WARNING: [Synth 8-5974] attribute "use_dsp48" has been deprecated, please use "use_dsp" instead 
INFO: [Synth 8-6155] done synthesizing module 'color_convert_macbkb_DSP48_0' (2#1) [d:/Ultra96_MT9V034_Basic/Ultra96_MT9V034_Basic.srcs/sources_1/bd/design_1/ipshared/88a1/hdl/verilog/color_convert_macbkb.v:10]
INFO: [Synth 8-6155] done synthesizing module 'color_convert_macbkb' (3#1) [d:/Ultra96_MT9V034_Basic/Ultra96_MT9V034_Basic.srcs/sources_1/bd/design_1/ipshared/88a1/hdl/verilog/color_convert_macbkb.v:34]
INFO: [Synth 8-6157] synthesizing module 'color_convert_maccud' [d:/Ultra96_MT9V034_Basic/Ultra96_MT9V034_Basic.srcs/sources_1/bd/design_1/ipshared/88a1/hdl/verilog/color_convert_maccud.v:34]
	Parameter ID bound to: 1 - type: integer 
	Parameter NUM_STAGE bound to: 1 - type: integer 
	Parameter din0_WIDTH bound to: 8 - type: integer 
	Parameter din1_WIDTH bound to: 10 - type: integer 
	Parameter din2_WIDTH bound to: 19 - type: integer 
	Parameter dout_WIDTH bound to: 20 - type: integer 
INFO: [Synth 8-6157] synthesizing module 'color_convert_maccud_DSP48_1' [d:/Ultra96_MT9V034_Basic/Ultra96_MT9V034_Basic.srcs/sources_1/bd/design_1/ipshared/88a1/hdl/verilog/color_convert_maccud.v:10]
WARNING: [Synth 8-5974] attribute "use_dsp48" has been deprecated, please use "use_dsp" instead 
INFO: [Synth 8-6155] done synthesizing module 'color_convert_maccud_DSP48_1' (4#1) [d:/Ultra96_MT9V034_Basic/Ultra96_MT9V034_Basic.srcs/sources_1/bd/design_1/ipshared/88a1/hdl/verilog/color_convert_maccud.v:10]
INFO: [Synth 8-6155] done synthesizing module 'color_convert_maccud' (5#1) [d:/Ultra96_MT9V034_Basic/Ultra96_MT9V034_Basic.srcs/sources_1/bd/design_1/ipshared/88a1/hdl/verilog/color_convert_maccud.v:34]
WARNING: [Synth 8-589] replacing case/wildcard equality operator === with logical equality operator == [d:/Ultra96_MT9V034_Basic/Ultra96_MT9V034_Basic.srcs/sources_1/bd/design_1/ipshared/88a1/hdl/verilog/color_convert.v:1308]
WARNING: [Synth 8-589] replacing case/wildcard equality operator === with logical equality operator == [d:/Ultra96_MT9V034_Basic/Ultra96_MT9V034_Basic.srcs/sources_1/bd/design_1/ipshared/88a1/hdl/verilog/color_convert.v:1310]
WARNING: [Synth 8-589] replacing case/wildcard equality operator === with logical equality operator == [d:/Ultra96_MT9V034_Basic/Ultra96_MT9V034_Basic.srcs/sources_1/bd/design_1/ipshared/88a1/hdl/verilog/color_convert.v:1312]
WARNING: [Synth 8-589] replacing case/wildcard equality operator === with logical equality operator == [d:/Ultra96_MT9V034_Basic/Ultra96_MT9V034_Basic.srcs/sources_1/bd/design_1/ipshared/88a1/hdl/verilog/color_convert.v:1342]
WARNING: [Synth 8-589] replacing case/wildcard equality operator === with logical equality operator == [d:/Ultra96_MT9V034_Basic/Ultra96_MT9V034_Basic.srcs/sources_1/bd/design_1/ipshared/88a1/hdl/verilog/color_convert.v:1344]
WARNING: [Synth 8-589] replacing case/wildcard equality operator === with logical equality operator == [d:/Ultra96_MT9V034_Basic/Ultra96_MT9V034_Basic.srcs/sources_1/bd/design_1/ipshared/88a1/hdl/verilog/color_convert.v:1346]
WARNING: [Synth 8-589] replacing case/wildcard equality operator === with logical equality operator == [d:/Ultra96_MT9V034_Basic/Ultra96_MT9V034_Basic.srcs/sources_1/bd/design_1/ipshared/88a1/hdl/verilog/color_convert.v:1348]
WARNING: [Synth 8-589] replacing case/wildcard equality operator === with logical equality operator == [d:/Ultra96_MT9V034_Basic/Ultra96_MT9V034_Basic.srcs/sources_1/bd/design_1/ipshared/88a1/hdl/verilog/color_convert.v:1350]
WARNING: [Synth 8-589] replacing case/wildcard equality operator === with logical equality operator == [d:/Ultra96_MT9V034_Basic/Ultra96_MT9V034_Basic.srcs/sources_1/bd/design_1/ipshared/88a1/hdl/verilog/color_convert.v:1406]
WARNING: [Synth 8-589] replacing case/wildcard equality operator === with logical equality operator == [d:/Ultra96_MT9V034_Basic/Ultra96_MT9V034_Basic.srcs/sources_1/bd/design_1/ipshared/88a1/hdl/verilog/color_convert.v:1408]
WARNING: [Synth 8-589] replacing case/wildcard equality operator === with logical equality operator == [d:/Ultra96_MT9V034_Basic/Ultra96_MT9V034_Basic.srcs/sources_1/bd/design_1/ipshared/88a1/hdl/verilog/color_convert.v:1410]
WARNING: [Synth 8-589] replacing case/wildcard equality operator === with logical equality operator == [d:/Ultra96_MT9V034_Basic/Ultra96_MT9V034_Basic.srcs/sources_1/bd/design_1/ipshared/88a1/hdl/verilog/color_convert.v:1412]
INFO: [Synth 8-6155] done synthesizing module 'color_convert' (6#1) [d:/Ultra96_MT9V034_Basic/Ultra96_MT9V034_Basic.srcs/sources_1/bd/design_1/ipshared/88a1/hdl/verilog/color_convert.v:12]
INFO: [Synth 8-6155] done synthesizing module 'design_1_color_convert_0_0' (7#1) [d:/Ultra96_MT9V034_Basic/Ultra96_MT9V034_Basic.srcs/sources_1/bd/design_1/ip/design_1_color_convert_0_0/synth/design_1_color_convert_0_0.v:58]
WARNING: [Synth 8-3331] design color_convert_AXILiteS_s_axi has unconnected port WDATA[31]
WARNING: [Synth 8-3331] design color_convert_AXILiteS_s_axi has unconnected port WDATA[30]
WARNING: [Synth 8-3331] design color_convert_AXILiteS_s_axi has unconnected port WDATA[29]
WARNING: [Synth 8-3331] design color_convert_AXILiteS_s_axi has unconnected port WDATA[28]
WARNING: [Synth 8-3331] design color_convert_AXILiteS_s_axi has unconnected port WDATA[27]
WARNING: [Synth 8-3331] design color_convert_AXILiteS_s_axi has unconnected port WDATA[26]
WARNING: [Synth 8-3331] design color_convert_AXILiteS_s_axi has unconnected port WDATA[25]
WARNING: [Synth 8-3331] design color_convert_AXILiteS_s_axi has unconnected port WDATA[24]
WARNING: [Synth 8-3331] design color_convert_AXILiteS_s_axi has unconnected port WDATA[23]
WARNING: [Synth 8-3331] design color_convert_AXILiteS_s_axi has unconnected port WDATA[22]
WARNING: [Synth 8-3331] design color_convert_AXILiteS_s_axi has unconnected port WDATA[21]
WARNING: [Synth 8-3331] design color_convert_AXILiteS_s_axi has unconnected port WDATA[20]
WARNING: [Synth 8-3331] design color_convert_AXILiteS_s_axi has unconnected port WDATA[19]
WARNING: [Synth 8-3331] design color_convert_AXILiteS_s_axi has unconnected port WDATA[18]
WARNING: [Synth 8-3331] design color_convert_AXILiteS_s_axi has unconnected port WDATA[17]
WARNING: [Synth 8-3331] design color_convert_AXILiteS_s_axi has unconnected port WDATA[16]
WARNING: [Synth 8-3331] design color_convert_AXILiteS_s_axi has unconnected port WDATA[15]
WARNING: [Synth 8-3331] design color_convert_AXILiteS_s_axi has unconnected port WDATA[14]
WARNING: [Synth 8-3331] design color_convert_AXILiteS_s_axi has unconnected port WDATA[13]
WARNING: [Synth 8-3331] design color_convert_AXILiteS_s_axi has unconnected port WDATA[12]
WARNING: [Synth 8-3331] design color_convert_AXILiteS_s_axi has unconnected port WDATA[11]
WARNING: [Synth 8-3331] design color_convert_AXILiteS_s_axi has unconnected port WDATA[10]
---------------------------------------------------------------------------------
Finished RTL Elaboration : Time (s): cpu = 00:00:05 ; elapsed = 00:00:09 . Memory (MB): peak = 873.148 ; gain = 0.000
---------------------------------------------------------------------------------

Report Check Netlist: 
+------+------------------+-------+---------+-------+------------------+
|      |Item              |Errors |Warnings |Status |Description       |
+------+------------------+-------+---------+-------+------------------+
|1     |multi_driven_nets |      0|        0|Passed |Multi driven nets |
+------+------------------+-------+---------+-------+------------------+
---------------------------------------------------------------------------------
Start Handling Custom Attributes
---------------------------------------------------------------------------------
---------------------------------------------------------------------------------
Finished Handling Custom Attributes : Time (s): cpu = 00:00:05 ; elapsed = 00:00:10 . Memory (MB): peak = 873.148 ; gain = 0.000
---------------------------------------------------------------------------------
---------------------------------------------------------------------------------
Finished RTL Optimization Phase 1 : Time (s): cpu = 00:00:05 ; elapsed = 00:00:10 . Memory (MB): peak = 873.148 ; gain = 0.000
---------------------------------------------------------------------------------
INFO: [Device 21-403] Loading part xczu3eg-sbva484-1-e
INFO: [Project 1-570] Preparing netlist for logic optimization

Processing XDC Constraints
Initializing timing engine
Parsing XDC File [d:/Ultra96_MT9V034_Basic/Ultra96_MT9V034_Basic.srcs/sources_1/bd/design_1/ip/design_1_color_convert_0_0/constraints/color_convert_ooc.xdc] for cell 'inst'
Finished Parsing XDC File [d:/Ultra96_MT9V034_Basic/Ultra96_MT9V034_Basic.srcs/sources_1/bd/design_1/ip/design_1_color_convert_0_0/constraints/color_convert_ooc.xdc] for cell 'inst'
Parsing XDC File [D:/Ultra96_MT9V034_Basic/Ultra96_MT9V034_Basic.runs/design_1_color_convert_0_0_synth_1/dont_touch.xdc]
Finished Parsing XDC File [D:/Ultra96_MT9V034_Basic/Ultra96_MT9V034_Basic.runs/design_1_color_convert_0_0_synth_1/dont_touch.xdc]
Completed Processing XDC Constraints

INFO: [Project 1-111] Unisim Transformation Summary:
No Unisim elements were transformed.

Constraint Validation Runtime : Time (s): cpu = 00:00:00 ; elapsed = 00:00:00.231 . Memory (MB): peak = 1419.359 ; gain = 0.000
---------------------------------------------------------------------------------
Finished Constraint Validation : Time (s): cpu = 00:00:26 ; elapsed = 00:00:41 . Memory (MB): peak = 1419.359 ; gain = 546.211
---------------------------------------------------------------------------------
---------------------------------------------------------------------------------
Start Loading Part and Timing Information
---------------------------------------------------------------------------------
Loading part: xczu3eg-sbva484-1-e
---------------------------------------------------------------------------------
Finished Loading Part and Timing Information : Time (s): cpu = 00:00:26 ; elapsed = 00:00:41 . Memory (MB): peak = 1419.359 ; gain = 546.211
---------------------------------------------------------------------------------
---------------------------------------------------------------------------------
Start Applying 'set_property' XDC Constraints
---------------------------------------------------------------------------------
Applied set_property DONT_TOUCH = true for inst. (constraint file  D:/Ultra96_MT9V034_Basic/Ultra96_MT9V034_Basic.runs/design_1_color_convert_0_0_synth_1/dont_touch.xdc, line 9).
---------------------------------------------------------------------------------
Finished applying 'set_property' XDC Constraints : Time (s): cpu = 00:00:26 ; elapsed = 00:00:41 . Memory (MB): peak = 1419.359 ; gain = 546.211
---------------------------------------------------------------------------------
INFO: [Synth 8-802] inferred FSM for state register 'wstate_reg' in module 'color_convert_AXILiteS_s_axi'
INFO: [Synth 8-802] inferred FSM for state register 'rstate_reg' in module 'color_convert_AXILiteS_s_axi'
INFO: [Synth 8-5544] ROM "wnext" won't be mapped to Block RAM because address size (1) smaller than threshold (5)
INFO: [Synth 8-5544] ROM "wnext" won't be mapped to Block RAM because address size (1) smaller than threshold (5)
INFO: [Synth 8-5544] ROM "Range1_all_ones_1_fu_526_p2" won't be mapped to Block RAM because address size (4) smaller than threshold (5)
INFO: [Synth 8-5544] ROM "Range1_all_ones_2_fu_653_p2" won't be mapped to Block RAM because address size (4) smaller than threshold (5)
INFO: [Synth 8-5544] ROM "Range1_all_ones_fu_399_p2" won't be mapped to Block RAM because address size (4) smaller than threshold (5)
INFO: [Synth 8-5544] ROM "Range1_all_zeros_1_fu_532_p2" won't be mapped to Block RAM because address size (4) smaller than threshold (5)
INFO: [Synth 8-5544] ROM "Range1_all_zeros_2_fu_659_p2" won't be mapped to Block RAM because address size (4) smaller than threshold (5)
INFO: [Synth 8-5544] ROM "Range1_all_zeros_fu_405_p2" won't be mapped to Block RAM because address size (4) smaller than threshold (5)
WARNING: [Synth 8-6014] Unused sequential element c1_c2_V_0_data_reg_reg was removed.  [d:/Ultra96_MT9V034_Basic/Ultra96_MT9V034_Basic.srcs/sources_1/bd/design_1/ipshared/88a1/hdl/verilog/color_convert.v:858]
WARNING: [Synth 8-6014] Unused sequential element c2_c2_V_0_data_reg_reg was removed.  [d:/Ultra96_MT9V034_Basic/Ultra96_MT9V034_Basic.srcs/sources_1/bd/design_1/ipshared/88a1/hdl/verilog/color_convert.v:876]
WARNING: [Synth 8-6014] Unused sequential element c3_c2_V_0_data_reg_reg was removed.  [d:/Ultra96_MT9V034_Basic/Ultra96_MT9V034_Basic.srcs/sources_1/bd/design_1/ipshared/88a1/hdl/verilog/color_convert.v:894]
---------------------------------------------------------------------------------------------------
                   State |                     New Encoding |                Previous Encoding 
---------------------------------------------------------------------------------------------------
                  iSTATE |                             0001 |                               11
*
                  WRIDLE |                             0010 |                               00
                  WRDATA |                             0100 |                               01
                  WRRESP |                             1000 |                               10
---------------------------------------------------------------------------------------------------
INFO: [Synth 8-3354] encoded FSM with state register 'wstate_reg' using encoding 'one-hot' in module 'color_convert_AXILiteS_s_axi'
---------------------------------------------------------------------------------------------------
                   State |                     New Encoding |                Previous Encoding 
---------------------------------------------------------------------------------------------------
                  iSTATE |                              001 |                               10
*
                  RDIDLE |                              010 |                               00
                  RDDATA |                              100 |                               01
---------------------------------------------------------------------------------------------------
INFO: [Synth 8-3354] encoded FSM with state register 'rstate_reg' using encoding 'one-hot' in module 'color_convert_AXILiteS_s_axi'
---------------------------------------------------------------------------------
Finished RTL Optimization Phase 2 : Time (s): cpu = 00:00:27 ; elapsed = 00:00:43 . Memory (MB): peak = 1419.359 ; gain = 546.211
---------------------------------------------------------------------------------

Report RTL Partitions: 
+-+--------------+------------+----------+
| |RTL Partition |Replication |Instances |
+-+--------------+------------+----------+
+-+--------------+------------+----------+
---------------------------------------------------------------------------------
Start RTL Component Statistics 
---------------------------------------------------------------------------------
Detailed RTL Component Info : 
+---Adders : 
	   2 Input     20 Bit       Adders := 3     
	   2 Input      8 Bit       Adders := 3     
+---XORs : 
	   2 Input      1 Bit         XORs := 12    
+---Registers : 
	               32 Bit    Registers := 1     
	               24 Bit    Registers := 4     
	               19 Bit    Registers := 3     
	               10 Bit    Registers := 30    
	                8 Bit    Registers := 4     
	                7 Bit    Registers := 1     
	                2 Bit    Registers := 6     
	                1 Bit    Registers := 38    
+---Muxes : 
	   2 Input     24 Bit        Muxes := 2     
	  13 Input     10 Bit        Muxes := 1     
	   2 Input      8 Bit        Muxes := 9     
	   4 Input      4 Bit        Muxes := 1     
	   2 Input      4 Bit        Muxes := 3     
	   3 Input      3 Bit        Muxes := 1     
	   2 Input      3 Bit        Muxes := 2     
	   2 Input      2 Bit        Muxes := 10    
	   4 Input      2 Bit        Muxes := 4     
	   3 Input      2 Bit        Muxes := 1     
	   2 Input      1 Bit        Muxes := 16    
	   3 Input      1 Bit        Muxes := 3     
---------------------------------------------------------------------------------
Finished RTL Component Statistics 
---------------------------------------------------------------------------------
---------------------------------------------------------------------------------
Start RTL Hierarchical Component Statistics 
---------------------------------------------------------------------------------
Hierarchical RTL Component report 
Module color_convert_AXILiteS_s_axi 
Detailed RTL Component Info : 
+---Registers : 
	               32 Bit    Registers := 1     
	               10 Bit    Registers := 12    
	                7 Bit    Registers := 1     
+---Muxes : 
	  13 Input     10 Bit        Muxes := 1     
	   4 Input      4 Bit        Muxes := 1     
	   2 Input      4 Bit        Muxes := 3     
	   3 Input      3 Bit        Muxes := 1     
	   2 Input      3 Bit        Muxes := 2     
Module color_convert 
Detailed RTL Component Info : 
+---Adders : 
	   2 Input     20 Bit       Adders := 3     
	   2 Input      8 Bit       Adders := 3     
+---XORs : 
	   2 Input      1 Bit         XORs := 12    
+---Registers : 
	               24 Bit    Registers := 4     
	               19 Bit    Registers := 3     
	               10 Bit    Registers := 18    
	                8 Bit    Registers := 4     
	                2 Bit    Registers := 6     
	                1 Bit    Registers := 38    
+---Muxes : 
	   2 Input     24 Bit        Muxes := 2     
	   2 Input      8 Bit        Muxes := 9     
	   2 Input      2 Bit        Muxes := 10    
	   4 Input      2 Bit        Muxes := 4     
	   3 Input      2 Bit        Muxes := 1     
	   2 Input      1 Bit        Muxes := 16    
	   3 Input      1 Bit        Muxes := 3     
---------------------------------------------------------------------------------
Finished RTL Hierarchical Component Statistics
---------------------------------------------------------------------------------
---------------------------------------------------------------------------------
Start Part Resource Summary
---------------------------------------------------------------------------------
Part Resources:
DSPs: 360 (col length:72)
BRAMs: 432 (col length: RAMB18 72 RAMB36 36)
---------------------------------------------------------------------------------
Finished Part Resource Summary
---------------------------------------------------------------------------------
---------------------------------------------------------------------------------
Start Cross Boundary and Area Optimization
---------------------------------------------------------------------------------
Warning: Parallel synthesis criteria is not met 
WARNING: [Synth 8-6014] Unused sequential element loc_V_2_reg_964_reg was removed.  [d:/Ultra96_MT9V034_Basic/Ultra96_MT9V034_Basic.srcs/sources_1/bd/design_1/ipshared/88a1/hdl/verilog/color_convert.v:832]
WARNING: [Synth 8-6014] Unused sequential element c1_c3_V_0_data_reg_reg was removed.  [d:/Ultra96_MT9V034_Basic/Ultra96_MT9V034_Basic.srcs/sources_1/bd/design_1/ipshared/88a1/hdl/verilog/color_convert.v:864]
WARNING: [Synth 8-6014] Unused sequential element c1_c3_V_read_reg_949_reg was removed.  [d:/Ultra96_MT9V034_Basic/Ultra96_MT9V034_Basic.srcs/sources_1/bd/design_1/ipshared/88a1/hdl/verilog/color_convert.v:521]
WARNING: [Synth 8-6014] Unused sequential element c2_c3_V_0_data_reg_reg was removed.  [d:/Ultra96_MT9V034_Basic/Ultra96_MT9V034_Basic.srcs/sources_1/bd/design_1/ipshared/88a1/hdl/verilog/color_convert.v:882]
WARNING: [Synth 8-6014] Unused sequential element c2_c3_V_read_reg_944_reg was removed.  [d:/Ultra96_MT9V034_Basic/Ultra96_MT9V034_Basic.srcs/sources_1/bd/design_1/ipshared/88a1/hdl/verilog/color_convert.v:535]
WARNING: [Synth 8-6014] Unused sequential element c3_c3_V_0_data_reg_reg was removed.  [d:/Ultra96_MT9V034_Basic/Ultra96_MT9V034_Basic.srcs/sources_1/bd/design_1/ipshared/88a1/hdl/verilog/color_convert.v:900]
WARNING: [Synth 8-6014] Unused sequential element c3_c3_V_read_reg_939_reg was removed.  [d:/Ultra96_MT9V034_Basic/Ultra96_MT9V034_Basic.srcs/sources_1/bd/design_1/ipshared/88a1/hdl/verilog/color_convert.v:549]
WARNING: [Synth 8-6014] Unused sequential element c1_c1_V_0_data_reg_reg was removed.  [d:/Ultra96_MT9V034_Basic/Ultra96_MT9V034_Basic.srcs/sources_1/bd/design_1/ipshared/88a1/hdl/verilog/color_convert.v:479]
WARNING: [Synth 8-6014] Unused sequential element c1_c2_V_0_data_reg_reg was removed.  [d:/Ultra96_MT9V034_Basic/Ultra96_MT9V034_Basic.srcs/sources_1/bd/design_1/ipshared/88a1/hdl/verilog/color_convert.v:858]
WARNING: [Synth 8-6014] Unused sequential element c2_c1_V_0_data_reg_reg was removed.  [d:/Ultra96_MT9V034_Basic/Ultra96_MT9V034_Basic.srcs/sources_1/bd/design_1/ipshared/88a1/hdl/verilog/color_convert.v:493]
WARNING: [Synth 8-6014] Unused sequential element c2_c2_V_0_data_reg_reg was removed.  [d:/Ultra96_MT9V034_Basic/Ultra96_MT9V034_Basic.srcs/sources_1/bd/design_1/ipshared/88a1/hdl/verilog/color_convert.v:876]
WARNING: [Synth 8-6014] Unused sequential element c3_c1_V_0_data_reg_reg was removed.  [d:/Ultra96_MT9V034_Basic/Ultra96_MT9V034_Basic.srcs/sources_1/bd/design_1/ipshared/88a1/hdl/verilog/color_convert.v:507]
WARNING: [Synth 8-6014] Unused sequential element c3_c2_V_0_data_reg_reg was removed.  [d:/Ultra96_MT9V034_Basic/Ultra96_MT9V034_Basic.srcs/sources_1/bd/design_1/ipshared/88a1/hdl/verilog/color_convert.v:894]
WARNING: [Synth 8-6014] Unused sequential element  was removed.  [d:/Ultra96_MT9V034_Basic/Ultra96_MT9V034_Basic.srcs/sources_1/bd/design_1/ipshared/88a1/hdl/verilog/color_convert_maccud.v:26]
WARNING: [Synth 8-6014] Unused sequential element  was removed.  [d:/Ultra96_MT9V034_Basic/Ultra96_MT9V034_Basic.srcs/sources_1/bd/design_1/ipshared/88a1/hdl/verilog/color_convert_maccud.v:26]
WARNING: [Synth 8-6014] Unused sequential element  was removed.  [d:/Ultra96_MT9V034_Basic/Ultra96_MT9V034_Basic.srcs/sources_1/bd/design_1/ipshared/88a1/hdl/verilog/color_convert_maccud.v:26]
DSP Report: Generating DSP p_Val2_1_fu_255_p2, operation Mode is: A2*B.
DSP Report: register c1_c2_V_0_data_reg_reg is absorbed into DSP p_Val2_1_fu_255_p2.
DSP Report: operator p_Val2_1_fu_255_p2 is absorbed into DSP p_Val2_1_fu_255_p2.
DSP Report: Generating DSP p_Val2_2_reg_969_reg, operation Mode is: (C+A2*B)'.
DSP Report: register c1_c1_V_0_data_reg_reg is absorbed into DSP p_Val2_2_reg_969_reg.
DSP Report: register p_Val2_2_reg_969_reg is absorbed into DSP p_Val2_2_reg_969_reg.
DSP Report: operator color_convert_macbkb_U1/color_convert_macbkb_DSP48_0_U/p is absorbed into DSP p_Val2_2_reg_969_reg.
DSP Report: operator color_convert_macbkb_U1/color_convert_macbkb_DSP48_0_U/m is absorbed into DSP p_Val2_2_reg_969_reg.
DSP Report: Generating DSP color_convert_maccud_U4/color_convert_maccud_DSP48_1_U/p, operation Mode is: C+A''*B2.
DSP Report: register B is absorbed into DSP color_convert_maccud_U4/color_convert_maccud_DSP48_1_U/p.
DSP Report: register c1_c3_V_0_data_reg_reg is absorbed into DSP color_convert_maccud_U4/color_convert_maccud_DSP48_1_U/p.
DSP Report: register c1_c3_V_read_reg_949_reg is absorbed into DSP color_convert_maccud_U4/color_convert_maccud_DSP48_1_U/p.
DSP Report: operator color_convert_maccud_U4/color_convert_maccud_DSP48_1_U/p is absorbed into DSP color_convert_maccud_U4/color_convert_maccud_DSP48_1_U/p.
DSP Report: operator color_convert_maccud_U4/color_convert_maccud_DSP48_1_U/m is absorbed into DSP color_convert_maccud_U4/color_convert_maccud_DSP48_1_U/p.
DSP Report: Generating DSP p_Val2_9_fu_273_p2, operation Mode is: A2*B.
DSP Report: register c2_c2_V_0_data_reg_reg is absorbed into DSP p_Val2_9_fu_273_p2.
DSP Report: operator p_Val2_9_fu_273_p2 is absorbed into DSP p_Val2_9_fu_273_p2.
DSP Report: Generating DSP p_Val2_11_reg_974_reg, operation Mode is: (C+A2*B)'.
DSP Report: register c2_c1_V_0_data_reg_reg is absorbed into DSP p_Val2_11_reg_974_reg.
DSP Report: register p_Val2_11_reg_974_reg is absorbed into DSP p_Val2_11_reg_974_reg.
DSP Report: operator color_convert_macbkb_U2/color_convert_macbkb_DSP48_0_U/p is absorbed into DSP p_Val2_11_reg_974_reg.
DSP Report: operator color_convert_macbkb_U2/color_convert_macbkb_DSP48_0_U/m is absorbed into DSP p_Val2_11_reg_974_reg.
DSP Report: Generating DSP color_convert_maccud_U5/color_convert_maccud_DSP48_1_U/p, operation Mode is: C+A''*B2.
DSP Report: register B is absorbed into DSP color_convert_maccud_U5/color_convert_maccud_DSP48_1_U/p.
DSP Report: register c2_c3_V_0_data_reg_reg is absorbed into DSP color_convert_maccud_U5/color_convert_maccud_DSP48_1_U/p.
DSP Report: register c2_c3_V_read_reg_944_reg is absorbed into DSP color_convert_maccud_U5/color_convert_maccud_DSP48_1_U/p.
DSP Report: operator color_convert_maccud_U5/color_convert_maccud_DSP48_1_U/p is absorbed into DSP color_convert_maccud_U5/color_convert_maccud_DSP48_1_U/p.
DSP Report: operator color_convert_maccud_U5/color_convert_maccud_DSP48_1_U/m is absorbed into DSP color_convert_maccud_U5/color_convert_maccud_DSP48_1_U/p.
DSP Report: Generating DSP p_Val2_16_fu_291_p2, operation Mode is: A2*B.
DSP Report: register c3_c2_V_0_data_reg_reg is absorbed into DSP p_Val2_16_fu_291_p2.
DSP Report: operator p_Val2_16_fu_291_p2 is absorbed into DSP p_Val2_16_fu_291_p2.
DSP Report: Generating DSP p_Val2_19_reg_979_reg, operation Mode is: (C+A2*B)'.
DSP Report: register c3_c1_V_0_data_reg_reg is absorbed into DSP p_Val2_19_reg_979_reg.
DSP Report: register p_Val2_19_reg_979_reg is absorbed into DSP p_Val2_19_reg_979_reg.
DSP Report: operator color_convert_macbkb_U3/color_convert_macbkb_DSP48_0_U/p is absorbed into DSP p_Val2_19_reg_979_reg.
DSP Report: operator color_convert_macbkb_U3/color_convert_macbkb_DSP48_0_U/m is absorbed into DSP p_Val2_19_reg_979_reg.
DSP Report: Generating DSP color_convert_maccud_U6/color_convert_maccud_DSP48_1_U/p, operation Mode is: C+A''*B2.
DSP Report: register B is absorbed into DSP color_convert_maccud_U6/color_convert_maccud_DSP48_1_U/p.
DSP Report: register c3_c3_V_0_data_reg_reg is absorbed into DSP color_convert_maccud_U6/color_convert_maccud_DSP48_1_U/p.
DSP Report: register c3_c3_V_read_reg_939_reg is absorbed into DSP color_convert_maccud_U6/color_convert_maccud_DSP48_1_U/p.
DSP Report: operator color_convert_maccud_U6/color_convert_maccud_DSP48_1_U/p is absorbed into DSP color_convert_maccud_U6/color_convert_maccud_DSP48_1_U/p.
DSP Report: operator color_convert_maccud_U6/color_convert_maccud_DSP48_1_U/m is absorbed into DSP color_convert_maccud_U6/color_convert_maccud_DSP48_1_U/p.
WARNING: [Synth 8-3331] design color_convert has unconnected port s_axi_AXILiteS_WDATA[31]
WARNING: [Synth 8-3331] design color_convert has unconnected port s_axi_AXILiteS_WDATA[30]
WARNING: [Synth 8-3331] design color_convert has unconnected port s_axi_AXILiteS_WDATA[29]
WARNING: [Synth 8-3331] design color_convert has unconnected port s_axi_AXILiteS_WDATA[28]
WARNING: [Synth 8-3331] design color_convert has unconnected port s_axi_AXILiteS_WDATA[27]
WARNING: [Synth 8-3331] design color_convert has unconnected port s_axi_AXILiteS_WDATA[26]
WARNING: [Synth 8-3331] design color_convert has unconnected port s_axi_AXILiteS_WDATA[25]
WARNING: [Synth 8-3331] design color_convert has unconnected port s_axi_AXILiteS_WDATA[24]
WARNING: [Synth 8-3331] design color_convert has unconnected port s_axi_AXILiteS_WDATA[23]
WARNING: [Synth 8-3331] design color_convert has unconnected port s_axi_AXILiteS_WDATA[22]
WARNING: [Synth 8-3331] design color_convert has unconnected port s_axi_AXILiteS_WDATA[21]
WARNING: [Synth 8-3331] design color_convert has unconnected port s_axi_AXILiteS_WDATA[20]
WARNING: [Synth 8-3331] design color_convert has unconnected port s_axi_AXILiteS_WDATA[19]
WARNING: [Synth 8-3331] design color_convert has unconnected port s_axi_AXILiteS_WDATA[18]
WARNING: [Synth 8-3331] design color_convert has unconnected port s_axi_AXILiteS_WDATA[17]
WARNING: [Synth 8-3331] design color_convert has unconnected port s_axi_AXILiteS_WDATA[16]
WARNING: [Synth 8-3331] design color_convert has unconnected port s_axi_AXILiteS_WDATA[15]
WARNING: [Synth 8-3331] design color_convert has unconnected port s_axi_AXILiteS_WDATA[14]
WARNING: [Synth 8-3331] design color_convert has unconnected port s_axi_AXILiteS_WDATA[13]
WARNING: [Synth 8-3331] design color_convert has unconnected port s_axi_AXILiteS_WDATA[12]
WARNING: [Synth 8-3331] design color_convert has unconnected port s_axi_AXILiteS_WDATA[11]
WARNING: [Synth 8-3331] design color_convert has unconnected port s_axi_AXILiteS_WDATA[10]
WARNING: [Synth 8-3331] design color_convert has unconnected port s_axi_AXILiteS_WSTRB[3]
WARNING: [Synth 8-3331] design color_convert has unconnected port s_axi_AXILiteS_WSTRB[2]
INFO: [Synth 8-3333] propagating constant 1 across sequential element (inst/\ap_CS_fsm_reg[0] )
INFO: [Synth 8-3886] merging instance 'inst/color_convert_AXILiteS_s_axi_U/rdata_reg[10]' (FDE) to 'inst/color_convert_AXILiteS_s_axi_U/rdata_reg[31]'
INFO: [Synth 8-3886] merging instance 'inst/color_convert_AXILiteS_s_axi_U/rdata_reg[11]' (FDE) to 'inst/color_convert_AXILiteS_s_axi_U/rdata_reg[31]'
INFO: [Synth 8-3886] merging instance 'inst/color_convert_AXILiteS_s_axi_U/rdata_reg[12]' (FDE) to 'inst/color_convert_AXILiteS_s_axi_U/rdata_reg[31]'
INFO: [Synth 8-3886] merging instance 'inst/color_convert_AXILiteS_s_axi_U/rdata_reg[13]' (FDE) to 'inst/color_convert_AXILiteS_s_axi_U/rdata_reg[31]'
INFO: [Synth 8-3886] merging instance 'inst/color_convert_AXILiteS_s_axi_U/rdata_reg[14]' (FDE) to 'inst/color_convert_AXILiteS_s_axi_U/rdata_reg[31]'
INFO: [Synth 8-3886] merging instance 'inst/color_convert_AXILiteS_s_axi_U/rdata_reg[15]' (FDE) to 'inst/color_convert_AXILiteS_s_axi_U/rdata_reg[31]'
INFO: [Synth 8-3886] merging instance 'inst/color_convert_AXILiteS_s_axi_U/rdata_reg[16]' (FDE) to 'inst/color_convert_AXILiteS_s_axi_U/rdata_reg[31]'
INFO: [Synth 8-3886] merging instance 'inst/color_convert_AXILiteS_s_axi_U/rdata_reg[17]' (FDE) to 'inst/color_convert_AXILiteS_s_axi_U/rdata_reg[31]'
INFO: [Synth 8-3886] merging instance 'inst/color_convert_AXILiteS_s_axi_U/rdata_reg[18]' (FDE) to 'inst/color_convert_AXILiteS_s_axi_U/rdata_reg[31]'
INFO: [Synth 8-3886] merging instance 'inst/color_convert_AXILiteS_s_axi_U/rdata_reg[19]' (FDE) to 'inst/color_convert_AXILiteS_s_axi_U/rdata_reg[31]'
INFO: [Synth 8-3886] merging instance 'inst/color_convert_AXILiteS_s_axi_U/rdata_reg[20]' (FDE) to 'inst/color_convert_AXILiteS_s_axi_U/rdata_reg[31]'
INFO: [Synth 8-3886] merging instance 'inst/color_convert_AXILiteS_s_axi_U/rdata_reg[21]' (FDE) to 'inst/color_convert_AXILiteS_s_axi_U/rdata_reg[31]'
INFO: [Synth 8-3886] merging instance 'inst/color_convert_AXILiteS_s_axi_U/rdata_reg[22]' (FDE) to 'inst/color_convert_AXILiteS_s_axi_U/rdata_reg[31]'
INFO: [Synth 8-3886] merging instance 'inst/color_convert_AXILiteS_s_axi_U/rdata_reg[23]' (FDE) to 'inst/color_convert_AXILiteS_s_axi_U/rdata_reg[31]'
INFO: [Synth 8-3886] merging instance 'inst/color_convert_AXILiteS_s_axi_U/rdata_reg[24]' (FDE) to 'inst/color_convert_AXILiteS_s_axi_U/rdata_reg[31]'
INFO: [Synth 8-3886] merging instance 'inst/color_convert_AXILiteS_s_axi_U/rdata_reg[25]' (FDE) to 'inst/color_convert_AXILiteS_s_axi_U/rdata_reg[31]'
INFO: [Synth 8-3886] merging instance 'inst/color_convert_AXILiteS_s_axi_U/rdata_reg[26]' (FDE) to 'inst/color_convert_AXILiteS_s_axi_U/rdata_reg[31]'
INFO: [Synth 8-3886] merging instance 'inst/color_convert_AXILiteS_s_axi_U/rdata_reg[27]' (FDE) to 'inst/color_convert_AXILiteS_s_axi_U/rdata_reg[31]'
INFO: [Synth 8-3886] merging instance 'inst/color_convert_AXILiteS_s_axi_U/rdata_reg[28]' (FDE) to 'inst/color_convert_AXILiteS_s_axi_U/rdata_reg[31]'
INFO: [Synth 8-3886] merging instance 'inst/color_convert_AXILiteS_s_axi_U/rdata_reg[29]' (FDE) to 'inst/color_convert_AXILiteS_s_axi_U/rdata_reg[31]'
INFO: [Synth 8-3886] merging instance 'inst/color_convert_AXILiteS_s_axi_U/rdata_reg[30]' (FDE) to 'inst/color_convert_AXILiteS_s_axi_U/rdata_reg[31]'
INFO: [Synth 8-3333] propagating constant 0 across sequential element (inst/\color_convert_AXILiteS_s_axi_U/rdata_reg[31] )
WARNING: [Synth 8-3332] Sequential element (color_convert_AXILiteS_s_axi_U/rdata_reg[31]) is unused and will be removed from module color_convert.
WARNING: [Synth 8-3332] Sequential element (ap_CS_fsm_reg[0]) is unused and will be removed from module color_convert.
---------------------------------------------------------------------------------
Finished Cross Boundary and Area Optimization : Time (s): cpu = 00:00:30 ; elapsed = 00:00:48 . Memory (MB): peak = 1419.359 ; gain = 546.211
---------------------------------------------------------------------------------
---------------------------------------------------------------------------------
Start ROM, RAM, DSP and Shift Register Reporting
---------------------------------------------------------------------------------

DSP: Preliminary Mapping  Report (see note below)
+--------------+-------------+--------+--------+--------+--------+--------+------+------+------+------+-------+------+------+
|Module Name   | DSP Mapping | A Size | B Size | C Size | D Size | P Size | AREG | BREG | CREG | DREG | ADREG | MREG | PREG | 
+--------------+-------------+--------+--------+--------+--------+--------+------+------+------+------+-------+------+------+
|color_convert | A2*B        | 10     | 9      | -      | -      | 19     | 1    | 0    | -    | -    | -     | 0    | 0    | 
|color_convert | (C+A2*B)'   | 10     | 9      | 18     | -      | 19     | 1    | 0    | 0    | -    | -     | 0    | 1    | 
|color_convert | C+A''*B2    | 10     | 9      | 19     | -      | 20     | 2    | 1    | 0    | -    | -     | 0    | 0    | 
|color_convert | A2*B        | 10     | 9      | -      | -      | 19     | 1    | 0    | -    | -    | -     | 0    | 0    | 
|color_convert | (C+A2*B)'   | 10     | 9      | 18     | -      | 19     | 1    | 0    | 0    | -    | -     | 0    | 1    | 
|color_convert | C+A''*B2    | 10     | 9      | 19     | -      | 20     | 2    | 1    | 0    | -    | -     | 0    | 0    | 
|color_convert | A2*B        | 10     | 9      | -      | -      | 19     | 1    | 0    | -    | -    | -     | 0    | 0    | 
|color_convert | (C+A2*B)'   | 10     | 9      | 18     | -      | 19     | 1    | 0    | 0    | -    | -     | 0    | 1    | 
|color_convert | C+A''*B2    | 10     | 9      | 19     | -      | 20     | 2    | 1    | 0    | -    | -     | 0    | 0    | 
+--------------+-------------+--------+--------+--------+--------+--------+------+------+------+------+-------+------+------+

Note: The table above is a preliminary report that shows the DSPs inferred at the current stage of the synthesis flow. Some DSP may be reimplemented as non DSP primitives later in the synthesis flow. Multiple instantiated DSPs are reported only once.
---------------------------------------------------------------------------------
Finished ROM, RAM, DSP and Shift Register Reporting
---------------------------------------------------------------------------------

Report RTL Partitions: 
+-+--------------+------------+----------+
| |RTL Partition |Replication |Instances |
+-+--------------+------------+----------+
+-+--------------+------------+----------+
---------------------------------------------------------------------------------
Start Applying XDC Timing Constraints
---------------------------------------------------------------------------------
---------------------------------------------------------------------------------
Finished Applying XDC Timing Constraints : Time (s): cpu = 00:00:53 ; elapsed = 00:01:22 . Memory (MB): peak = 1829.688 ; gain = 956.539
---------------------------------------------------------------------------------
---------------------------------------------------------------------------------
Start Timing Optimization
---------------------------------------------------------------------------------
---------------------------------------------------------------------------------
Finished Timing Optimization : Time (s): cpu = 00:00:54 ; elapsed = 00:01:23 . Memory (MB): peak = 1842.828 ; gain = 969.680
---------------------------------------------------------------------------------

Report RTL Partitions: 
+-+--------------+------------+----------+
| |RTL Partition |Replication |Instances |
+-+--------------+------------+----------+
+-+--------------+------------+----------+
---------------------------------------------------------------------------------
Start Technology Mapping
---------------------------------------------------------------------------------
---------------------------------------------------------------------------------
Finished Technology Mapping : Time (s): cpu = 00:00:55 ; elapsed = 00:01:25 . Memory (MB): peak = 1855.102 ; gain = 981.953
---------------------------------------------------------------------------------

Report RTL Partitions: 
+-+--------------+------------+----------+
| |RTL Partition |Replication |Instances |
+-+--------------+------------+----------+
+-+--------------+------------+----------+
---------------------------------------------------------------------------------
Start IO Insertion
---------------------------------------------------------------------------------
---------------------------------------------------------------------------------
Start Flattening Before IO Insertion
---------------------------------------------------------------------------------
---------------------------------------------------------------------------------
Finished Flattening Before IO Insertion
---------------------------------------------------------------------------------
---------------------------------------------------------------------------------
Start Final Netlist Cleanup
---------------------------------------------------------------------------------
---------------------------------------------------------------------------------
Finished Final Netlist Cleanup
---------------------------------------------------------------------------------
---------------------------------------------------------------------------------
Finished IO Insertion : Time (s): cpu = 00:00:57 ; elapsed = 00:01:27 . Memory (MB): peak = 1855.102 ; gain = 981.953
---------------------------------------------------------------------------------

Report Check Netlist: 
+------+------------------+-------+---------+-------+------------------+
|      |Item              |Errors |Warnings |Status |Description       |
+------+------------------+-------+---------+-------+------------------+
|1     |multi_driven_nets |      0|        0|Passed |Multi driven nets |
+------+------------------+-------+---------+-------+------------------+
---------------------------------------------------------------------------------
Start Renaming Generated Instances
---------------------------------------------------------------------------------
---------------------------------------------------------------------------------
Finished Renaming Generated Instances : Time (s): cpu = 00:00:57 ; elapsed = 00:01:27 . Memory (MB): peak = 1855.102 ; gain = 981.953
---------------------------------------------------------------------------------

Report RTL Partitions: 
+-+--------------+------------+----------+
| |RTL Partition |Replication |Instances |
+-+--------------+------------+----------+
+-+--------------+------------+----------+
---------------------------------------------------------------------------------
Start Rebuilding User Hierarchy
---------------------------------------------------------------------------------
---------------------------------------------------------------------------------
Finished Rebuilding User Hierarchy : Time (s): cpu = 00:00:57 ; elapsed = 00:01:27 . Memory (MB): peak = 1855.102 ; gain = 981.953
---------------------------------------------------------------------------------
---------------------------------------------------------------------------------
Start Renaming Generated Ports
---------------------------------------------------------------------------------
---------------------------------------------------------------------------------
Finished Renaming Generated Ports : Time (s): cpu = 00:00:57 ; elapsed = 00:01:27 . Memory (MB): peak = 1855.102 ; gain = 981.953
---------------------------------------------------------------------------------
---------------------------------------------------------------------------------
Start Handling Custom Attributes
---------------------------------------------------------------------------------
---------------------------------------------------------------------------------
Finished Handling Custom Attributes : Time (s): cpu = 00:00:57 ; elapsed = 00:01:27 . Memory (MB): peak = 1855.102 ; gain = 981.953
---------------------------------------------------------------------------------
---------------------------------------------------------------------------------
Start Renaming Generated Nets
---------------------------------------------------------------------------------
---------------------------------------------------------------------------------
Finished Renaming Generated Nets : Time (s): cpu = 00:00:57 ; elapsed = 00:01:27 . Memory (MB): peak = 1855.102 ; gain = 981.953
---------------------------------------------------------------------------------
---------------------------------------------------------------------------------
Start Writing Synthesis Report
---------------------------------------------------------------------------------

Report BlackBoxes: 
+-+--------------+----------+
| |BlackBox name |Instances |
+-+--------------+----------+
+-+--------------+----------+

Report Cell Usage: 
+------+----------------+------+
|      |Cell            |Count |
+------+----------------+------+
|1     |CARRY8          |     6|
|2     |DSP_ALU         |     9|
|3     |DSP_A_B_DATA    |     6|
|4     |DSP_A_B_DATA_1  |     3|
|5     |DSP_C_DATA      |     3|
|6     |DSP_C_DATA_1    |     6|
|7     |DSP_MULTIPLIER  |     9|
|8     |DSP_M_DATA      |     9|
|9     |DSP_OUTPUT      |     6|
|10    |DSP_OUTPUT_1    |     3|
|11    |DSP_PREADD      |     9|
|12    |DSP_PREADD_DATA |     9|
|13    |LUT1            |     5|
|14    |LUT2            |    45|
|15    |LUT3            |   195|
|16    |LUT4            |    57|
|17    |LUT5            |    61|
|18    |LUT6            |    15|
|19    |MUXF7           |    20|
|20    |MUXF8           |    10|
|21    |FDRE            |   371|
|22    |FDSE            |     2|
+------+----------------+------+

Report Instance Areas: 
+------+-------------------------------------+---------------------------------------------------------------------+------+
|      |Instance                             |Module                                                               |Cells |
+------+-------------------------------------+---------------------------------------------------------------------+------+
|1     |top                                  |                                                                     |   859|
|2     |  inst                               |color_convert                                                        |   859|
|3     |    p_Val2_1_fu_255_p2               |p_Val2_1_fu_255_p2_funnel                                            |     8|
|4     |    p_Val2_2_reg_969_reg             |p_Val2_2_reg_969_reg_funnel                                          |     8|
|5     |    p_Val2_9_fu_273_p2               |p_Val2_1_fu_255_p2_funnel__1                                         |     8|
|6     |    p_Val2_11_reg_974_reg            |p_Val2_2_reg_969_reg_funnel__1                                       |     8|
|7     |    p_Val2_16_fu_291_p2              |p_Val2_1_fu_255_p2_funnel__2                                         |     8|
|8     |    p_Val2_19_reg_979_reg            |p_Val2_2_reg_969_reg_funnel__2                                       |     8|
|9     |    color_convert_AXILiteS_s_axi_U   |color_convert_AXILiteS_s_axi                                         |   358|
|10    |    color_convert_maccud_U4          |color_convert_maccud                                                 |    35|
|11    |      color_convert_maccud_DSP48_1_U |color_convert_maccud_DSP48_1_3                                       |    35|
|12    |        p                            |\color_convert_maccud_U4/color_convert_maccud_DSP48_1_U/p_funnel     |     8|
|13    |    color_convert_maccud_U5          |color_convert_maccud_0                                               |    35|
|14    |      color_convert_maccud_DSP48_1_U |color_convert_maccud_DSP48_1_2                                       |    35|
|15    |        p                            |\color_convert_maccud_U4/color_convert_maccud_DSP48_1_U/p_funnel__1  |     8|
|16    |    color_convert_maccud_U6          |color_convert_maccud_1                                               |    45|
|17    |      color_convert_maccud_DSP48_1_U |color_convert_maccud_DSP48_1                                         |    45|
|18    |        p                            |\color_convert_maccud_U4/color_convert_maccud_DSP48_1_U/p_funnel__2  |     8|
+------+-------------------------------------+---------------------------------------------------------------------+------+
---------------------------------------------------------------------------------
Finished Writing Synthesis Report : Time (s): cpu = 00:00:57 ; elapsed = 00:01:27 . Memory (MB): peak = 1855.102 ; gain = 981.953
---------------------------------------------------------------------------------
Synthesis finished with 0 errors, 0 critical warnings and 45 warnings.
Synthesis Optimization Runtime : Time (s): cpu = 00:00:35 ; elapsed = 00:01:00 . Memory (MB): peak = 1855.102 ; gain = 435.742
Synthesis Optimization Complete : Time (s): cpu = 00:00:57 ; elapsed = 00:01:27 . Memory (MB): peak = 1855.102 ; gain = 981.953
INFO: [Project 1-571] Translating synthesized netlist
INFO: [Netlist 29-17] Analyzing 45 Unisim elements for replacement
INFO: [Netlist 29-28] Unisim Transformation completed in 0 CPU seconds
INFO: [Project 1-570] Preparing netlist for logic optimization
INFO: [Opt 31-138] Pushed 0 inverter(s) to 0 load pin(s).
INFO: [Project 1-111] Unisim Transformation Summary:
  A total of 9 instances were transformed.
  DSP48E2 => DSP48E2 (DSP_ALU, DSP_A_B_DATA, DSP_C_DATA, DSP_MULTIPLIER, DSP_M_DATA, DSP_OUTPUT, DSP_PREADD_DATA, DSP_PREADD): 9 instances

INFO: [Common 17-83] Releasing license: Synthesis
65 Infos, 84 Warnings, 0 Critical Warnings and 0 Errors encountered.
synth_design completed successfully
synth_design: Time (s): cpu = 00:01:01 ; elapsed = 00:01:35 . Memory (MB): peak = 1871.027 ; gain = 997.879
WARNING: [Constraints 18-5210] No constraint will be written out.
INFO: [Common 17-1381] The checkpoint 'D:/Ultra96_MT9V034_Basic/Ultra96_MT9V034_Basic.runs/design_1_color_convert_0_0_synth_1/design_1_color_convert_0_0.dcp' has been generated.
INFO: [Coretcl 2-1482] Added synthesis output to IP cache for IP d:/Ultra96_MT9V034_Basic/Ultra96_MT9V034_Basic.srcs/sources_1/bd/design_1/ip/design_1_color_convert_0_0/design_1_color_convert_0_0.xci
INFO: [Coretcl 2-1174] Renamed 8 cell refs.
WARNING: [Constraints 18-5210] No constraint will be written out.
INFO: [Common 17-1381] The checkpoint 'D:/Ultra96_MT9V034_Basic/Ultra96_MT9V034_Basic.runs/design_1_color_convert_0_0_synth_1/design_1_color_convert_0_0.dcp' has been generated.
INFO: [runtcl-4] Executing : report_utilization -file design_1_color_convert_0_0_utilization_synth.rpt -pb design_1_color_convert_0_0_utilization_synth.pb
report_utilization: Time (s): cpu = 00:00:00 ; elapsed = 00:00:00.122 . Memory (MB): peak = 1871.027 ; gain = 0.000
INFO: [Common 17-206] Exiting Vivado at Thu Jan  9 23:01:44 2020...
