==============================================================
File generated by Vivado(TM) HLS - High-Level Synthesis from C, C++ and SystemC
Version: 2018.2
Copyright (C) 1986-2018 Xilinx, Inc. All Rights Reserved.

==============================================================

==============================================================
File generated by Vivado(TM) HLS - High-Level Synthesis from C, C++ and SystemC
Version: 2018.2
Copyright (C) 1986-2018 Xilinx, Inc. All Rights Reserved.

==============================================================

INFO: [SYN 201-201] Setting up clock 'default' with a period of 7ns.
INFO: [SYN 201-201] Setting up clock 'control' with a period of 10ns.
INFO: [HLS 200-10] Setting target device to 'xc7z020clg400-1'
INFO: [HLS 200-10] Analyzing design file 'color_convert/color_convert.cpp' ... 
INFO: [HLS 200-111] Finished Linking Time (s): cpu = 00:00:02 ; elapsed = 00:00:19 . Memory (MB): peak = 106.488 ; gain = 49.211
INFO: [HLS 200-111] Finished Checking Pragmas Time (s): cpu = 00:00:02 ; elapsed = 00:00:19 . Memory (MB): peak = 106.488 ; gain = 49.211
INFO: [HLS 200-10] Starting code transformations ...
INFO: [XFORM 203-603] Inlining function 'ap_fixed_base<8, 0, false, (ap_q_mode)0, (ap_o_mode)0, 0>::quantization_adjust' into 'ap_fixed_base<8, 0, false, (ap_q_mode)0, (ap_o_mode)0, 0>::ap_fixed_base<21, 5, true, (ap_q_mode)5, (ap_o_mode)3, 0>' ().
INFO: [XFORM 203-603] Inlining function 'ap_fixed_base<8, 0, false, (ap_q_mode)0, (ap_o_mode)0, 0>::overflow_adjust' into 'ap_fixed_base<8, 0, false, (ap_q_mode)0, (ap_o_mode)0, 0>::ap_fixed_base<21, 5, true, (ap_q_mode)5, (ap_o_mode)3, 0>' ().
INFO: [HLS 200-111] Finished Standard Transforms Time (s): cpu = 00:00:02 ; elapsed = 00:00:22 . Memory (MB): peak = 115.992 ; gain = 58.715
INFO: [HLS 200-10] Checking synthesizability ...
INFO: [HLS 200-111] Finished Checking Synthesizability Time (s): cpu = 00:00:02 ; elapsed = 00:00:22 . Memory (MB): peak = 122.824 ; gain = 65.547
INFO: [XFORM 203-1101] Packing variable 'stream_out_24.data' (color_convert/color_convert.cpp:26) into a 24-bit variable.
INFO: [XFORM 203-1101] Packing variable 'stream_in_24.data' (color_convert/color_convert.cpp:26) into a 24-bit variable.
INFO: [XFORM 203-401] Performing if-conversion on hyperblock to (color_convert/color_convert.cpp:53:1) in function 'color_convert'... converting 19 basic blocks.
INFO: [HLS 200-111] Finished Pre-synthesis Time (s): cpu = 00:00:02 ; elapsed = 00:00:22 . Memory (MB): peak = 151.445 ; gain = 94.168
INFO: [HLS 200-111] Finished Architecture Synthesis Time (s): cpu = 00:00:03 ; elapsed = 00:00:22 . Memory (MB): peak = 154.602 ; gain = 97.324
INFO: [HLS 200-10] Starting hardware synthesis ...
INFO: [HLS 200-10] Synthesizing 'color_convert' ...
INFO: [HLS 200-10] ----------------------------------------------------------------
INFO: [HLS 200-42] -- Implementing module 'color_convert' 
INFO: [HLS 200-10] ----------------------------------------------------------------
INFO: [SCHED 204-11] Starting scheduling ...
INFO: [SCHED 204-61] Pipelining function 'color_convert'.
INFO: [SCHED 204-61] Pipelining result : Target II = 1, Final II = 1, Depth = 7.
WARNING: [SCHED 204-21] Estimated clock period (6.38ns) exceeds the target (target clock period: 7ns, clock uncertainty: 0.875ns, effective delay budget: 6.125ns).
WARNING: [SCHED 204-21] The critical path consists of the following:
	'mul' operation ('__Val2__', color_convert/color_convert.cpp:46) (3.36 ns)
	'add' operation ('__Val2__', color_convert/color_convert.cpp:46) (3.02 ns)
INFO: [SCHED 204-11] Finished scheduling.
INFO: [HLS 200-111]  Elapsed time: 22.817 seconds; current allocated memory: 102.733 MB.
INFO: [BIND 205-100] Starting micro-architecture generation ...
INFO: [BIND 205-101] Performing variable lifetime analysis.
INFO: [BIND 205-101] Exploring resource sharing.
INFO: [BIND 205-101] Binding ...
INFO: [BIND 205-100] Finished micro-architecture generation.
INFO: [HLS 200-111]  Elapsed time: 0.224 seconds; current allocated memory: 103.309 MB.
INFO: [HLS 200-10] ----------------------------------------------------------------
INFO: [HLS 200-10] -- Generating RTL for module 'color_convert' 
INFO: [HLS 200-10] ----------------------------------------------------------------
INFO: [RTGEN 206-500] Setting interface mode on port 'color_convert/stream_in_24_data' to 'axis' (register, both mode).
INFO: [RTGEN 206-500] Setting interface mode on port 'color_convert/stream_in_24_user_V' to 'axis' (register, both mode).
INFO: [RTGEN 206-500] Setting interface mode on port 'color_convert/stream_in_24_last_V' to 'axis' (register, both mode).
INFO: [RTGEN 206-500] Setting interface mode on port 'color_convert/stream_out_24_data' to 'axis' (register, both mode).
INFO: [RTGEN 206-500] Setting interface mode on port 'color_convert/stream_out_24_user_V' to 'axis' (register, both mode).
INFO: [RTGEN 206-500] Setting interface mode on port 'color_convert/stream_out_24_last_V' to 'axis' (register, both mode).
INFO: [RTGEN 206-500] Setting interface mode on port 'color_convert/c1_c1_V' to 's_axilite & ap_none' (register).
INFO: [RTGEN 206-500] Setting interface mode on port 'color_convert/c1_c2_V' to 's_axilite & ap_none' (register).
INFO: [RTGEN 206-500] Setting interface mode on port 'color_convert/c1_c3_V' to 's_axilite & ap_none' (register).
INFO: [RTGEN 206-500] Setting interface mode on port 'color_convert/c2_c1_V' to 's_axilite & ap_none' (register).
INFO: [RTGEN 206-500] Setting interface mode on port 'color_convert/c2_c2_V' to 's_axilite & ap_none' (register).
INFO: [RTGEN 206-500] Setting interface mode on port 'color_convert/c2_c3_V' to 's_axilite & ap_none' (register).
INFO: [RTGEN 206-500] Setting interface mode on port 'color_convert/c3_c1_V' to 's_axilite & ap_none' (register).
INFO: [RTGEN 206-500] Setting interface mode on port 'color_convert/c3_c2_V' to 's_axilite & ap_none' (register).
INFO: [RTGEN 206-500] Setting interface mode on port 'color_convert/c3_c3_V' to 's_axilite & ap_none' (register).
INFO: [RTGEN 206-500] Setting interface mode on port 'color_convert/bias_c1_V' to 's_axilite & ap_none' (register).
INFO: [RTGEN 206-500] Setting interface mode on port 'color_convert/bias_c2_V' to 's_axilite & ap_none' (register).
INFO: [RTGEN 206-500] Setting interface mode on port 'color_convert/bias_c3_V' to 's_axilite & ap_none' (register).
INFO: [RTGEN 206-500] Setting interface mode on function 'color_convert' to 'ap_ctrl_none'.
INFO: [RTGEN 206-100] Bundling port 'c1_c1_V', 'c1_c2_V', 'c1_c3_V', 'c2_c1_V', 'c2_c2_V', 'c2_c3_V', 'c3_c1_V', 'c3_c2_V', 'c3_c3_V', 'bias_c1_V', 'bias_c2_V' and 'bias_c3_V' to AXI-Lite port AXILiteS.
INFO: [RTGEN 206-100] Generated clock port 'control' for AXI-Lite bundle 'AXILiteS'.
INFO: [SYN 201-210] Renamed object name 'color_convert_mac_muladd_8ns_10s_18s_19_1_1' to 'color_convert_macbkb' due to the length limit 20
INFO: [SYN 201-210] Renamed object name 'color_convert_mac_muladd_8ns_10s_19s_20_1_1' to 'color_convert_maccud' due to the length limit 20
INFO: [RTGEN 206-100] Generating core module 'color_convert_macbkb': 3 instance(s).
INFO: [RTGEN 206-100] Generating core module 'color_convert_maccud': 3 instance(s).
INFO: [RTGEN 206-100] Finished creating RTL model for 'color_convert'.
INFO: [HLS 200-111]  Elapsed time: 0.372 seconds; current allocated memory: 105.091 MB.
INFO: [HLS 200-111] Finished generating all RTL models Time (s): cpu = 00:00:04 ; elapsed = 00:00:25 . Memory (MB): peak = 160.398 ; gain = 103.121
INFO: [SYSC 207-301] Generating SystemC RTL for color_convert.
INFO: [VHDL 208-304] Generating VHDL RTL for color_convert.
INFO: [VLOG 209-307] Generating Verilog RTL for color_convert.
INFO: [IMPL 213-8] Exporting RTL as a Vivado IP.
INFO: [HLS 200-112] Total elapsed time: 40.813 seconds; peak allocated memory: 105.091 MB.
INFO: [Common 17-206] Exiting vivado_hls at Fri May 17 06:00:29 2019...
==============================================================
File generated by Vivado(TM) HLS - High-Level Synthesis from C, C++ and SystemC
Version: 2018.2
Copyright (C) 1986-2018 Xilinx, Inc. All Rights Reserved.

==============================================================

INFO: [SYN 201-201] Setting up clock 'default' with a period of 7ns.
INFO: [SYN 201-201] Setting up clock 'control' with a period of 10ns.
INFO: [HLS 200-10] Setting target device to 'xczu3eg-sbva484-1-e'
INFO: [HLS 200-10] Analyzing design file 'color_convert/color_convert.cpp' ... 
INFO: [HLS 200-111] Finished Linking Time (s): cpu = 00:00:01 ; elapsed = 00:00:26 . Memory (MB): peak = 104.043 ; gain = 46.082
INFO: [HLS 200-111] Finished Checking Pragmas Time (s): cpu = 00:00:01 ; elapsed = 00:00:26 . Memory (MB): peak = 104.043 ; gain = 46.082
INFO: [HLS 200-10] Starting code transformations ...
INFO: [XFORM 203-603] Inlining function 'ap_fixed_base<8, 0, false, (ap_q_mode)0, (ap_o_mode)0, 0>::quantization_adjust' into 'ap_fixed_base<8, 0, false, (ap_q_mode)0, (ap_o_mode)0, 0>::ap_fixed_base<21, 5, true, (ap_q_mode)5, (ap_o_mode)3, 0>' ().
INFO: [XFORM 203-603] Inlining function 'ap_fixed_base<8, 0, false, (ap_q_mode)0, (ap_o_mode)0, 0>::overflow_adjust' into 'ap_fixed_base<8, 0, false, (ap_q_mode)0, (ap_o_mode)0, 0>::ap_fixed_base<21, 5, true, (ap_q_mode)5, (ap_o_mode)3, 0>' ().
INFO: [HLS 200-111] Finished Standard Transforms Time (s): cpu = 00:00:01 ; elapsed = 00:00:28 . Memory (MB): peak = 116.012 ; gain = 58.051
INFO: [HLS 200-10] Checking synthesizability ...
INFO: [HLS 200-111] Finished Checking Synthesizability Time (s): cpu = 00:00:01 ; elapsed = 00:00:29 . Memory (MB): peak = 123.422 ; gain = 65.461
INFO: [XFORM 203-1101] Packing variable 'stream_out_24.data' (color_convert/color_convert.cpp:26) into a 24-bit variable.
INFO: [XFORM 203-1101] Packing variable 'stream_in_24.data' (color_convert/color_convert.cpp:26) into a 24-bit variable.
INFO: [XFORM 203-401] Performing if-conversion on hyperblock to (color_convert/color_convert.cpp:53:1) in function 'color_convert'... converting 19 basic blocks.
INFO: [HLS 200-111] Finished Pre-synthesis Time (s): cpu = 00:00:01 ; elapsed = 00:00:29 . Memory (MB): peak = 151.855 ; gain = 93.895
INFO: [HLS 200-111] Finished Architecture Synthesis Time (s): cpu = 00:00:02 ; elapsed = 00:00:29 . Memory (MB): peak = 154.750 ; gain = 96.789
INFO: [HLS 200-10] Starting hardware synthesis ...
INFO: [HLS 200-10] Synthesizing 'color_convert' ...
INFO: [HLS 200-10] ----------------------------------------------------------------
INFO: [HLS 200-42] -- Implementing module 'color_convert' 
INFO: [HLS 200-10] ----------------------------------------------------------------
INFO: [SCHED 204-11] Starting scheduling ...
INFO: [SCHED 204-61] Pipelining function 'color_convert'.
INFO: [SCHED 204-61] Pipelining result : Target II = 1, Final II = 1, Depth = 5.
INFO: [SCHED 204-11] Finished scheduling.
INFO: [HLS 200-111]  Elapsed time: 29.69 seconds; current allocated memory: 102.776 MB.
INFO: [BIND 205-100] Starting micro-architecture generation ...
INFO: [BIND 205-101] Performing variable lifetime analysis.
INFO: [BIND 205-101] Exploring resource sharing.
INFO: [BIND 205-101] Binding ...
INFO: [BIND 205-100] Finished micro-architecture generation.
INFO: [HLS 200-111]  Elapsed time: 0.19 seconds; current allocated memory: 103.334 MB.
INFO: [HLS 200-10] ----------------------------------------------------------------
INFO: [HLS 200-10] -- Generating RTL for module 'color_convert' 
INFO: [HLS 200-10] ----------------------------------------------------------------
INFO: [RTGEN 206-500] Setting interface mode on port 'color_convert/stream_in_24_data' to 'axis' (register, both mode).
INFO: [RTGEN 206-500] Setting interface mode on port 'color_convert/stream_in_24_user_V' to 'axis' (register, both mode).
INFO: [RTGEN 206-500] Setting interface mode on port 'color_convert/stream_in_24_last_V' to 'axis' (register, both mode).
INFO: [RTGEN 206-500] Setting interface mode on port 'color_convert/stream_out_24_data' to 'axis' (register, both mode).
INFO: [RTGEN 206-500] Setting interface mode on port 'color_convert/stream_out_24_user_V' to 'axis' (register, both mode).
INFO: [RTGEN 206-500] Setting interface mode on port 'color_convert/stream_out_24_last_V' to 'axis' (register, both mode).
INFO: [RTGEN 206-500] Setting interface mode on port 'color_convert/c1_c1_V' to 's_axilite & ap_none' (register).
INFO: [RTGEN 206-500] Setting interface mode on port 'color_convert/c1_c2_V' to 's_axilite & ap_none' (register).
INFO: [RTGEN 206-500] Setting interface mode on port 'color_convert/c1_c3_V' to 's_axilite & ap_none' (register).
INFO: [RTGEN 206-500] Setting interface mode on port 'color_convert/c2_c1_V' to 's_axilite & ap_none' (register).
INFO: [RTGEN 206-500] Setting interface mode on port 'color_convert/c2_c2_V' to 's_axilite & ap_none' (register).
INFO: [RTGEN 206-500] Setting interface mode on port 'color_convert/c2_c3_V' to 's_axilite & ap_none' (register).
INFO: [RTGEN 206-500] Setting interface mode on port 'color_convert/c3_c1_V' to 's_axilite & ap_none' (register).
INFO: [RTGEN 206-500] Setting interface mode on port 'color_convert/c3_c2_V' to 's_axilite & ap_none' (register).
INFO: [RTGEN 206-500] Setting interface mode on port 'color_convert/c3_c3_V' to 's_axilite & ap_none' (register).
INFO: [RTGEN 206-500] Setting interface mode on port 'color_convert/bias_c1_V' to 's_axilite & ap_none' (register).
INFO: [RTGEN 206-500] Setting interface mode on port 'color_convert/bias_c2_V' to 's_axilite & ap_none' (register).
INFO: [RTGEN 206-500] Setting interface mode on port 'color_convert/bias_c3_V' to 's_axilite & ap_none' (register).
INFO: [RTGEN 206-500] Setting interface mode on function 'color_convert' to 'ap_ctrl_none'.
INFO: [RTGEN 206-100] Bundling port 'c1_c1_V', 'c1_c2_V', 'c1_c3_V', 'c2_c1_V', 'c2_c2_V', 'c2_c3_V', 'c3_c1_V', 'c3_c2_V', 'c3_c3_V', 'bias_c1_V', 'bias_c2_V' and 'bias_c3_V' to AXI-Lite port AXILiteS.
INFO: [RTGEN 206-100] Generated clock port 'control' for AXI-Lite bundle 'AXILiteS'.
INFO: [SYN 201-210] Renamed object name 'color_convert_mac_muladd_8ns_10s_18s_19_1_1' to 'color_convert_macbkb' due to the length limit 20
INFO: [SYN 201-210] Renamed object name 'color_convert_mac_muladd_8ns_10s_19s_20_1_1' to 'color_convert_maccud' due to the length limit 20
INFO: [RTGEN 206-100] Generating core module 'color_convert_macbkb': 3 instance(s).
INFO: [RTGEN 206-100] Generating core module 'color_convert_maccud': 3 instance(s).
INFO: [RTGEN 206-100] Finished creating RTL model for 'color_convert'.
INFO: [HLS 200-111]  Elapsed time: 0.403 seconds; current allocated memory: 105.084 MB.
INFO: [HLS 200-111] Finished generating all RTL models Time (s): cpu = 00:00:03 ; elapsed = 00:00:32 . Memory (MB): peak = 159.922 ; gain = 101.961
INFO: [SYSC 207-301] Generating SystemC RTL for color_convert.
INFO: [VHDL 208-304] Generating VHDL RTL for color_convert.
INFO: [VLOG 209-307] Generating Verilog RTL for color_convert.
INFO: [HLS 200-112] Total elapsed time: 32.498 seconds; peak allocated memory: 105.084 MB.
==============================================================
File generated by Vivado(TM) HLS - High-Level Synthesis from C, C++ and SystemC
Version: 2018.2
Copyright (C) 1986-2018 Xilinx, Inc. All Rights Reserved.

==============================================================

INFO: [SYN 201-201] Setting up clock 'default' with a period of 7ns.
INFO: [SYN 201-201] Setting up clock 'control' with a period of 10ns.
INFO: [HLS 200-10] Setting target device to 'xczu3eg-sbva484-1-e'
INFO: [IMPL 213-8] Exporting RTL as a Vivado IP.
